barnehagefakta.get - WARNING - Change in response for id=1020910, archiving old result
barnehagefakta.get - WARNING - Change in response for id=1025721, archiving old result
barnehagefakta - WARNING - Kindergarten "Alba Gruppen AS" https://nbr.udir.no/enhet/1025721, returned 404 at http://barnehagefakta.no/api/barnehage/1025721. The kindergarten is probably discontinued.
barnehagefakta.get - WARNING - Change in response for id=1020093, archiving old result
barnehagefakta.get - WARNING - Change in response for id=1017823, archiving old result
barnehagefakta.get - WARNING - Change in response for id=1016816, archiving old result
barnehagefakta.get - WARNING - Change in response for id=1014823, archiving old result
barnehagefakta.get - WARNING - Change in response for id=1020564, archiving old result
barnehagefakta.get - WARNING - Change in response for id=1020959, archiving old result
barnehagefakta.get - WARNING - Change in response for id=1022012, archiving old result
barnehagefakta.get - WARNING - Change in response for id=1016817, archiving old result
barnehagefakta.get - WARNING - Change in response for id=1022399, archiving old result
barnehagefakta.get - WARNING - Change in response for id=1025646, archiving old result
barnehagefakta.get - WARNING - Change in response for id=1016858, archiving old result
barnehagefakta.get - WARNING - Change in response for id=1020824, archiving old result
barnehagefakta.get - WARNING - Change in response for id=1020954, archiving old result
barnehagefakta.get - WARNING - Change in response for id=1022314, archiving old result
barnehagefakta.get - WARNING - Change in response for id=1021025, archiving old result
barnehagefakta.get - WARNING - Change in response for id=1015922, archiving old result
barnehagefakta.get - WARNING - Change in response for id=1020538, archiving old result
barnehagefakta.get - WARNING - Change in response for id=1018521, archiving old result
barnehagefakta.get - WARNING - Change in response for id=1021961, archiving old result
barnehagefakta.get - WARNING - Change in response for id=1013756, archiving old result
barnehagefakta.get - WARNING - Change in response for id=1020145, archiving old result
barnehagefakta.get - WARNING - Change in response for id=1016872, archiving old result
barnehagefakta.get - WARNING - Change in response for id=1016671, archiving old result
barnehagefakta.get - WARNING - Change in response for id=1020831, archiving old result
barnehagefakta.get - WARNING - Change in response for id=1019559, archiving old result
barnehagefakta - WARNING - Kindergarten "Brundalen Barnehager" https://nbr.udir.no/enhet/1019559, returned 404 at http://barnehagefakta.no/api/barnehage/1019559. The kindergarten is probably discontinued.
barnehagefakta.get - WARNING - Change in response for id=1013757, archiving old result
barnehagefakta.get - WARNING - Change in response for id=1017211, archiving old result
barnehagefakta.get - WARNING - Change in response for id=1016862, archiving old result
barnehagefakta.get - WARNING - Change in response for id=1016859, archiving old result
barnehagefakta.get - WARNING - Change in response for id=1016860, archiving old result
barnehagefakta.get - WARNING - Change in response for id=1021154, archiving old result
barnehagefakta.get - WARNING - Change in response for id=1016861, archiving old result
barnehagefakta.get - WARNING - Change in response for id=1016840, archiving old result
barnehagefakta - WARNING - The name from https://nbr.udir.no/enhet/1016840 differ from http://barnehagefakta.no/api/barnehage/1016840,"Dragvoll barnehage" != "Studentsamskipnaden i Gjøvik, Ålesund og Trondheim"
barnehagefakta.get - WARNING - Change in response for id=1025402, archiving old result
barnehagefakta.get - WARNING - Change in response for id=1022089, archiving old result
barnehagefakta.get - WARNING - Change in response for id=1021585, archiving old result
barnehagefakta.get - WARNING - Change in response for id=1021318, archiving old result
barnehagefakta.get - WARNING - Change in response for id=1019553, archiving old result
barnehagefakta - WARNING - Kindergarten "Elgeseter Barnehager" https://nbr.udir.no/enhet/1019553, returned 404 at http://barnehagefakta.no/api/barnehage/1019553. The kindergarten is probably discontinued.
barnehagefakta.get - WARNING - Change in response for id=1020634, archiving old result
barnehagefakta - WARNING - Kindergarten "Elin Theresa Næve Burkeland" https://nbr.udir.no/enhet/1020634, returned 404 at http://barnehagefakta.no/api/barnehage/1020634. The kindergarten is probably discontinued.
barnehagefakta.get - WARNING - Change in response for id=1021744, archiving old result
barnehagefakta - WARNING - Kindergarten "Elsterparken Familiebarnehage Lin Karin Stornes" https://nbr.udir.no/enhet/1021744, returned 404 at http://barnehagefakta.no/api/barnehage/1021744. The kindergarten is probably discontinued.
barnehagefakta.get - WARNING - Change in response for id=1020909, archiving old result
barnehagefakta.get - WARNING - Change in response for id=1022020, archiving old result
barnehagefakta.get - WARNING - Change in response for id=1017801, archiving old result
barnehagefakta.get - WARNING - Change in response for id=1017799, archiving old result
barnehagefakta.get - WARNING - Change in response for id=1021931, archiving old result
barnehagefakta - WARNING - Kindergarten "Flatås Tove Lisbeth Thorolvsen" https://nbr.udir.no/enhet/1021931, returned 404 at http://barnehagefakta.no/api/barnehage/1021931. The kindergarten is probably discontinued.
barnehagefakta.get - WARNING - Change in response for id=1025442, archiving old result
barnehagefakta - WARNING - Kindergarten "Flatåsen Barnehager" https://nbr.udir.no/enhet/1025442, returned 404 at http://barnehagefakta.no/api/barnehage/1025442. The kindergarten is probably discontinued.
barnehagefakta - WARNING - Kindergarten "Floridon Invest AS" https://nbr.udir.no/enhet/1022199, returned 404 at http://barnehagefakta.no/api/barnehage/1022199. The kindergarten is probably discontinued.
barnehagefakta.get - WARNING - Change in response for id=1022049, archiving old result
barnehagefakta.get - WARNING - Change in response for id=1020667, archiving old result
barnehagefakta.get - WARNING - Change in response for id=1021882, archiving old result
barnehagefakta.get - WARNING - Change in response for id=1018211, archiving old result
barnehagefakta.get - WARNING - Change in response for id=1019915, archiving old result
barnehagefakta.get - WARNING - Change in response for id=1021034, archiving old result
barnehagefakta.get - WARNING - Change in response for id=1022001, archiving old result
barnehagefakta.get - WARNING - Change in response for id=1017627, archiving old result
barnehagefakta.get - WARNING - Change in response for id=1016986, archiving old result
barnehagefakta.get - WARNING - Change in response for id=1022014, archiving old result
barnehagefakta.get - WARNING - Change in response for id=1017817, archiving old result
barnehagefakta.get - WARNING - Change in response for id=1021255, archiving old result
barnehagefakta.get - WARNING - Change in response for id=1015185, archiving old result
barnehagefakta.get - WARNING - Change in response for id=1021587, archiving old result
barnehagefakta.get - WARNING - Change in response for id=1021505, archiving old result
barnehagefakta.get - WARNING - Change in response for id=1021275, archiving old result
barnehagefakta.get - WARNING - Change in response for id=1020846, archiving old result
barnehagefakta.get - WARNING - Change in response for id=1021015, archiving old result
barnehagefakta.get - WARNING - Change in response for id=1020147, archiving old result
barnehagefakta.get - WARNING - Change in response for id=1021361, archiving old result
barnehagefakta.get - WARNING - Change in response for id=1021018, archiving old result
barnehagefakta.get - WARNING - Change in response for id=1022052, archiving old result
barnehagefakta.get - WARNING - Change in response for id=1019555, archiving old result
barnehagefakta - WARNING - Kindergarten "Haukvatnet Friluftsbarnehager" https://nbr.udir.no/enhet/1019555, returned 404 at http://barnehagefakta.no/api/barnehage/1019555. The kindergarten is probably discontinued.
barnehagefakta.get - WARNING - Change in response for id=1016733, archiving old result
barnehagefakta.get - WARNING - Change in response for id=1018212, archiving old result
barnehagefakta.get - WARNING - Change in response for id=1021840, archiving old result
barnehagefakta.get - WARNING - Change in response for id=1020416, archiving old result
barnehagefakta - WARNING - Kindergarten "Heimdal Kirke Åpent Lekested" https://nbr.udir.no/enhet/1020416, returned 404 at http://barnehagefakta.no/api/barnehage/1020416. The kindergarten is probably discontinued.
barnehagefakta.get - WARNING - Change in response for id=1021701, archiving old result
barnehagefakta.get - WARNING - Change in response for id=1021063, archiving old result
barnehagefakta - WARNING - Kindergarten "Hitraveien Familiebarnehage" https://nbr.udir.no/enhet/1021063, returned 404 at http://barnehagefakta.no/api/barnehage/1021063. The kindergarten is probably discontinued.
barnehagefakta.get - WARNING - Change in response for id=1015778, archiving old result
barnehagefakta.get - WARNING - Change in response for id=1021994, archiving old result
barnehagefakta - WARNING - Kindergarten "Hommelia Fus barnehage AS" https://nbr.udir.no/enhet/1021994, returned 404 at http://barnehagefakta.no/api/barnehage/1021994. The kindergarten is probably discontinued.
barnehagefakta.get - WARNING - Change in response for id=1021584, archiving old result
barnehagefakta.get - WARNING - Change in response for id=1020094, archiving old result
barnehagefakta.get - WARNING - Change in response for id=1018213, archiving old result
barnehagefakta.get - WARNING - Change in response for id=1020583, archiving old result
barnehagefakta.get - WARNING - Change in response for id=1017822, archiving old result
barnehagefakta.get - WARNING - Change in response for id=1016912, archiving old result
barnehagefakta.get - WARNING - Change in response for id=1017810, archiving old result
barnehagefakta.get - WARNING - Change in response for id=1017830, archiving old result
barnehagefakta.get - WARNING - Change in response for id=1021065, archiving old result
barnehagefakta.get - WARNING - Change in response for id=1020856, archiving old result
barnehagefakta.get - WARNING - Change in response for id=1017327, archiving old result
barnehagefakta.get - WARNING - Change in response for id=1020517, archiving old result
barnehagefakta.get - WARNING - Change in response for id=1015149, archiving old result
barnehagefakta.get - WARNING - Change in response for id=1021550, archiving old result
barnehagefakta.get - WARNING - Change in response for id=1017818, archiving old result
barnehagefakta.get - WARNING - Change in response for id=1018214, archiving old result
barnehagefakta.get - WARNING - Change in response for id=1017816, archiving old result
barnehagefakta.get - WARNING - Change in response for id=1021870, archiving old result
barnehagefakta.get - WARNING - Change in response for id=1016911, archiving old result
barnehagefakta.get - WARNING - Change in response for id=1014008, archiving old result
barnehagefakta.get - WARNING - Change in response for id=1014782, archiving old result
barnehagefakta.get - WARNING - Change in response for id=1016736, archiving old result
barnehagefakta.get - WARNING - Change in response for id=1013915, archiving old result
barnehagefakta.get - WARNING - Change in response for id=1021137, archiving old result
barnehagefakta.get - WARNING - Change in response for id=1022066, archiving old result
barnehagefakta.get - WARNING - Change in response for id=1022256, archiving old result
barnehagefakta.get - WARNING - Change in response for id=1018215, archiving old result
barnehagefakta.get - WARNING - Change in response for id=1013419, archiving old result
barnehagefakta.get - WARNING - Change in response for id=1016778, archiving old result
barnehagefakta.get - WARNING - Change in response for id=1017212, archiving old result
barnehagefakta.get - WARNING - Change in response for id=1019913, archiving old result
barnehagefakta.get - WARNING - Change in response for id=1021815, archiving old result
barnehagefakta.get - WARNING - Change in response for id=1017811, archiving old result
barnehagefakta.get - WARNING - Change in response for id=1020660, archiving old result
barnehagefakta.get - WARNING - Change in response for id=1025401, archiving old result
barnehagefakta.get - WARNING - Change in response for id=1017806, archiving old result
barnehagefakta.get - WARNING - Change in response for id=1017826, archiving old result
barnehagefakta.get - WARNING - Change in response for id=1021581, archiving old result
barnehagefakta.get - WARNING - Change in response for id=1021221, archiving old result
barnehagefakta.get - WARNING - Change in response for id=1021926, archiving old result
barnehagefakta - WARNING - Kindergarten "Lykkmarka Familiebarnehage Anita Berge" https://nbr.udir.no/enhet/1021926, returned 404 at http://barnehagefakta.no/api/barnehage/1021926. The kindergarten is probably discontinued.
barnehagefakta.get - WARNING - Change in response for id=1018216, archiving old result
barnehagefakta.get - WARNING - Change in response for id=1013557, archiving old result
barnehagefakta.get - WARNING - Change in response for id=1015117, archiving old result
barnehagefakta.get - WARNING - Change in response for id=1015120, archiving old result
barnehagefakta.get - WARNING - Change in response for id=1020330, archiving old result
barnehagefakta.get - WARNING - Change in response for id=1014781, archiving old result
barnehagefakta.get - WARNING - Change in response for id=1017741, archiving old result
barnehagefakta.get - WARNING - Change in response for id=1021108, archiving old result
barnehagefakta.get - WARNING - Change in response for id=1021375, archiving old result
barnehagefakta.get - WARNING - Change in response for id=1020150, archiving old result
barnehagefakta.get - WARNING - Change in response for id=1020884, archiving old result
barnehagefakta.get - WARNING - Change in response for id=1025398, archiving old result
barnehagefakta.get - WARNING - Change in response for id=1016818, archiving old result
barnehagefakta - WARNING - The name from https://nbr.udir.no/enhet/1016818 differ from http://barnehagefakta.no/api/barnehage/1016818,"Moholt barnehage" != "Studentsamskipnaden i Gjøvik, Ålesund og Trondheim"
barnehagefakta.get - WARNING - Change in response for id=1018606, archiving old result
barnehagefakta.get - WARNING - Change in response for id=1021969, archiving old result
barnehagefakta.get - WARNING - Change in response for id=1020095, archiving old result
barnehagefakta.get - WARNING - Change in response for id=1020501, archiving old result
barnehagefakta.get - WARNING - Change in response for id=1016910, archiving old result
barnehagefakta.get - WARNING - Change in response for id=1021564, archiving old result
barnehagefakta.get - WARNING - Change in response for id=1016737, archiving old result
barnehagefakta.get - WARNING - Change in response for id=1019558, archiving old result
barnehagefakta - WARNING - Kindergarten "Myra og Svalsberget Barnehager" https://nbr.udir.no/enhet/1019558, returned 404 at http://barnehagefakta.no/api/barnehage/1019558. The kindergarten is probably discontinued.
barnehagefakta.get - WARNING - Change in response for id=1018338, archiving old result
barnehagefakta.get - WARNING - Change in response for id=1018217, archiving old result
barnehagefakta.get - WARNING - Change in response for id=1018218, archiving old result
barnehagefakta.get - WARNING - Change in response for id=1014004, archiving old result
barnehagefakta - WARNING - 1014004, Unknown "eierform=Annet", fixme: consider using "erPrivatBarnehage=False"
barnehagefakta.get - WARNING - Change in response for id=1015950, archiving old result
barnehagefakta.get - WARNING - Change in response for id=1017798, archiving old result
barnehagefakta.get - WARNING - Change in response for id=1018587, archiving old result
barnehagefakta.get - WARNING - Change in response for id=1020823, archiving old result
barnehagefakta.get - WARNING - Change in response for id=1016843, archiving old result
barnehagefakta.get - WARNING - Change in response for id=1014899, archiving old result
barnehagefakta.get - WARNING - Change in response for id=1016819, archiving old result
barnehagefakta - WARNING - The name from https://nbr.udir.no/enhet/1016819 differ from http://barnehagefakta.no/api/barnehage/1016819,"Nissekollen barnehage" != "Studentsamskipnaden i Gjøvik, Ålesund og Trondheim"
barnehagefakta.get - WARNING - Change in response for id=1016780, archiving old result
barnehagefakta.get - WARNING - Change in response for id=1012523, archiving old result
barnehagefakta.get - WARNING - Change in response for id=1014900, archiving old result
barnehagefakta.get - WARNING - Change in response for id=1020735, archiving old result
barnehagefakta.get - WARNING - Change in response for id=1017802, archiving old result
barnehagefakta.get - WARNING - Change in response for id=1014732, archiving old result
barnehagefakta.get - WARNING - Change in response for id=1017812, archiving old result
barnehagefakta.get - WARNING - Change in response for id=1018219, archiving old result
barnehagefakta.get - WARNING - Change in response for id=1021353, archiving old result
barnehagefakta.get - WARNING - Change in response for id=1022231, archiving old result
barnehagefakta.get - WARNING - Change in response for id=1021112, archiving old result
barnehagefakta.get - WARNING - Change in response for id=1017829, archiving old result
barnehagefakta.get - WARNING - Change in response for id=1016824, archiving old result
barnehagefakta.get - WARNING - Change in response for id=1017819, archiving old result
barnehagefakta.get - WARNING - Change in response for id=1021745, archiving old result
barnehagefakta.get - WARNING - Change in response for id=1017820, archiving old result
barnehagefakta.get - WARNING - Change in response for id=1017821, archiving old result
barnehagefakta.get - WARNING - Change in response for id=1025562, archiving old result
barnehagefakta - WARNING - Kindergarten "Ravnkloa Åpen barnehage" https://nbr.udir.no/enhet/1025562, returned 404 at http://barnehagefakta.no/api/barnehage/1025562. The kindergarten is probably discontinued.
barnehagefakta.get - WARNING - Change in response for id=1016835, archiving old result
barnehagefakta.get - WARNING - Change in response for id=1018220, archiving old result
barnehagefakta.get - WARNING - Change in response for id=1020146, archiving old result
barnehagefakta.get - WARNING - Change in response for id=1018221, archiving old result
barnehagefakta.get - WARNING - Change in response for id=1018222, archiving old result
barnehagefakta.get - WARNING - Change in response for id=1012524, archiving old result
barnehagefakta.get - WARNING - Change in response for id=1018223, archiving old result
barnehagefakta.get - WARNING - Change in response for id=1022334, archiving old result
barnehagefakta.get - WARNING - Change in response for id=1020148, archiving old result
barnehagefakta - WARNING - Kindergarten "Rosenborg Barnehageforening" https://nbr.udir.no/enhet/1020148, returned 404 at http://barnehagefakta.no/api/barnehage/1020148. The kindergarten is probably discontinued.
barnehagefakta.get - WARNING - Change in response for id=1017803, archiving old result
barnehagefakta.get - WARNING - Change in response for id=1021010, archiving old result
barnehagefakta.get - WARNING - Change in response for id=1025412, archiving old result
barnehagefakta.get - WARNING - Change in response for id=1021282, archiving old result
barnehagefakta.get - WARNING - Change in response for id=1019732, archiving old result
barnehagefakta.get - WARNING - Change in response for id=1018432, archiving old result
barnehagefakta.get - WARNING - Change in response for id=1021406, archiving old result
barnehagefakta.get - WARNING - Change in response for id=1016306, archiving old result
barnehagefakta.get - WARNING - Change in response for id=1019552, archiving old result
barnehagefakta - WARNING - Kindergarten "Sentrum Barnehager" https://nbr.udir.no/enhet/1019552, returned 404 at http://barnehagefakta.no/api/barnehage/1019552. The kindergarten is probably discontinued.
barnehagefakta.get - WARNING - Change in response for id=1017323, archiving old result
barnehagefakta.get - WARNING - Change in response for id=1016842, archiving old result
barnehagefakta.get - WARNING - Change in response for id=1022080, archiving old result
barnehagefakta.get - WARNING - Change in response for id=1021143, archiving old result
barnehagefakta.get - WARNING - Change in response for id=1016909, archiving old result
barnehagefakta.get - WARNING - Change in response for id=1018224, archiving old result
barnehagefakta.get - WARNING - Change in response for id=1021925, archiving old result
barnehagefakta.get - WARNING - Change in response for id=1021857, archiving old result
barnehagefakta.get - WARNING - Change in response for id=1019836, archiving old result
barnehagefakta.get - WARNING - Change in response for id=1017808, archiving old result
barnehagefakta.get - WARNING - Change in response for id=1015948, archiving old result
barnehagefakta.get - WARNING - Change in response for id=1017215, archiving old result
barnehagefakta.get - WARNING - Change in response for id=1017048, archiving old result
barnehagefakta.get - WARNING - Change in response for id=1021677, archiving old result
barnehagefakta.get - WARNING - Change in response for id=1021714, archiving old result
barnehagefakta.get - WARNING - Change in response for id=1019873, archiving old result
barnehagefakta.get - WARNING - Change in response for id=1013901, archiving old result
barnehagefakta.get - WARNING - Change in response for id=1021911, archiving old result
barnehagefakta - WARNING - The name from https://nbr.udir.no/enhet/1021911 differ from http://barnehagefakta.no/api/barnehage/1021911,"Solplassen Familiebarnehage Cecilie Løkken" != "Solplassen Familiebarnehage Cecilie Johansen"
barnehagefakta.get - WARNING - Change in response for id=1020927, archiving old result
barnehagefakta.get - WARNING - Change in response for id=1021276, archiving old result
barnehagefakta.get - WARNING - Change in response for id=1020780, archiving old result
barnehagefakta.get - WARNING - Change in response for id=1021142, archiving old result
barnehagefakta.get - WARNING - Change in response for id=1017804, archiving old result
barnehagefakta.get - WARNING - Change in response for id=1016846, archiving old result
barnehagefakta.get - WARNING - Change in response for id=1021414, archiving old result
barnehagefakta - WARNING - Kindergarten "Stabbursmoen Familiebarnehage Da" https://nbr.udir.no/enhet/1021414, returned 404 at http://barnehagefakta.no/api/barnehage/1021414. The kindergarten is probably discontinued.
barnehagefakta.get - WARNING - Change in response for id=1021001, archiving old result
barnehagefakta.get - WARNING - Change in response for id=1020550, archiving old result
barnehagefakta.get - WARNING - Change in response for id=1021151, archiving old result
barnehagefakta.get - WARNING - Change in response for id=1021049, archiving old result
barnehagefakta.get - WARNING - Change in response for id=1020149, archiving old result
barnehagefakta.get - WARNING - Change in response for id=1020399, archiving old result
barnehagefakta.get - WARNING - Change in response for id=1020092, archiving old result
barnehagefakta.get - WARNING - Change in response for id=1021600, archiving old result
barnehagefakta.get - WARNING - Change in response for id=1021423, archiving old result
barnehagefakta - WARNING - Kindergarten "Stubban Familiebarnehage Marit Gjelvold" https://nbr.udir.no/enhet/1021423, returned 404 at http://barnehagefakta.no/api/barnehage/1021423. The kindergarten is probably discontinued.
barnehagefakta.get - WARNING - Change in response for id=1014733, archiving old result
barnehagefakta.get - WARNING - Change in response for id=1021841, archiving old result
barnehagefakta.get - WARNING - Change in response for id=1015158, archiving old result
barnehagefakta.get - WARNING - Change in response for id=1016958, archiving old result
barnehagefakta.get - WARNING - Change in response for id=1017330, archiving old result
barnehagefakta.get - WARNING - Change in response for id=1019614, archiving old result
barnehagefakta.get - WARNING - Change in response for id=1022201, archiving old result
barnehagefakta.get - WARNING - Change in response for id=1021872, archiving old result
barnehagefakta.get - WARNING - Change in response for id=1018225, archiving old result
barnehagefakta.get - WARNING - Change in response for id=1020725, archiving old result
barnehagefakta.get - WARNING - Change in response for id=1019551, archiving old result
barnehagefakta - WARNING - Kindergarten "Thyra Barnehager" https://nbr.udir.no/enhet/1019551, returned 404 at http://barnehagefakta.no/api/barnehage/1019551. The kindergarten is probably discontinued.
barnehagefakta.get - WARNING - Change in response for id=1020254, archiving old result
barnehagefakta.get - WARNING - Change in response for id=1016882, archiving old result
barnehagefakta.get - WARNING - Change in response for id=1020998, archiving old result
barnehagefakta.get - WARNING - Change in response for id=1016732, archiving old result
barnehagefakta.get - WARNING - Change in response for id=1020979, archiving old result
barnehagefakta.get - WARNING - Change in response for id=1013758, archiving old result
barnehagefakta.get - WARNING - Change in response for id=1022258, archiving old result
barnehagefakta.get - WARNING - Change in response for id=1017813, archiving old result
barnehagefakta.get - WARNING - Change in response for id=1013984, archiving old result
barnehagefakta.get - WARNING - Change in response for id=1018226, archiving old result
barnehagefakta.get - WARNING - Change in response for id=1014098, archiving old result
barnehagefakta.get - WARNING - Change in response for id=1021342, archiving old result
barnehagefakta.get - WARNING - Change in response for id=1021339, archiving old result
barnehagefakta.get - WARNING - Change in response for id=1021456, archiving old result
barnehagefakta - WARNING - Kindergarten "Tuppen og Lillemor Familiebarnehage Da" https://nbr.udir.no/enhet/1021456, returned 404 at http://barnehagefakta.no/api/barnehage/1021456. The kindergarten is probably discontinued.
barnehagefakta.get - WARNING - Change in response for id=1022162, archiving old result
barnehagefakta.get - WARNING - Change in response for id=1021183, archiving old result
barnehagefakta.get - WARNING - Change in response for id=1015982, archiving old result
barnehagefakta.get - WARNING - Change in response for id=1021265, archiving old result
barnehagefakta.get - WARNING - Change in response for id=1013985, archiving old result
barnehagefakta.get - WARNING - Change in response for id=1017216, archiving old result
barnehagefakta.get - WARNING - Change in response for id=1016933, archiving old result
barnehagefakta.get - WARNING - Change in response for id=1021250, archiving old result
barnehagefakta - WARNING - Kindergarten "Valentinlyst Familiebarnehage Britt Randi Bjøntegaard" https://nbr.udir.no/enhet/1021250, returned 404 at http://barnehagefakta.no/api/barnehage/1021250. The kindergarten is probably discontinued.
barnehagefakta.get - WARNING - Change in response for id=1016863, archiving old result
barnehagefakta - WARNING - Kindergarten "Varmbo Familiebarnehage" https://nbr.udir.no/enhet/1021136, returned 404 at http://barnehagefakta.no/api/barnehage/1021136. The kindergarten is probably discontinued.
barnehagefakta.get - WARNING - Change in response for id=1021252, archiving old result
barnehagefakta.get - WARNING - Change in response for id=1018227, archiving old result
barnehagefakta.get - WARNING - Change in response for id=1018228, archiving old result
barnehagefakta.get - WARNING - Change in response for id=1021304, archiving old result
barnehagefakta.get - WARNING - Change in response for id=1020270, archiving old result
barnehagefakta.get - WARNING - Change in response for id=1022009, archiving old result
barnehagefakta - WARNING - Kindergarten "Vikelva Familiebarnehage Line Berger" https://nbr.udir.no/enhet/1022009, returned 404 at http://barnehagefakta.no/api/barnehage/1022009. The kindergarten is probably discontinued.
barnehagefakta.get - WARNING - Change in response for id=1014783, archiving old result
barnehagefakta.get - WARNING - Change in response for id=1022308, archiving old result
barnehagefakta.get - WARNING - Change in response for id=1020887, archiving old result
barnehagefakta.get - WARNING - Change in response for id=1016908, archiving old result
barnehagefakta.get - WARNING - Change in response for id=1021971, archiving old result
barnehagefakta.get - WARNING - Change in response for id=1020091, archiving old result
barnehagefakta.get - WARNING - Change in response for id=1020377, archiving old result
barnehagefakta.get - WARNING - Change in response for id=1021251, archiving old result
barnehagefakta.get - WARNING - Change in response for id=1017328, archiving old result
barnehagefakta.get - WARNING - Change in response for id=1018210, archiving old result
barnehagefakta.get - WARNING - Change in response for id=1021071, archiving old result
barnehagefakta - WARNING - Kindergarten "Øvre Flatåsen Familiebarnehage" https://nbr.udir.no/enhet/1021071, returned 404 at http://barnehagefakta.no/api/barnehage/1021071. The kindergarten is probably discontinued.
barnehagefakta.get - WARNING - Change in response for id=1015184, archiving old result
barnehagefakta.get - WARNING - Change in response for id=1019511, archiving old result
barnehagefakta - WARNING - Kindergarten "Øvre Stokkan barnehage" https://nbr.udir.no/enhet/1019511, returned 404 at http://barnehagefakta.no/api/barnehage/1019511. The kindergarten is probably discontinued.
barnehagefakta.get - WARNING - Change in response for id=1016907, archiving old result
barnehagefakta.get - WARNING - Change in response for id=1017815, archiving old result
barnehagefakta.get - WARNING - Change in response for id=1013420, archiving old result
