barnehagefakta.get - WARNING - Change in response for id=973346628, archiving old result
barnehagefakta - WARNING - The name from https://nbr.udir.no/enhet/973346628 differ from http://barnehagefakta.no/api/barnehage/973346628,"b'Barnehagen Hundre Sa'" != "b'Barnehagen Hundre SA'"
barnehagefakta.get - WARNING - Change in response for id=973470434, archiving old result
barnehagefakta - WARNING - The name from https://nbr.udir.no/enhet/973470434 differ from http://barnehagefakta.no/api/barnehage/973470434,"b'Berg barnehage Sa'" != "b'Berg barnehage SA'"
barnehagefakta.get - WARNING - Change in response for id=989094335, archiving old result
barnehagefakta.get - WARNING - Change in response for id=974800152, archiving old result
barnehagefakta.get - WARNING - Change in response for id=974193612, archiving old result
barnehagefakta - WARNING - The name from https://nbr.udir.no/enhet/974193612 differ from http://barnehagefakta.no/api/barnehage/974193612,"b'Einerabben barnehage Sa'" != "b'Einerabben barnehage SA'"
barnehagefakta.get - WARNING - Change in response for id=990753695, archiving old result
barnehagefakta.get - WARNING - Change in response for id=989093541, archiving old result
barnehagefakta - WARNING - The name from https://nbr.udir.no/enhet/975044912 differ from http://barnehagefakta.no/api/barnehage/975044912,"b'Gimle Studentbarnehage'" != "b'Gimle Studentbarnehage 1 Samisk og 3 Norske Avdelinger'"
barnehagefakta.get - WARNING - Change in response for id=974566729, archiving old result
barnehagefakta - WARNING - The name from https://nbr.udir.no/enhet/974566729 differ from http://barnehagefakta.no/api/barnehage/974566729,"b'Guovssahas M\xc3\xa1n\xc3\xa1idg\xc3\xa1rdi (samisk Barnehage)'" != "b'Guovssahas M\xc3\xa1n\xc3\xa1idg\xc3\xa1rdi (Samisk Barnehage)'"
barnehagefakta.get - WARNING - Change in response for id=973595504, archiving old result
barnehagefakta.get - WARNING - Change in response for id=976081064, archiving old result
barnehagefakta - WARNING - The name from https://nbr.udir.no/enhet/976081064 differ from http://barnehagefakta.no/api/barnehage/976081064,"b'Karveslettlia barnehage Sa'" != "b'Karveslettlia barnehage SA'"
barnehagefakta.get - WARNING - Change in response for id=974566710, archiving old result
barnehagefakta.get - WARNING - Change in response for id=892287392, archiving old result
barnehagefakta.get - WARNING - Change in response for id=974566648, archiving old result
barnehagefakta.get - WARNING - Change in response for id=974566699, archiving old result
barnehagefakta.get - WARNING - Change in response for id=979368658, archiving old result
barnehagefakta.get - WARNING - Change in response for id=973229214, archiving old result
barnehagefakta - WARNING - The name from https://nbr.udir.no/enhet/913833864 differ from http://barnehagefakta.no/api/barnehage/913833864,"b'Marsveien barnehage'" != "b'Norlandia Marsvegen barnehage'"
barnehagefakta.get - WARNING - Change in response for id=974058073, archiving old result
barnehagefakta.get - WARNING - Change in response for id=921777752, archiving old result
barnehagefakta.get - WARNING - Change in response for id=979893965, archiving old result
barnehagefakta.get - WARNING - Change in response for id=979893957, archiving old result
barnehagefakta.get - WARNING - Change in response for id=973504096, archiving old result
barnehagefakta.get - WARNING - Change in response for id=979894007, archiving old result
barnehagefakta.get - WARNING - Change in response for id=972138487, archiving old result
barnehagefakta.get - WARNING - Change in response for id=974566753, archiving old result
barnehagefakta.get - WARNING - Change in response for id=988182443, archiving old result
barnehagefakta.get - WARNING - Change in response for id=974058081, archiving old result
barnehagefakta.get - WARNING - Change in response for id=891511612, archiving old result
barnehagefakta.get - WARNING - Change in response for id=988582468, archiving old result
barnehagefakta.get - WARNING - Change in response for id=974566737, archiving old result
barnehagefakta.get - WARNING - Change in response for id=974566745, archiving old result
barnehagefakta.get - WARNING - Change in response for id=992824727, archiving old result
barnehagefakta.get - WARNING - Change in response for id=921983751, archiving old result
barnehagefakta.get - WARNING - Change in response for id=997553152, archiving old result
barnehagefakta - WARNING - The name from https://nbr.udir.no/enhet/997553152 differ from http://barnehagefakta.no/api/barnehage/997553152,"b'Solstua Familiebarnehage'" != "b'Solstua familiebarnehage'"
barnehagefakta.get - WARNING - Change in response for id=989094874, archiving old result
barnehagefakta.get - WARNING - Change in response for id=988859680, archiving old result
barnehagefakta.get - WARNING - Change in response for id=974566672, archiving old result
barnehagefakta.get - WARNING - Change in response for id=973489631, archiving old result
barnehagefakta.get - WARNING - Change in response for id=996843254, archiving old result
barnehagefakta.get - WARNING - Change in response for id=985717656, archiving old result
barnehagefakta.get - WARNING - Change in response for id=975317242, archiving old result
barnehagefakta.get - WARNING - Change in response for id=989094688, archiving old result
barnehagefakta.get - WARNING - Change in response for id=916528426, archiving old result
barnehagefakta.get - WARNING - Change in response for id=972933228, archiving old result
barnehagefakta - WARNING - The name from https://nbr.udir.no/enhet/972933228 differ from http://barnehagefakta.no/api/barnehage/972933228,"b'Toftveien barnehage Sa'" != "b'Toftveien barnehage SA'"
barnehagefakta.get - WARNING - Change in response for id=993288012, archiving old result
barnehagefakta.get - WARNING - Change in response for id=874566632, archiving old result
barnehagefakta.get - WARNING - Change in response for id=975316785, archiving old result
barnehagefakta.get - WARNING - Change in response for id=974566702, archiving old result
barnehagefakta.get - WARNING - Change in response for id=973383221, archiving old result
barnehagefakta.get - WARNING - Change in response for id=993437158, archiving old result
barnehagefakta.get - WARNING - Change in response for id=873507802, archiving old result
barnehagefakta.get - WARNING - Change in response for id=973483463, archiving old result
barnehagefakta.get - WARNING - Change in response for id=988859745, archiving old result
barnehagefakta.get - WARNING - Change in response for id=995367637, archiving old result
