barnehagefakta.get - WARNING - Change in response for id=1016755, archiving old result
barnehagefakta - WARNING - Kindergarten "Barnas Hus barnehage Avdeling Bekkefaret Kirke" https://nbr.udir.no/enhet/1016755, returned 404 at http://barnehagefakta.no/api/barnehage/1016755. The kindergarten is probably discontinued.
barnehagefakta.get - WARNING - Change in response for id=1014723, archiving old result
barnehagefakta.get - WARNING - Change in response for id=1020165, archiving old result
barnehagefakta.get - WARNING - Change in response for id=1018536, archiving old result
barnehagefakta.get - WARNING - Change in response for id=1019942, archiving old result
barnehagefakta.get - WARNING - Change in response for id=1020865, archiving old result
barnehagefakta.get - WARNING - Change in response for id=1020585, archiving old result
barnehagefakta.get - WARNING - Change in response for id=1025916, archiving old result
barnehagefakta - WARNING - Kindergarten "Fun4kids" https://nbr.udir.no/enhet/1025916, returned 404 at http://barnehagefakta.no/api/barnehage/1025916. The kindergarten is probably discontinued.
barnehagefakta.get - WARNING - Change in response for id=1018599, archiving old result
barnehagefakta.get - WARNING - Change in response for id=1016758, archiving old result
barnehagefakta.get - WARNING - Change in response for id=1021384, archiving old result
barnehagefakta.get - WARNING - Change in response for id=1026492, archiving old result
barnehagefakta - WARNING - Kindergarten "Hertervigtunet barnehage" https://nbr.udir.no/enhet/1026492, returned 404 at http://barnehagefakta.no/api/barnehage/1026492. The kindergarten is probably discontinued.
barnehagefakta.get - WARNING - Change in response for id=1019919, archiving old result
barnehagefakta.get - WARNING - Change in response for id=1014267, archiving old result
barnehagefakta.get - WARNING - Change in response for id=1012949, archiving old result
barnehagefakta.get - WARNING - Change in response for id=1018541, archiving old result
barnehagefakta.get - WARNING - Change in response for id=1016195, archiving old result
barnehagefakta.get - WARNING - Change in response for id=1026445, archiving old result
barnehagefakta - WARNING - Kindergarten "Lassa barnehage AS" https://nbr.udir.no/enhet/1026445, returned 404 at http://barnehagefakta.no/api/barnehage/1026445. The kindergarten is probably discontinued.
barnehagefakta.get - WARNING - Change in response for id=1013987, archiving old result
barnehagefakta.get - WARNING - Change in response for id=1021035, archiving old result
barnehagefakta.get - WARNING - Change in response for id=1016175, archiving old result
barnehagefakta.get - WARNING - Change in response for id=1016189, archiving old result
barnehagefakta.get - WARNING - Change in response for id=1021302, archiving old result
barnehagefakta.get - WARNING - Change in response for id=1026337, archiving old result
barnehagefakta - WARNING - Kindergarten "Rognan Trollskogen barnehage AS" https://nbr.udir.no/enhet/1026337, returned 404 at http://barnehagefakta.no/api/barnehage/1026337. The kindergarten is probably discontinued.
barnehagefakta.get - WARNING - Change in response for id=1019857, archiving old result
barnehagefakta.get - WARNING - Change in response for id=1022002, archiving old result
barnehagefakta - WARNING - The name from https://nbr.udir.no/enhet/1022002 differ from http://barnehagefakta.no/api/barnehage/1022002,"Rødknappen AS" != "Espira Rødknappen AS"
barnehagefakta.get - WARNING - Change in response for id=1021234, archiving old result
barnehagefakta.get - WARNING - Change in response for id=1021235, archiving old result
barnehagefakta.get - WARNING - Change in response for id=1016176, archiving old result
barnehagefakta.get - WARNING - Change in response for id=1014120, archiving old result
barnehagefakta.get - WARNING - Change in response for id=1021659, archiving old result
barnehagefakta.get - WARNING - Change in response for id=1014268, archiving old result
barnehagefakta.get - WARNING - Change in response for id=1026043, archiving old result
barnehagefakta - WARNING - Kindergarten "Tastarustå barnehage AS" https://nbr.udir.no/enhet/1026043, returned 404 at http://barnehagefakta.no/api/barnehage/1026043. The kindergarten is probably discontinued.
barnehagefakta.get - WARNING - Change in response for id=1016074, archiving old result
barnehagefakta.get - WARNING - Change in response for id=1021735, archiving old result
barnehagefakta.get - WARNING - Change in response for id=1021781, archiving old result
barnehagefakta.get - WARNING - Change in response for id=1020240, archiving old result
barnehagefakta.get - WARNING - Change in response for id=1019940, archiving old result
