barnehagefakta.get - WARNING - Change in response for id=1017193, archiving old result
barnehagefakta.get - WARNING - Change in response for id=1021089, archiving old result
barnehagefakta.get - WARNING - Change in response for id=1021107, archiving old result
barnehagefakta - WARNING - Kindergarten "Borgheim Familiebarnehage Iren Kristiansen" https://nbr.udir.no/enhet/1021107, returned 404 at http://barnehagefakta.no/api/barnehage/1021107. The kindergarten is probably discontinued.
barnehagefakta.get - WARNING - Change in response for id=1020560, archiving old result
barnehagefakta.get - WARNING - Change in response for id=1021005, archiving old result
barnehagefakta.get - WARNING - Change in response for id=1018556, archiving old result
barnehagefakta - WARNING - Kindergarten "Fredrikstad Internasjonale Skole Avd Åpen Barnehage" https://nbr.udir.no/enhet/1018556, returned 404 at http://barnehagefakta.no/api/barnehage/1018556. The kindergarten is probably discontinued.
barnehagefakta.get - WARNING - Change in response for id=1025356, archiving old result
barnehagefakta.get - WARNING - Change in response for id=1020364, archiving old result
barnehagefakta.get - WARNING - Change in response for id=1015984, archiving old result
barnehagefakta.get - WARNING - Change in response for id=1012705, archiving old result
barnehagefakta.get - WARNING - Change in response for id=1012706, archiving old result
barnehagefakta.get - WARNING - Change in response for id=1013334, archiving old result
barnehagefakta - WARNING - Kindergarten "Lurvelegg barnehage Avd 2" https://nbr.udir.no/enhet/1013334, returned 404 at http://barnehagefakta.no/api/barnehage/1013334. The kindergarten is probably discontinued.
barnehagefakta.get - WARNING - Change in response for id=1015514, archiving old result
barnehagefakta.get - WARNING - Change in response for id=1016595, archiving old result
barnehagefakta.get - WARNING - Change in response for id=1016082, archiving old result
barnehagefakta.get - WARNING - Change in response for id=1016064, archiving old result
barnehagefakta.get - WARNING - Change in response for id=1015570, archiving old result
barnehagefakta.get - WARNING - Change in response for id=1016081, archiving old result
barnehagefakta.get - WARNING - Change in response for id=1021800, archiving old result
barnehagefakta.get - WARNING - Change in response for id=1021825, archiving old result
barnehagefakta.get - WARNING - Change in response for id=1021608, archiving old result
barnehagefakta.get - WARNING - Change in response for id=1012715, archiving old result
barnehagefakta.get - WARNING - Change in response for id=1021591, archiving old result
barnehagefakta.get - WARNING - Change in response for id=1021196, archiving old result
barnehagefakta.get - WARNING - Change in response for id=1021343, archiving old result
barnehagefakta.get - WARNING - Change in response for id=1012712, archiving old result
barnehagefakta.get - WARNING - Change in response for id=2000014, archiving old result
barnehagefakta.get - WARNING - Change in response for id=1026341, archiving old result
barnehagefakta - WARNING - Kindergarten "St Hans Fjellet barnehage" https://nbr.udir.no/enhet/1026341, returned 404 at http://barnehagefakta.no/api/barnehage/1026341. The kindergarten is probably discontinued.
barnehagefakta.get - WARNING - Change in response for id=1016369, archiving old result
barnehagefakta.get - WARNING - Change in response for id=1017699, archiving old result
barnehagefakta.get - WARNING - Change in response for id=1016092, archiving old result
barnehagefakta.get - WARNING - Change in response for id=1020222, archiving old result
barnehagefakta - WARNING - Kindergarten "Trollklubben Private Barnehagedrif V/helle Fauerskov Soos" https://nbr.udir.no/enhet/1020222, returned 404 at http://barnehagefakta.no/api/barnehage/1020222. The kindergarten is probably discontinued.
barnehagefakta.get - WARNING - Change in response for id=1012709, archiving old result
