barnehagefakta.get - WARNING - Change in response for id=1016624, archiving old result
barnehagefakta - WARNING - The name from https://nbr.udir.no/enhet/1016624 differ from http://barnehagefakta.no/api/barnehage/1016624,"Bergsåsen Barnehager Avd Bergseng" != "Nordhusan Barnehager Avd Bergseng"
barnehagefakta.get - WARNING - Change in response for id=1026066, archiving old result
barnehagefakta - WARNING - The name from https://nbr.udir.no/enhet/1026066 differ from http://barnehagefakta.no/api/barnehage/1026066,"Bergsåsen Barnehager Avd Ervik" != "Nordhusan Barnehager Avd Ervik"
barnehagefakta.get - WARNING - Change in response for id=1019961, archiving old result
barnehagefakta - WARNING - The name from https://nbr.udir.no/enhet/1019961 differ from http://barnehagefakta.no/api/barnehage/1019961,"Bygdestua barnehage Sa" != "Læringsverkstedet barnehage Avd Bygdestua"
barnehagefakta.get - WARNING - Change in response for id=1026594, archiving old result
barnehagefakta.get - WARNING - Change in response for id=1016621, archiving old result
barnehagefakta - WARNING - The name from https://nbr.udir.no/enhet/1016621 differ from http://barnehagefakta.no/api/barnehage/1016621,"Fargeklatten Barnehager Avd Barnely" != "Nordhusan Barnehager Avd Barnely"
barnehagefakta.get - WARNING - Change in response for id=1016620, archiving old result
barnehagefakta - WARNING - The name from https://nbr.udir.no/enhet/1016620 differ from http://barnehagefakta.no/api/barnehage/1016620,"Fargeklatten Barnehager Avd Hagebyen" != "Nordhusan Barnehager Avd Hagebyen"
barnehagefakta.get - WARNING - Change in response for id=1026101, archiving old result
barnehagefakta - WARNING - The name from https://nbr.udir.no/enhet/1026101 differ from http://barnehagefakta.no/api/barnehage/1026101,"Harstadåsen barnehage Avd Utsikten" != "Heggen Barnehager Avd Utsikten"
barnehagefakta.get - WARNING - Change in response for id=1025383, archiving old result
barnehagefakta - WARNING - The name from https://nbr.udir.no/enhet/1025383 differ from http://barnehagefakta.no/api/barnehage/1025383,"Hinnstein Barnehager Avd Breivika" != "Sørhusan Barnehager Avd Breivika"
barnehagefakta.get - WARNING - Change in response for id=1016628, archiving old result
barnehagefakta - WARNING - The name from https://nbr.udir.no/enhet/1016628 differ from http://barnehagefakta.no/api/barnehage/1016628,"Hinnstein Barnehager Avd Medkila" != "Sørhusan Barnehager Avd Medkila"
barnehagefakta.get - WARNING - Change in response for id=1021285, archiving old result
barnehagefakta.get - WARNING - Change in response for id=1016626, archiving old result
barnehagefakta - WARNING - The name from https://nbr.udir.no/enhet/1016626 differ from http://barnehagefakta.no/api/barnehage/1016626,"Sørvik Oppvekstsenter Avd Gausvik Barnehage" != "Sørhusan Barnehager Avd Gausvik"
barnehagefakta.get - WARNING - Change in response for id=1016627, archiving old result
barnehagefakta - WARNING - The name from https://nbr.udir.no/enhet/1016627 differ from http://barnehagefakta.no/api/barnehage/1016627,"Sørvik Oppvekstsenter Avd Sørvik barnehage" != "Sørhusan Barnehager Avd Sørvik"
