barnehagefakta.get - WARNING - Change in response for id=975317587, archiving old result
barnehagefakta.get - WARNING - Change in response for id=986948260, archiving old result
barnehagefakta.get - WARNING - Change in response for id=975028925, archiving old result
barnehagefakta.get - WARNING - Change in response for id=986767576, archiving old result
barnehagefakta - WARNING - The name from https://nbr.udir.no/enhet/986767576 differ from http://barnehagefakta.no/api/barnehage/986767576,"b'Gnisten barnehage Sa'" != "b'Gnisten barnehage SA'"
barnehagefakta.get - WARNING - Change in response for id=985314462, archiving old result
barnehagefakta - WARNING - The name from https://nbr.udir.no/enhet/985314462 differ from http://barnehagefakta.no/api/barnehage/985314462,"b'Hundremeterskogen barnehage Sa'" != "b'Hundremeterskogen barnehage SA'"
barnehagefakta.get - WARNING - Change in response for id=991796177, archiving old result
barnehagefakta.get - WARNING - Change in response for id=995535637, archiving old result
barnehagefakta.get - WARNING - Change in response for id=992810971, archiving old result
barnehagefakta.get - WARNING - Change in response for id=996968529, archiving old result
barnehagefakta.get - WARNING - Change in response for id=973382462, archiving old result
barnehagefakta - WARNING - The name from https://nbr.udir.no/enhet/973382462 differ from http://barnehagefakta.no/api/barnehage/973382462,"b'Maristua barnehage Sa'" != "b'Maristua barnehage SA'"
barnehagefakta.get - WARNING - Change in response for id=975301990, archiving old result
barnehagefakta.get - WARNING - Change in response for id=975302008, archiving old result
barnehagefakta.get - WARNING - Change in response for id=972333239, archiving old result
barnehagefakta.get - WARNING - Change in response for id=980529398, archiving old result
barnehagefakta - WARNING - The name from https://nbr.udir.no/enhet/980529398 differ from http://barnehagefakta.no/api/barnehage/980529398,"b'Steinr\xc3\xb8ysa Andelsbarnehage Sa'" != "b'Steinr\xc3\xb8ysa andelsbarnehage SA'"
barnehagefakta.get - WARNING - Change in response for id=975302024, archiving old result
barnehagefakta.get - WARNING - Change in response for id=975295737, archiving old result
