barnehagefakta.get - WARNING - Change in response for id=973337238, archiving old result
barnehagefakta.get - WARNING - Change in response for id=975309908, archiving old result
barnehagefakta.get - WARNING - Change in response for id=975321711, archiving old result
barnehagefakta.get - WARNING - Change in response for id=993400394, archiving old result
barnehagefakta.get - WARNING - Change in response for id=990129916, archiving old result
barnehagefakta.get - WARNING - Change in response for id=973168630, archiving old result
barnehagefakta.get - WARNING - Change in response for id=975309959, archiving old result
barnehagefakta.get - WARNING - Change in response for id=997010345, archiving old result
barnehagefakta - WARNING - The name from https://nbr.udir.no/enhet/997010345 differ from http://barnehagefakta.no/api/barnehage/997010345,"b'Naustdal Idrettsbarnehage AS'" != "b'Naustdal idrettsbarnehage AS'"
barnehagefakta.get - WARNING - Change in response for id=973458140, archiving old result
barnehagefakta.get - WARNING - Change in response for id=972239747, archiving old result
barnehagefakta.get - WARNING - Change in response for id=975309886, archiving old result
barnehagefakta.get - WARNING - Change in response for id=975309924, archiving old result
barnehagefakta.get - WARNING - Change in response for id=975309916, archiving old result
barnehagefakta.get - WARNING - Change in response for id=975144119, archiving old result
barnehagefakta - WARNING - The name from https://nbr.udir.no/enhet/973458116 differ from http://barnehagefakta.no/api/barnehage/973458116,"b'Stardalen barnehage Sa'" != "b'Stardalen barnehage SA'"
barnehagefakta.get - WARNING - Change in response for id=987128321, archiving old result
barnehagefakta.get - WARNING - Change in response for id=973489348, archiving old result
barnehagefakta - WARNING - The name from https://nbr.udir.no/enhet/973489348 differ from http://barnehagefakta.no/api/barnehage/973489348,"b'Vassenden barnehage Sa'" != "b'Vassenden barnehage SA'"
barnehagefakta.get - WARNING - Change in response for id=975309932, archiving old result
barnehagefakta.get - WARNING - Change in response for id=987973420, archiving old result
barnehagefakta - WARNING - The name from https://nbr.udir.no/enhet/987973420 differ from http://barnehagefakta.no/api/barnehage/987973420,"b'Vieb\xc3\xb8en barnehage Sa'" != "b'Vieb\xc3\xb8en barnehage SA'"
barnehagefakta.get - WARNING - Change in response for id=995667541, archiving old result
barnehagefakta - WARNING - The name from https://nbr.udir.no/enhet/973458124 differ from http://barnehagefakta.no/api/barnehage/973458124,"b'\xc3\x85lhus barnehage Sa'" != "b'\xc3\x85lhus barnehage SA'"
barnehagefakta.get - WARNING - Change in response for id=973458108, archiving old result
