barnehagefakta.get - WARNING - Change in response for id=974706512, archiving old result
barnehagefakta - WARNING - 974706512, Unknown "eierform=Annet", fixme: consider using "erPrivatBarnehage=False"
barnehagefakta - WARNING - The name from https://nbr.udir.no/enhet/974706512 differ from http://barnehagefakta.no/api/barnehage/974706512,"b'Ahus Nordbyhagen barnehage 1'" != "b'Ahus-Barnehagene Barnehage 1'"
barnehagefakta.get - WARNING - Change in response for id=986383670, archiving old result
barnehagefakta - WARNING - 986383670, Unknown "eierform=Annet", fixme: consider using "erPrivatBarnehage=False"
barnehagefakta.get - WARNING - Change in response for id=986383719, archiving old result
barnehagefakta - WARNING - 986383719, Unknown "eierform=Annet", fixme: consider using "erPrivatBarnehage=False"
barnehagefakta.get - WARNING - Change in response for id=986383778, archiving old result
barnehagefakta - WARNING - 986383778, Unknown "eierform=Annet", fixme: consider using "erPrivatBarnehage=False"
barnehagefakta.get - WARNING - Change in response for id=986383794, archiving old result
barnehagefakta - WARNING - 986383794, Unknown "eierform=Annet", fixme: consider using "erPrivatBarnehage=False"
barnehagefakta.get - WARNING - Change in response for id=988255947, archiving old result
barnehagefakta.get - WARNING - Change in response for id=980891186, archiving old result
barnehagefakta.get - WARNING - Change in response for id=925451193, archiving old result
barnehagefakta.get - WARNING - Change in response for id=992506652, archiving old result
barnehagefakta.get - WARNING - Change in response for id=991479996, archiving old result
barnehagefakta.get - WARNING - Change in response for id=975301850, archiving old result
barnehagefakta.get - WARNING - Change in response for id=975301869, archiving old result
barnehagefakta.get - WARNING - Change in response for id=921093713, archiving old result
barnehagefakta.get - WARNING - Change in response for id=975325938, archiving old result
barnehagefakta.get - WARNING - Change in response for id=918282203, archiving old result
barnehagefakta.get - WARNING - Change in response for id=975301877, archiving old result
barnehagefakta.get - WARNING - Change in response for id=990285098, archiving old result
barnehagefakta.get - WARNING - Change in response for id=995108186, archiving old result
barnehagefakta.get - WARNING - Change in response for id=995108178, archiving old result
barnehagefakta.get - WARNING - Change in response for id=975315487, archiving old result
barnehagefakta.get - WARNING - Change in response for id=975323080, archiving old result
barnehagefakta.get - WARNING - Change in response for id=995108410, archiving old result
barnehagefakta.get - WARNING - Change in response for id=975318222, archiving old result
barnehagefakta.get - WARNING - Change in response for id=987004436, archiving old result
barnehagefakta - WARNING - The name from https://nbr.udir.no/enhet/987004436 differ from http://barnehagefakta.no/api/barnehage/987004436,"b'Langgrunna Private Familiebarnehage'" != "b'Langgrunna private familiebarnehage'"
barnehagefakta.get - WARNING - Change in response for id=988957860, archiving old result
barnehagefakta.get - WARNING - Change in response for id=988345482, archiving old result
barnehagefakta - WARNING - The name from https://nbr.udir.no/enhet/988345482 differ from http://barnehagefakta.no/api/barnehage/988345482,"b'Luna Familiebarnehage Avdeling Fjellhamar'" != "b'Luna familiebarnehage Avdeling Fjellhamar'"
barnehagefakta.get - WARNING - Change in response for id=918340556, archiving old result
barnehagefakta - WARNING - The name from https://nbr.udir.no/enhet/918340556 differ from http://barnehagefakta.no/api/barnehage/918340556,"b'Luna Familiebarnehage Avdeling Sk\xc3\xa5rer'" != "b'Luna familiebarnehage Avdeling Sk\xc3\xa5rer'"
barnehagefakta.get - WARNING - Change in response for id=976344529, archiving old result
barnehagefakta.get - WARNING - Change in response for id=975301885, archiving old result
barnehagefakta.get - WARNING - Change in response for id=975301893, archiving old result
barnehagefakta.get - WARNING - Change in response for id=984230419, archiving old result
barnehagefakta.get - WARNING - Change in response for id=985828873, archiving old result
barnehagefakta.get - WARNING - Change in response for id=975301907, archiving old result
barnehagefakta.get - WARNING - Change in response for id=886009232, archiving old result
barnehagefakta.get - WARNING - Change in response for id=988317314, archiving old result
barnehagefakta.get - WARNING - Change in response for id=973346679, archiving old result
barnehagefakta - WARNING - The name from https://nbr.udir.no/enhet/973346679 differ from http://barnehagefakta.no/api/barnehage/973346679,"b'Sk\xc3\xa5rungen Barnehave Sa'" != "b'Sk\xc3\xa5rungen Barnehave SA'"
barnehagefakta.get - WARNING - Change in response for id=986707093, archiving old result
barnehagefakta.get - WARNING - Change in response for id=975301915, archiving old result
barnehagefakta.get - WARNING - Change in response for id=973464906, archiving old result
barnehagefakta.get - WARNING - Change in response for id=972773816, archiving old result
barnehagefakta.get - WARNING - Change in response for id=981525337, archiving old result
barnehagefakta - WARNING - The name from https://nbr.udir.no/enhet/981525337 differ from http://barnehagefakta.no/api/barnehage/981525337,"b'Takt og Tone AS'" != "b'Takt og Tone Dr\xc3\xb8mmehagen/ Vallerud musikkbarnehage'"
barnehagefakta.get - WARNING - Change in response for id=975301923, archiving old result
barnehagefakta.get - WARNING - Change in response for id=973484265, archiving old result
barnehagefakta - WARNING - The name from https://nbr.udir.no/enhet/973484265 differ from http://barnehagefakta.no/api/barnehage/973484265,"b'Vangen barnehage Sa'" != "b'Vangen barnehage SA'"
barnehagefakta.get - WARNING - Change in response for id=986567216, archiving old result
barnehagefakta.get - WARNING - Change in response for id=988267740, archiving old result
