barnehagefakta.get - WARNING - Change in response for id=916329725, archiving old result
barnehagefakta.get - WARNING - Change in response for id=974184338, archiving old result
barnehagefakta.get - WARNING - Change in response for id=890239412, archiving old result
barnehagefakta - WARNING - The name from https://nbr.udir.no/enhet/890239412 differ from http://barnehagefakta.no/api/barnehage/890239412,"b'Bukkene Bruse Familiebarnehage'" != "b'Bukkene Bruse familiebarnehage'"
barnehagefakta.get - WARNING - Change in response for id=973346164, archiving old result
barnehagefakta.get - WARNING - Change in response for id=975296563, archiving old result
barnehagefakta.get - WARNING - Change in response for id=982336244, archiving old result
barnehagefakta.get - WARNING - Change in response for id=973494600, archiving old result
barnehagefakta.get - WARNING - Change in response for id=991532099, archiving old result
barnehagefakta - WARNING - The name from https://nbr.udir.no/enhet/991532099 differ from http://barnehagefakta.no/api/barnehage/991532099,"b'Kippermoen Friluftsbarnehage AS'" != "b'Kippermoen friluftsbarnehage AS'"
barnehagefakta.get - WARNING - Change in response for id=979380763, archiving old result
barnehagefakta.get - WARNING - Change in response for id=975317854, archiving old result
barnehagefakta.get - WARNING - Change in response for id=973470167, archiving old result
barnehagefakta - WARNING - The name from https://nbr.udir.no/enhet/973470167 differ from http://barnehagefakta.no/api/barnehage/973470167,"b'Landbruksskolens barnehage Sa'" != "b'Landbruksskolens barnehage SA'"
barnehagefakta.get - WARNING - Change in response for id=990258651, archiving old result
barnehagefakta.get - WARNING - Change in response for id=973461575, archiving old result
barnehagefakta.get - WARNING - Change in response for id=989957341, archiving old result
barnehagefakta.get - WARNING - Change in response for id=975312577, archiving old result
barnehagefakta.get - WARNING - Change in response for id=872339892, archiving old result
barnehagefakta.get - WARNING - Change in response for id=990104964, archiving old result
barnehagefakta - WARNING - The name from https://nbr.udir.no/enhet/990104964 differ from http://barnehagefakta.no/api/barnehage/990104964,"b'Skaland Naturbarnehage AS'" != "b'Skaland naturbarnehage AS'"
barnehagefakta.get - WARNING - Change in response for id=975290956, archiving old result
barnehagefakta.get - WARNING - Change in response for id=972179353, archiving old result
