barnehagefakta.get - WARNING - Change in response for id=873274352, archiving old result
barnehagefakta.get - WARNING - Change in response for id=973483552, archiving old result
barnehagefakta.get - WARNING - Change in response for id=999609775, archiving old result
barnehagefakta - WARNING - The name from https://nbr.udir.no/enhet/999609775 differ from http://barnehagefakta.no/api/barnehage/999609775,"b'Dr\xc3\xb8mmevika Naturbarnehage AS'" != "b'Dr\xc3\xb8mmevika naturbarnehage AS'"
barnehagefakta.get - WARNING - Change in response for id=914979269, archiving old result
barnehagefakta.get - WARNING - Change in response for id=992206365, archiving old result
barnehagefakta - WARNING - The name from https://nbr.udir.no/enhet/990847924 differ from http://barnehagefakta.no/api/barnehage/990847924,"b'Jobbklar Utvikling AS Avd Moltemyrskogen barnehage'" != "b'Jobbklar Avd Moltemyrskogen barnehage'"
barnehagefakta.get - WARNING - Change in response for id=982116619, archiving old result
barnehagefakta.get - WARNING - Change in response for id=917025495, archiving old result
barnehagefakta.get - WARNING - Change in response for id=988841641, archiving old result
barnehagefakta - WARNING - The name from https://nbr.udir.no/enhet/988841641 differ from http://barnehagefakta.no/api/barnehage/988841641,"b'L\xc3\xa6ringsverkstedet barnehage Avd Helsviga Naturbarnehage'" != "b'L\xc3\xa6ringsverkstedet barnehage Avd Helsviga naturbarnehage'"
barnehagefakta.get - WARNING - Change in response for id=995063204, archiving old result
barnehagefakta - WARNING - The name from https://nbr.udir.no/enhet/995063204 differ from http://barnehagefakta.no/api/barnehage/995063204,"b'L\xc3\xa6ringsverkstedet barnehage Longum Naturbarnehage'" != "b'L\xc3\xa6ringsverkstedet barnehage Longum naturbarnehage'"
barnehagefakta - WARNING - The name from https://nbr.udir.no/enhet/997541359 differ from http://barnehagefakta.no/api/barnehage/997541359,"b'L\xc3\xa6ringsverkstedet barnehage Avd Eydehavn Naturbarnehage'" != "b'L\xc3\xa6ringsverkstedet barnehage Avd Eydehavn naturbarnehage'"
barnehagefakta.get - WARNING - Change in response for id=999019102, archiving old result
barnehagefakta - WARNING - The name from https://nbr.udir.no/enhet/999019102 differ from http://barnehagefakta.no/api/barnehage/999019102,"b'L\xc3\xa6ringsverkstedet barnehage Slaabervig Naturbarnehage'" != "b'L\xc3\xa6ringsverkstedet barnehage Slaabervig naturbarnehage'"
barnehagefakta.get - WARNING - Change in response for id=890941532, archiving old result
barnehagefakta.get - WARNING - Change in response for id=985796718, archiving old result
barnehagefakta.get - WARNING - Change in response for id=979164602, archiving old result
barnehagefakta.get - WARNING - Change in response for id=988632260, archiving old result
barnehagefakta - WARNING - The name from https://nbr.udir.no/enhet/988632260 differ from http://barnehagefakta.no/api/barnehage/988632260,"b'Skare Familiebarnehage AS'" != "b'Skare familiebarnehage AS'"
barnehagefakta.get - WARNING - Change in response for id=890427472, archiving old result
barnehagefakta.get - WARNING - Change in response for id=984729235, archiving old result
barnehagefakta.get - WARNING - Change in response for id=999439004, archiving old result
barnehagefakta.get - WARNING - Change in response for id=975266761, archiving old result
barnehagefakta.get - WARNING - Change in response for id=976498275, archiving old result
