barnehagefakta.get - WARNING - Change in response for id=916173180, archiving old result
barnehagefakta.get - WARNING - Change in response for id=974739259, archiving old result
barnehagefakta.get - WARNING - Change in response for id=974739208, archiving old result
barnehagefakta.get - WARNING - Change in response for id=975217604, archiving old result
barnehagefakta.get - WARNING - Change in response for id=988290211, archiving old result
barnehagefakta.get - WARNING - Change in response for id=997458435, archiving old result
barnehagefakta - WARNING - The name from https://nbr.udir.no/enhet/997458435 differ from http://barnehagefakta.no/api/barnehage/997458435,"b'Eventus Eventyrdalen barnehage AS'" != "b'Eventus Eventyrdalen barnehage AS Friluftsliv'"
barnehagefakta.get - WARNING - Change in response for id=991380507, archiving old result
barnehagefakta - WARNING - The name from https://nbr.udir.no/enhet/991380507 differ from http://barnehagefakta.no/api/barnehage/991380507,"b'Eventus Kvernsl\xc3\xa5tten barnehage AS'" != "b'Eventus Kvernsl\xc3\xa5tten barnehage AS Friluftsliv'"
barnehagefakta.get - WARNING - Change in response for id=913085582, archiving old result
barnehagefakta - WARNING - The name from https://nbr.udir.no/enhet/913085582 differ from http://barnehagefakta.no/api/barnehage/913085582,"b'Eventus Midtun barnehage AS'" != "b'Eventus Midtun barnehage AS Friluftsliv'"
barnehagefakta.get - WARNING - Change in response for id=976219414, archiving old result
barnehagefakta - WARNING - The name from https://nbr.udir.no/enhet/976219414 differ from http://barnehagefakta.no/api/barnehage/976219414,"b'Eventus Tiriltoppen barnehage AS'" != "b'Eventus Tiriltoppen barnehage AS Friluftsliv'"
barnehagefakta.get - WARNING - Change in response for id=991469559, archiving old result
barnehagefakta.get - WARNING - Change in response for id=974739275, archiving old result
barnehagefakta.get - WARNING - Change in response for id=874880752, archiving old result
barnehagefakta.get - WARNING - Change in response for id=976735617, archiving old result
barnehagefakta - WARNING - 979468105, Unknown "eierform=Annet", fixme: consider using "erPrivatBarnehage=False"
barnehagefakta - WARNING - 975315096, Unknown "eierform=Annet", fixme: consider using "erPrivatBarnehage=False"
barnehagefakta - WARNING - 975315258, Unknown "eierform=Annet", fixme: consider using "erPrivatBarnehage=False"
barnehagefakta - WARNING - 974737760, Unknown "eierform=Annet", fixme: consider using "erPrivatBarnehage=False"
barnehagefakta.get - WARNING - Change in response for id=974739151, archiving old result
barnehagefakta.get - WARNING - Change in response for id=980238636, archiving old result
barnehagefakta.get - WARNING - Change in response for id=973456075, archiving old result
barnehagefakta.get - WARNING - Change in response for id=991648682, archiving old result
barnehagefakta.get - WARNING - Change in response for id=918305270, archiving old result
barnehagefakta - WARNING - The name from https://nbr.udir.no/enhet/990664048 differ from http://barnehagefakta.no/api/barnehage/990664048,"b'Nlm-Barnehage Hordvik AS'" != "b'Preg barnehager Hordvik AS'"
barnehagefakta - WARNING - The name from https://nbr.udir.no/enhet/975183149 differ from http://barnehagefakta.no/api/barnehage/975183149,"b'Nlm-Barnehage Solgl\xc3\xb8tt AS'" != "b'Preg barnehager Lyngb\xc3\xb8 AS'"
barnehagefakta.get - WARNING - Change in response for id=975907910, archiving old result
barnehagefakta.get - WARNING - Change in response for id=983878008, archiving old result
barnehagefakta.get - WARNING - Change in response for id=979082088, archiving old result
barnehagefakta.get - WARNING - Change in response for id=926237144, archiving old result
barnehagefakta.get - WARNING - Change in response for id=982708621, archiving old result
barnehagefakta.get - WARNING - Change in response for id=974739321, archiving old result
barnehagefakta.get - WARNING - Change in response for id=983616429, archiving old result
barnehagefakta.get - WARNING - Change in response for id=991650067, archiving old result
