barnehagefakta.get - WARNING - Change in response for id=973470264, archiving old result
barnehagefakta.get - WARNING - Change in response for id=972290807, archiving old result
barnehagefakta - WARNING - The name from https://nbr.udir.no/enhet/972290807 differ from http://barnehagefakta.no/api/barnehage/972290807,"b'Brattv\xc3\xa5g barnehage Sa'" != "b'Brattv\xc3\xa5g barnehage SA'"
barnehagefakta.get - WARNING - Change in response for id=986517642, archiving old result
barnehagefakta.get - WARNING - Change in response for id=992710578, archiving old result
barnehagefakta.get - WARNING - Change in response for id=976974395, archiving old result
barnehagefakta.get - WARNING - Change in response for id=975048179, archiving old result
barnehagefakta.get - WARNING - Change in response for id=992820322, archiving old result
barnehagefakta.get - WARNING - Change in response for id=975310213, archiving old result
barnehagefakta.get - WARNING - Change in response for id=893193952, archiving old result
barnehagefakta - WARNING - The name from https://nbr.udir.no/enhet/893193952 differ from http://barnehagefakta.no/api/barnehage/893193952,"b'Gnist Barnehager Flisnes AS'" != "b'Gnist barnehager Flisnes AS'"
barnehagefakta.get - WARNING - Change in response for id=989543482, archiving old result
barnehagefakta - WARNING - The name from https://nbr.udir.no/enhet/989543482 differ from http://barnehagefakta.no/api/barnehage/989543482,"b'Gnist Barnehager Hessa AS'" != "b'Gnist barnehager Hessa AS'"
barnehagefakta.get - WARNING - Change in response for id=988009180, archiving old result
barnehagefakta - WARNING - The name from https://nbr.udir.no/enhet/988009180 differ from http://barnehagefakta.no/api/barnehage/988009180,"b'Gnist Barnehager H\xc3\xb8gvoll AS'" != "b'Gnist barnehager H\xc3\xb8gvoll AS'"
barnehagefakta.get - WARNING - Change in response for id=995737329, archiving old result
barnehagefakta - WARNING - The name from https://nbr.udir.no/enhet/995737329 differ from http://barnehagefakta.no/api/barnehage/995737329,"b'Gnist Barnehager Ratvika'" != "b'Gnist barnehager Ratvika'"
barnehagefakta.get - WARNING - Change in response for id=921682433, archiving old result
barnehagefakta.get - WARNING - Change in response for id=975310582, archiving old result
barnehagefakta.get - WARNING - Change in response for id=874013382, archiving old result
barnehagefakta.get - WARNING - Change in response for id=983443923, archiving old result
barnehagefakta.get - WARNING - Change in response for id=983952488, archiving old result
barnehagefakta.get - WARNING - Change in response for id=991354557, archiving old result
barnehagefakta.get - WARNING - Change in response for id=998633923, archiving old result
barnehagefakta.get - WARNING - Change in response for id=990986495, archiving old result
barnehagefakta.get - WARNING - Change in response for id=980454754, archiving old result
barnehagefakta.get - WARNING - Change in response for id=875310232, archiving old result
barnehagefakta.get - WARNING - Change in response for id=990524424, archiving old result
barnehagefakta.get - WARNING - Change in response for id=972218243, archiving old result
barnehagefakta.get - WARNING - Change in response for id=973470094, archiving old result
barnehagefakta.get - WARNING - Change in response for id=974796090, archiving old result
barnehagefakta - WARNING - The name from https://nbr.udir.no/enhet/974796090 differ from http://barnehagefakta.no/api/barnehage/974796090,"b'L\xc3\xa6ringsverkstedet barnehage Avd Slotsvik Solkollen'" != "b'L\xc3\xa6ringsverkstedet barnehage Solkollen Avd. Slotsvik'"
barnehagefakta.get - WARNING - Change in response for id=974143003, archiving old result
barnehagefakta - WARNING - The name from https://nbr.udir.no/enhet/974143003 differ from http://barnehagefakta.no/api/barnehage/974143003,"b'Nlm Barnehagene AS Avd Tryggheim barnehage \xc3\x85lesund'" != "b'Nlm barnehagene AS Avd Tryggheim barnehage \xc3\x85lesund'"
barnehagefakta.get - WARNING - Change in response for id=974156164, archiving old result
barnehagefakta - WARNING - The name from https://nbr.udir.no/enhet/974156164 differ from http://barnehagefakta.no/api/barnehage/974156164,"b'Nlm Barnehagene AS Avd Tryggheim barnehage Vatne'" != "b'Nlm barnehagene AS Avd Tryggheim barnehage Vatne'"
barnehagefakta.get - WARNING - Change in response for id=974156172, archiving old result
barnehagefakta - WARNING - The name from https://nbr.udir.no/enhet/974156172 differ from http://barnehagefakta.no/api/barnehage/974156172,"b'Nlm Barnehagene AS Avd Tryggheim barnehage Brattv\xc3\xa5g'" != "b'Nlm barnehagene AS Avd Tryggheim barnehage Brattv\xc3\xa5g'"
barnehagefakta.get - WARNING - Change in response for id=975310272, archiving old result
barnehagefakta.get - WARNING - Change in response for id=913878299, archiving old result
barnehagefakta.get - WARNING - Change in response for id=993371696, archiving old result
barnehagefakta.get - WARNING - Change in response for id=975310280, archiving old result
barnehagefakta.get - WARNING - Change in response for id=975310531, archiving old result
barnehagefakta.get - WARNING - Change in response for id=987167114, archiving old result
barnehagefakta.get - WARNING - Change in response for id=976675894, archiving old result
barnehagefakta.get - WARNING - Change in response for id=921015437, archiving old result
barnehagefakta.get - WARNING - Change in response for id=983952852, archiving old result
barnehagefakta.get - WARNING - Change in response for id=974194678, archiving old result
barnehagefakta.get - WARNING - Change in response for id=974187604, archiving old result
barnehagefakta.get - WARNING - Change in response for id=975323773, archiving old result
barnehagefakta.get - WARNING - Change in response for id=987045833, archiving old result
barnehagefakta - WARNING - The name from https://nbr.udir.no/enhet/987045833 differ from http://barnehagefakta.no/api/barnehage/987045833,"b'Vegsund barnehage Sa'" != "b'Vegsund barnehage SA'"
barnehagefakta.get - WARNING - Change in response for id=973470280, archiving old result
barnehagefakta - WARNING - The name from https://nbr.udir.no/enhet/973470280 differ from http://barnehagefakta.no/api/barnehage/973470280,"b'Veslefrikk barnehage \xc3\x85lesund Sa'" != "b'Veslefrikk barnehage \xc3\x85lesund SA'"
barnehagefakta.get - WARNING - Change in response for id=975317803, archiving old result
