make update_data
make[1]: Entering directory '/home/ob/Programming/Python/osm/barnehagefakta_osm/barnehagefakta_osm_data'
. venv/bin/activate; python ../barnehagefakta_osm.py --kommune ALL --update_kommune -q
barnehagefakta - WARNING - The name from https://nbr.udir.no/enhet/931107356 differ from http://barnehagefakta.no/api/barnehage/931107356,"b'Norlandia Solenga barnehage AS'" != "b'Norlandia Solenga naturbarnehage'"
barnehagefakta - WARNING - The name from https://nbr.udir.no/enhet/974703386 differ from http://barnehagefakta.no/api/barnehage/974703386,"b'R\xc3\xb8a menighetsbarnehage AS'" != "b'R\xc3\xb8a menighetsbarnehage'"
barnehagefakta - WARNING - 975314960, Unknown "eierform=Annet", fixme: consider using "erPrivatBarnehage=False"
barnehagefakta - WARNING - The name from https://nbr.udir.no/enhet/989331558 differ from http://barnehagefakta.no/api/barnehage/989331558,"b'L\xc3\xb8nneberget barnehage AS'" != "b'L\xc3\xb8nneberget barnehage'"
barnehagefakta - WARNING - The name from https://nbr.udir.no/enhet/984001320 differ from http://barnehagefakta.no/api/barnehage/984001320,"b'Harkas Kanvas-barnehage'" != "b'Harekas Kanvas-barnehage'"
barnehagefakta - WARNING - The name from https://nbr.udir.no/enhet/981007816 differ from http://barnehagefakta.no/api/barnehage/981007816,"b'Espira N\xc3\xb8tteskogen barnehage'" != "b'Espira Evje barnehage'"
barnehagefakta - WARNING - 994275925, Unknown "eierform=Annet", fixme: consider using "erPrivatBarnehage=False"
barnehagefakta - WARNING - 986383670, Unknown "eierform=Annet", fixme: consider using "erPrivatBarnehage=False"
barnehagefakta - WARNING - 986383719, Unknown "eierform=Annet", fixme: consider using "erPrivatBarnehage=False"
barnehagefakta - WARNING - 986383778, Unknown "eierform=Annet", fixme: consider using "erPrivatBarnehage=False"
barnehagefakta - WARNING - 986383794, Unknown "eierform=Annet", fixme: consider using "erPrivatBarnehage=False"
barnehagefakta - WARNING - 974706512, Unknown "eierform=Annet", fixme: consider using "erPrivatBarnehage=False"
barnehagefakta - WARNING - 974633213, Unknown "eierform=Annet", fixme: consider using "erPrivatBarnehage=False"
barnehagefakta - WARNING - 979468105, Unknown "eierform=Annet", fixme: consider using "erPrivatBarnehage=False"
barnehagefakta - WARNING - 975315096, Unknown "eierform=Annet", fixme: consider using "erPrivatBarnehage=False"
barnehagefakta - WARNING - 975315258, Unknown "eierform=Annet", fixme: consider using "erPrivatBarnehage=False"
barnehagefakta - WARNING - 974737760, Unknown "eierform=Annet", fixme: consider using "erPrivatBarnehage=False"
barnehagefakta - WARNING - The name from https://nbr.udir.no/enhet/985202303 differ from http://barnehagefakta.no/api/barnehage/985202303,"b'L\xc3\xa6ringsverkstedet Furua barnehage barnehage'" != "b'L\xc3\xa6ringsverkstedet Furua naturbarnehage'"
make[1]: Leaving directory '/home/ob/Programming/Python/osm/barnehagefakta_osm/barnehagefakta_osm_data'
make update_osm_batch
make[1]: Entering directory '/home/ob/Programming/Python/osm/barnehagefakta_osm/barnehagefakta_osm_data'
. venv/bin/activate; python ../update_osm.py --batch --log_filename="/home/ob/Programming/Python/osm/barnehagefakta_osm/barnehagefakta_osm_data/local.barnahagefakta.update_osm.log"
no datadiff found, no pretty dictionary diff for you.
Run without --batch to update osm
Unresolved conflict, NBR has modified name="Læringsverkstedet barnehage avd. Haugenes" to "Læringsverkstedet Haugenes barnehage", but osm has the value "Læringsverkstedet Fevik"
Run without --batch to update osm
Run without --batch to update osm
Run without --batch to update osm
Run without --batch to update osm
Lat/lon has changed, it is advisable to check if this is an improvement in the NBR data or if the kindergarden actually has moved
Run without --batch to update osm
Unresolved conflict, NBR has modified name="Læringsverkstedet barnehage avd. Fevik" to "Læringsverkstedet Haugenes barnehage", but osm has the value "Læringsverkstedet Fevik"
Run without --batch to update osm
Run without --batch to update osm
Unresolved conflict, NBR has modified name="Læringsverkstedet barnehage avd. Myråsen barnehage" to "Læringsverkstedet Myråsen barnehage", but osm has the value "Læringsverkstedet Myråsen"
Run without --batch to update osm
Run without --batch to update osm
Unresolved conflict, NBR has modified name="Læringsverkstedet barnehage avd. Alversund barnehage" to "Læringsverkstedet Alversund barnehage", but osm has the value "Alversund montessoribarnehage"
Run without --batch to update osm
Run without --batch to update osm
Run without --batch to update osm
Lat/lon has changed, it is advisable to check if this is an improvement in the NBR data or if the kindergarden actually has moved
Run without --batch to update osm
Run without --batch to update osm
Run without --batch to update osm
Run without --batch to update osm
Lat/lon has changed, it is advisable to check if this is an improvement in the NBR data or if the kindergarden actually has moved
Run without --batch to update osm
Run without --batch to update osm
Run without --batch to update osm
Run without --batch to update osm
Run without --batch to update osm
Run without --batch to update osm
974706512, Unknown "eierform=Annet", fixme: consider using "erPrivatBarnehage=False"
974706512, Unknown "eierform=Annet", fixme: consider using "erPrivatBarnehage=False"
Run without --batch to update osm
974706512, Unknown "eierform=Annet", fixme: consider using "erPrivatBarnehage=False"
974706512, Unknown "eierform=Annet", fixme: consider using "erPrivatBarnehage=False"
Run without --batch to update osm
Run without --batch to update osm
Run without --batch to update osm
Run without --batch to update osm
Run without --batch to update osm
Run without --batch to update osm
Run without --batch to update osm
Run without --batch to update osm
Run without --batch to update osm
Run without --batch to update osm
Run without --batch to update osm
Run without --batch to update osm
Run without --batch to update osm
Run without --batch to update osm
Run without --batch to update osm
Run without --batch to update osm
Run without --batch to update osm
Run without --batch to update osm
Run without --batch to update osm
Run without --batch to update osm
Run without --batch to update osm
Run without --batch to update osm
979468105, Unknown "eierform=Annet", fixme: consider using "erPrivatBarnehage=False"
979468105, Unknown "eierform=Annet", fixme: consider using "erPrivatBarnehage=False"
Run without --batch to update osm
Run without --batch to update osm
Run without --batch to update osm
Run without --batch to update osm
Run without --batch to update osm
Run without --batch to update osm
Run without --batch to update osm
Run without --batch to update osm
Run without --batch to update osm
Run without --batch to update osm
Run without --batch to update osm
Run without --batch to update osm
Run without --batch to update osm
Run without --batch to update osm
Run without --batch to update osm
Run without --batch to update osm
Run without --batch to update osm
Run without --batch to update osm
Run without --batch to update osm
Run without --batch to update osm
Run without --batch to update osm
Run without --batch to update osm
Run without --batch to update osm
Run without --batch to update osm
Run without --batch to update osm
Run without --batch to update osm
Run without --batch to update osm
Run without --batch to update osm
Run without --batch to update osm
Run without --batch to update osm
Run without --batch to update osm
Run without --batch to update osm
Run without --batch to update osm
Run without --batch to update osm
Run without --batch to update osm
Run without --batch to update osm
Run without --batch to update osm
Run without --batch to update osm
Run without --batch to update osm
Run without --batch to update osm
Run without --batch to update osm
Run without --batch to update osm
Run without --batch to update osm
Run without --batch to update osm
Run without --batch to update osm
Run without --batch to update osm
Run without --batch to update osm
Run without --batch to update osm
Run without --batch to update osm
Run without --batch to update osm
Run without --batch to update osm
Run without --batch to update osm
Run without --batch to update osm
Run without --batch to update osm
Lat/lon has changed, it is advisable to check if this is an improvement in the NBR data or if the kindergarden actually has moved
Run without --batch to update osm
Run without --batch to update osm
Lat/lon has changed, it is advisable to check if this is an improvement in the NBR data or if the kindergarden actually has moved
Run without --batch to update osm
Run without --batch to update osm
Run without --batch to update osm
Run without --batch to update osm
Run without --batch to update osm
Run without --batch to update osm
Run without --batch to update osm
Run without --batch to update osm
Run without --batch to update osm
Run without --batch to update osm
Run without --batch to update osm
Unresolved conflict, NBR has modified name="Læringsverkstedet avd. Mathopen barnehage" to "Læringsverkstedet Mathopen barnehage", but osm has the value "Mathopen barnehage"
Lat/lon has changed, it is advisable to check if this is an improvement in the NBR data or if the kindergarden actually has moved
Run without --batch to update osm
Run without --batch to update osm
Run without --batch to update osm
Run without --batch to update osm
Run without --batch to update osm
Lat/lon has changed, it is advisable to check if this is an improvement in the NBR data or if the kindergarden actually has moved
Run without --batch to update osm
Run without --batch to update osm
Run without --batch to update osm
Run without --batch to update osm
Run without --batch to update osm
Run without --batch to update osm
Unresolved conflict, NBR has modified name="Lekeklossen barnehage Ulna avd. Løvåsen" to "Lekeklossen Løvåsen barnehage", but osm has the value "Lekeklossen barnehage avd. Løvåsen"
974737760, Unknown "eierform=Annet", fixme: consider using "erPrivatBarnehage=False"
974737760, Unknown "eierform=Annet", fixme: consider using "erPrivatBarnehage=False"
Run without --batch to update osm
Run without --batch to update osm
Run without --batch to update osm
Lat/lon has changed, it is advisable to check if this is an improvement in the NBR data or if the kindergarden actually has moved
Run without --batch to update osm
Run without --batch to update osm
Lat/lon has changed, it is advisable to check if this is an improvement in the NBR data or if the kindergarden actually has moved
Run without --batch to update osm
Run without --batch to update osm
Run without --batch to update osm
Run without --batch to update osm
Run without --batch to update osm
Unresolved conflict, NBR has modified name="Lekeklossen barnehage Ulna avd. Storhammeren" to "Lekeklossen Storhammaren barnehage", but osm has the value "Lekeklossen barnehage avd. Storhammeren"
Run without --batch to update osm
Run without --batch to update osm
Run without --batch to update osm
Run without --batch to update osm
Run without --batch to update osm
Run without --batch to update osm
Run without --batch to update osm
Run without --batch to update osm
Run without --batch to update osm
Run without --batch to update osm
Run without --batch to update osm
Run without --batch to update osm
Run without --batch to update osm
Run without --batch to update osm
Run without --batch to update osm
Run without --batch to update osm
Run without --batch to update osm
Run without --batch to update osm
Run without --batch to update osm
Run without --batch to update osm
Run without --batch to update osm
Run without --batch to update osm
Unresolved conflict, NBR has modified name="Læringsverkstedet barnehage avd. Kjøkkelvik barnehage" to "Læringsverkstedet Kjøkkelvik barnehage", but osm has the value "Kjøkkelvik barnehage"
Run without --batch to update osm
Run without --batch to update osm
Run without --batch to update osm
Run without --batch to update osm
Run without --batch to update osm
Run without --batch to update osm
Run without --batch to update osm
Run without --batch to update osm
Run without --batch to update osm
Run without --batch to update osm
Lat/lon has changed, it is advisable to check if this is an improvement in the NBR data or if the kindergarden actually has moved
Run without --batch to update osm
Run without --batch to update osm
Run without --batch to update osm
Run without --batch to update osm
Run without --batch to update osm
Run without --batch to update osm
Run without --batch to update osm
Run without --batch to update osm
Run without --batch to update osm
Run without --batch to update osm
Lat/lon has changed, it is advisable to check if this is an improvement in the NBR data or if the kindergarden actually has moved
Run without --batch to update osm
Run without --batch to update osm
Run without --batch to update osm
Run without --batch to update osm
Run without --batch to update osm
Run without --batch to update osm
Run without --batch to update osm
Run without --batch to update osm
Run without --batch to update osm
Run without --batch to update osm
Run without --batch to update osm
Run without --batch to update osm
Run without --batch to update osm
Run without --batch to update osm
Run without --batch to update osm
Run without --batch to update osm
Run without --batch to update osm
Run without --batch to update osm
Run without --batch to update osm
Run without --batch to update osm
Run without --batch to update osm
Run without --batch to update osm
Run without --batch to update osm
Run without --batch to update osm
Run without --batch to update osm
Unresolved conflict, NBR has modified name="Lekeklossen barnehage Ulna avd. Vestre Sælemyr" to "Lekeklossen Vestre barnehage", but osm has the value "Lekeklossen barnehage avd. Vestre Sælemyr"
975315096, Unknown "eierform=Annet", fixme: consider using "erPrivatBarnehage=False"
975315096, Unknown "eierform=Annet", fixme: consider using "erPrivatBarnehage=False"
Run without --batch to update osm
Run without --batch to update osm
Run without --batch to update osm
Run without --batch to update osm
Run without --batch to update osm
Run without --batch to update osm
Run without --batch to update osm
Run without --batch to update osm
Run without --batch to update osm
Run without --batch to update osm
Lat/lon has changed, it is advisable to check if this is an improvement in the NBR data or if the kindergarden actually has moved
Run without --batch to update osm
Run without --batch to update osm
Run without --batch to update osm
Run without --batch to update osm
Lat/lon has changed, it is advisable to check if this is an improvement in the NBR data or if the kindergarden actually has moved
Run without --batch to update osm
Lat/lon has changed, it is advisable to check if this is an improvement in the NBR data or if the kindergarden actually has moved
Run without --batch to update osm
Run without --batch to update osm
Unresolved conflict, NBR has modified contact:website="http://spireoggro.no" to "http://www.spireoggro.no", but osm does not have this key
Lat/lon has changed, it is advisable to check if this is an improvement in the NBR data or if the kindergarden actually has moved
Run without --batch to update osm
Run without --batch to update osm
Lat/lon has changed, it is advisable to check if this is an improvement in the NBR data or if the kindergarden actually has moved
Run without --batch to update osm
Unresolved conflict, NBR has modified name="Læringsverkstedet barnehage avd. Dalgårdtunet barnehage" to "Læringsverkstedet Dalgårdtunet barnehage", but osm has the value "Dalgårdtunet barnehage"
Run without --batch to update osm
Run without --batch to update osm
Run without --batch to update osm
Run without --batch to update osm
Unresolved conflict, NBR has modified name="Sit Studentsamskipnaden i Gjøvik, Ålesund og Trondheim Dragvoll barnehage" to "Sit Dragvoll barnehage", but osm has the value "Dragvoll barnehage"
Run without --batch to update osm
Run without --batch to update osm
Run without --batch to update osm
Run without --batch to update osm
Unresolved conflict, NBR has modified contact:website="http://www.tjenna.barnehage.no" to "http://tjenna.barnehage.no/", but osm does not have this key
Unresolved conflict, NBR has modified contact:website="http://www.frydenborg.barnehage.no" to "http://frydenborg.barnehage.no", but osm does not have this key
Run without --batch to update osm
Run without --batch to update osm
Run without --batch to update osm
Run without --batch to update osm
Run without --batch to update osm
Run without --batch to update osm
Lat/lon has changed, it is advisable to check if this is an improvement in the NBR data or if the kindergarden actually has moved
Run without --batch to update osm
Run without --batch to update osm
Lat/lon has changed, it is advisable to check if this is an improvement in the NBR data or if the kindergarden actually has moved
Run without --batch to update osm
Run without --batch to update osm
Run without --batch to update osm
Lat/lon has changed, it is advisable to check if this is an improvement in the NBR data or if the kindergarden actually has moved
Run without --batch to update osm
Run without --batch to update osm
Unresolved conflict, NBR has modified name="Læringsverkstedet barnehage avd. Eplehagen barnehage" to "Læringsverkstedet Eplehagen barnehage", but osm has the value "Eplehagen barnehage Lyngdal"
Run without --batch to update osm
Run without --batch to update osm
Run without --batch to update osm
Run without --batch to update osm
Run without --batch to update osm
Lat/lon has changed, it is advisable to check if this is an improvement in the NBR data or if the kindergarden actually has moved
Run without --batch to update osm
Run without --batch to update osm
Run without --batch to update osm
Run without --batch to update osm
Run without --batch to update osm
Run without --batch to update osm
Run without --batch to update osm
Run without --batch to update osm
Run without --batch to update osm
Run without --batch to update osm
Run without --batch to update osm
Run without --batch to update osm
Lat/lon has changed, it is advisable to check if this is an improvement in the NBR data or if the kindergarden actually has moved
Run without --batch to update osm
Run without --batch to update osm
Unresolved conflict, NBR has modified name="Læringsverkstedet barnehage avd. Solkollen barnehage Søm" to "Læringsverkstedet Søm Solkollen barnehage", but osm has the value "Solkollen barnehage Søm"
Run without --batch to update osm
Run without --batch to update osm
Run without --batch to update osm
Run without --batch to update osm
Lat/lon has changed, it is advisable to check if this is an improvement in the NBR data or if the kindergarden actually has moved
Run without --batch to update osm
Unresolved conflict, NBR has modified name="Læringsverkstedet barnehage avd. Presteheia barnehage" to "Læringsverkstedet Presteheia barnehage", but osm has the value "Presteheia barnehage"
Unresolved conflict, NBR has modified name="Læringsverkstedet barnehage avd. Bråvannsåsen barnehage" to "Læringsverkstedet Bråvannsåsen barnehage", but osm has the value "Bråvannsåsen barnehage"
Run without --batch to update osm
Unresolved conflict, NBR has modified name="Læringsverkstedet barnehage avd. Solkollen barnehage Hellemyr" to "Læringsverkstedet Hellemyr Solkollen barnehage", but osm has the value "Solkollen barnehage Hellemyr"
Run without --batch to update osm
Run without --batch to update osm
Unresolved conflict, NBR has modified name="Læringsverkstedet barnehage avd. Liantjønn barnehage" to "Læringsverkstedet Liantjønn barnehage", but osm has the value "Liantjønn barnehage"
Unresolved conflict, NBR has modified name="Læringsverkstedet barnehage avd. Flekkerøya barnehage" to "Læringsverkstedet Flekkerøya barnehage", but osm has the value "Flekkerøya barnehage"
Lat/lon has changed, it is advisable to check if this is an improvement in the NBR data or if the kindergarden actually has moved
Run without --batch to update osm
Unresolved conflict, NBR has modified name="Læringsverkstedet barnehage avd. Solkollen barnehage Hellemyr" to "Læringsverkstedet Hellemyr Solkollen barnehage", but osm has the value "Solkollen barnehage Hellemyr"
Run without --batch to update osm
Run without --batch to update osm
Run without --batch to update osm
Run without --batch to update osm
Unresolved conflict, NBR has modified name="Lindtjønn FUS barnehage avd. Louises vei" to "Lindtjønn FUS barnehage", but osm has the value "Lindtjønn FUS barnehage avd. Louises Vei"
Unresolved conflict, NBR has modified name="Læringsverkstedet barnehage avd. Sørlandsparken barnehage" to "Læringsverkstedet Sørlandsparken barnehage", but osm has the value "Sørlandsparken barnehage"
ERROR: nbrid = 985545057 is now 404. FIXME: support this, previous = {'id': '7e52365c-6411-4b8c-9469-14ba2629dfed', 'alder': '1 - 5', 'ansatte': {'antallFra': 24, 'antallTil': 24}, 'eierform': 'Kommunal', 'erAktiv': True, 'erBarnehage': True, 'erBarnehageEier': False, 'erPrivatBarnehage': False, 'fylke': {'fylkesnavn': 'Agder', 'fylkesnummer': '42'}, 'kommune': {'kommunenavn': 'Kristiansand', 'kommunenummer': '4204'}, 'kontaktinformasjon': {'postAdresse': {'adresselinje': 'Postboks 4', 'postnr': '4685', 'poststed': 'NODELAND'}, 'besoksAdresse': {'adresselinje': 'Lømslands vei 23', 'postnr': '4614', 'poststed': 'KRISTIANSAND S'}, 'epost': 'kristine.slemdahl@kristiansand.kommune.no', 'url': '', 'telefon': '38 10 33 80'}, 'koordinatLatLng': [58.15208, 7.99383], 'malform': {'malformType': 'B', 'malformNavn': 'Bokmål'}, 'navn': 'Fergefjellet barnehage', 'orgnr': '985545057', 'indikatorDataBarnehage': {'antallBarn': 48, 'antallBarnPerAnsatt': 5.9, 'antallBarnPerBarnehagelaerer': 13.0, 'andelAnsatteMedBarneOgUngdomsarbeiderfag': 54.5, 'andelAnsatteBarnehagelarer': 45.5, 'andelAnsatteTilsvarendeBarnehagelaerer': 0.0, 'andelAnsatteMedAnnenHoyereUtdanning': 0.0, 'andelAnsatteMedAnnenFagarbeiderutdanning': 0.0, 'andelAnsatteMedAnnenBakgrunn': 0.0, 'andelAnsatteMedAnnenPedagogiskUtdanning': 0.0, 'lekeOgOppholdsarealPerBarn': 6.1, 'andelBarnehagerSomOppfyllerPedagognormen': None, 'andelBarnehagerSomIkkeOppfyllerPedagognormen': None, 'andelBarnehagerSomOppfyllerPedagognormenMedDispensasjon': None, 'foreldreundersokelsenUteOgInneMiljo': 4.1, 'foreldreundersokelsenBarnetsUtvikling': 4.7, 'foreldreundersokelsenBarnetsTrivsel': 4.7, 'foreldreundersokelsenInformasjon': 4.5, 'foreldreundersokelsenTilfredshet': 4.6, 'foreldreundersokelsenAntallInviterte': 46, 'foreldreundersokelsenAntallBesvarte': 27, 'foreldreundersokelsenSvarprosent': 58.7, 'foreldreundersokelsenArgang': '2020'}, 'indikatorDataKommune': {'antallBarn': 5900, 'antallBarnPerAnsatt': 5.8, 'antallBarnPerBarnehagelaerer': 12.9, 'andelAnsatteMedBarneOgUngdomsarbeiderfag': 28.8, 'andelAnsatteBarnehagelarer': 44.4, 'andelAnsatteTilsvarendeBarnehagelaerer': 0.5, 'andelAnsatteMedAnnenHoyereUtdanning': 1.5, 'andelAnsatteMedAnnenFagarbeiderutdanning': 3.4, 'andelAnsatteMedAnnenBakgrunn': 20.7, 'andelAnsatteMedAnnenPedagogiskUtdanning': 0.8, 'lekeOgOppholdsarealPerBarn': 5.3, 'andelBarnehagerSomOppfyllerPedagognormen': 98.9, 'andelBarnehagerSomIkkeOppfyllerPedagognormen': 0.0, 'andelBarnehagerSomOppfyllerPedagognormenMedDispensasjon': 1.1, 'foreldreundersokelsenUteOgInneMiljo': 4.2, 'foreldreundersokelsenBarnetsUtvikling': 4.6, 'foreldreundersokelsenBarnetsTrivsel': 4.8, 'foreldreundersokelsenInformasjon': 4.2, 'foreldreundersokelsenTilfredshet': 4.6, 'foreldreundersokelsenAntallInviterte': 5273, 'foreldreundersokelsenAntallBesvarte': 3658, 'foreldreundersokelsenSvarprosent': 69.4, 'foreldreundersokelsenArgang': '2020'}, 'kostpenger': 0.0, 'type': 'Ordinær barnehage', 'pedagogiskProfil': None, 'apningstidFra': '07:00', 'apningstidTil': '17:00', 'oppfyllerPedagognorm': 'Oppfyller pedagognormen', 'totalAntallKvadratmeter': 291.1, 'urlTilSoknadOmBarnehageplass': 'http://kristiansand.kommune.no'}
Run without --batch to update osm
Unresolved conflict, NBR has modified name="Læringsverkstedet barnehage avd. Eidet barnehage" to "Læringsverkstedet Eidet barnehage", but osm has the value "Eidet barnehage"
Run without --batch to update osm
Run without --batch to update osm
Run without --batch to update osm
Run without --batch to update osm
Unresolved conflict, NBR has modified name="Læringsverkstedet barnehage avd. Fidje barnehage" to "Læringsverkstedet Fidje barnehage", but osm has the value "Fidje barnehage"
Run without --batch to update osm
Run without --batch to update osm
Unresolved conflict, NBR has modified name="Læringsverkstedet barnehage avd. Solkollen Hånes" to "Læringsverkstedet Hånes Solkollen barnehage", but osm has the value "Solkollen barnehage Hånes"
Run without --batch to update osm
Run without --batch to update osm
Run without --batch to update osm
Unresolved conflict, NBR has modified contact:website="http://www.kvinnherad.kommune.no" to "http://www.kvinnherad.kommune.no/hatlestrand-barnehage.463293.nn.html", but osm does not have this key
Unresolved conflict, NBR has modified contact:website="http://www.kvinnherad.kommune.no" to "http://www.kvinnherad.kommune.no/oelve-barnehage.463286.nn.html", but osm does not have this key
Unresolved conflict, NBR has modified name="Stinta barnehageenhet, Strømsbuåsen" to "Strømsbuåsen barnehage", but osm has the value "Strømsbuåsen"
Lat/lon has changed, it is advisable to check if this is an improvement in the NBR data or if the kindergarden actually has moved
Run without --batch to update osm
Run without --batch to update osm
Run without --batch to update osm
Unresolved conflict, NBR has modified name="Læringsverkstedet barnehage avd. Portveien His" to "Læringsverkstedet Portveien His barnehage", but osm has the value "Læringsverkstedet Portveien His"
Run without --batch to update osm
Lat/lon has changed, it is advisable to check if this is an improvement in the NBR data or if the kindergarden actually has moved
Run without --batch to update osm
Run without --batch to update osm
ERROR: nbrid = 973485458 is now 404. FIXME: support this, previous = {'id': 'd894af32-5094-4a63-a053-0c25c6013b30', 'alder': '1 - 5', 'ansatte': {'antallFra': 15, 'antallTil': 15}, 'eierform': 'Privat', 'erAktiv': True, 'erBarnehage': True, 'erBarnehageEier': False, 'erPrivatBarnehage': True, 'fylke': {'fylkesnavn': 'Agder', 'fylkesnummer': '42'}, 'kommune': {'kommunenavn': 'Arendal', 'kommunenummer': '4203'}, 'kontaktinformasjon': {'postAdresse': None, 'besoksAdresse': {'adresselinje': 'Trommestadveien 50', 'postnr': '4816', 'poststed': 'KOLBJØRNSVIK'}, 'epost': 'aa-pette@online.no', 'url': 'http://www.facebook.com/askeladdenbarn/minaskeladden.barnehage.no/', 'telefon': '37011499'}, 'koordinatLatLng': [58.44848, 8.76659], 'malform': {'malformType': 'B', 'malformNavn': 'Bokmål'}, 'navn': 'Askeladden barnehage Friluft, Natur, Omsorg', 'orgnr': '973485458', 'indikatorDataBarnehage': {'antallBarn': 31, 'antallBarnPerAnsatt': 5.6, 'antallBarnPerBarnehagelaerer': 13.0, 'andelAnsatteMedBarneOgUngdomsarbeiderfag': 14.3, 'andelAnsatteBarnehagelarer': 42.9, 'andelAnsatteTilsvarendeBarnehagelaerer': 0.0, 'andelAnsatteMedAnnenHoyereUtdanning': 0.0, 'andelAnsatteMedAnnenFagarbeiderutdanning': 0.0, 'andelAnsatteMedAnnenBakgrunn': 42.9, 'andelAnsatteMedAnnenPedagogiskUtdanning': 0.0, 'lekeOgOppholdsarealPerBarn': 6.8, 'andelBarnehagerSomOppfyllerPedagognormen': None, 'andelBarnehagerSomIkkeOppfyllerPedagognormen': None, 'andelBarnehagerSomOppfyllerPedagognormenMedDispensasjon': None, 'foreldreundersokelsenUteOgInneMiljo': 3.9, 'foreldreundersokelsenBarnetsUtvikling': 4.9, 'foreldreundersokelsenBarnetsTrivsel': 4.9, 'foreldreundersokelsenInformasjon': 4.5, 'foreldreundersokelsenTilfredshet': 4.6, 'foreldreundersokelsenAntallInviterte': 29, 'foreldreundersokelsenAntallBesvarte': 18, 'foreldreundersokelsenSvarprosent': 62.1, 'foreldreundersokelsenArgang': '2020'}, 'indikatorDataKommune': {'antallBarn': 2103, 'antallBarnPerAnsatt': 5.6, 'antallBarnPerBarnehagelaerer': 12.0, 'andelAnsatteMedBarneOgUngdomsarbeiderfag': 18.7, 'andelAnsatteBarnehagelarer': 46.2, 'andelAnsatteTilsvarendeBarnehagelaerer': 0.9, 'andelAnsatteMedAnnenHoyereUtdanning': 2.2, 'andelAnsatteMedAnnenFagarbeiderutdanning': 6.4, 'andelAnsatteMedAnnenBakgrunn': 24.3, 'andelAnsatteMedAnnenPedagogiskUtdanning': 1.3, 'lekeOgOppholdsarealPerBarn': 6.3, 'andelBarnehagerSomOppfyllerPedagognormen': 90.6, 'andelBarnehagerSomIkkeOppfyllerPedagognormen': 5.7, 'andelBarnehagerSomOppfyllerPedagognormenMedDispensasjon': 3.8, 'foreldreundersokelsenUteOgInneMiljo': 4.3, 'foreldreundersokelsenBarnetsUtvikling': 4.7, 'foreldreundersokelsenBarnetsTrivsel': 4.8, 'foreldreundersokelsenInformasjon': 4.4, 'foreldreundersokelsenTilfredshet': 4.6, 'foreldreundersokelsenAntallInviterte': 1775, 'foreldreundersokelsenAntallBesvarte': 1397, 'foreldreundersokelsenSvarprosent': 78.7, 'foreldreundersokelsenArgang': '2020'}, 'kostpenger': 300.0, 'type': 'Ordinær barnehage', 'pedagogiskProfil': None, 'apningstidFra': '07:15', 'apningstidTil': '16:45', 'oppfyllerPedagognorm': 'Oppfyller pedagognormen', 'totalAntallKvadratmeter': 210.0, 'urlTilSoknadOmBarnehageplass': 'http://www.arendal.kommune.no'}
Lat/lon has changed, it is advisable to check if this is an improvement in the NBR data or if the kindergarden actually has moved
Run without --batch to update osm
Run without --batch to update osm
Run without --batch to update osm
Run without --batch to update osm
Run without --batch to update osm
Run without --batch to update osm
Lat/lon has changed, it is advisable to check if this is an improvement in the NBR data or if the kindergarden actually has moved
Run without --batch to update osm
Run without --batch to update osm
Run without --batch to update osm
Run without --batch to update osm
Unresolved conflict, NBR has modified name="Læringsverkstedet barnehage avd. Grandehagen barnehage" to "Læringsverkstedet Grandehagen barnehage", but osm has the value "Grandehagen barnehage"
Lat/lon has changed, it is advisable to check if this is an improvement in the NBR data or if the kindergarden actually has moved
Run without --batch to update osm
Run without --batch to update osm
Run without --batch to update osm
Run without --batch to update osm
Run without --batch to update osm
Run without --batch to update osm
Run without --batch to update osm
Run without --batch to update osm
Run without --batch to update osm
Run without --batch to update osm
Unresolved conflict, NBR has modified name="Nordpolen FUS barnehage avd. Sandakerveien" to "Sandakerveien FUS barnehage", but osm has the value "Nordpolen FUS barnehage Sandakerveien"
Run without --batch to update osm
Run without --batch to update osm
Run without --batch to update osm
Run without --batch to update osm
Run without --batch to update osm
Run without --batch to update osm
Lat/lon has changed, it is advisable to check if this is an improvement in the NBR data or if the kindergarden actually has moved
Run without --batch to update osm
Run without --batch to update osm
Unresolved conflict, NBR has modified capacity="57" to "53", but osm does not have this key
Run without --batch to update osm
Run without --batch to update osm
Run without --batch to update osm
Unresolved conflict, NBR has modified name="Læringsverkstedet barnehage avd. Konfektfabrikken" to "Læringsverkstedet Konfektfabrikken barnehage", but osm has the value "Læringsverkstedet barnehage Konfektfabrikken"
Run without --batch to update osm
Run without --batch to update osm
Run without --batch to update osm
Run without --batch to update osm
Run without --batch to update osm
Run without --batch to update osm
Unresolved conflict, NBR has modified name="Læringsverkstedet barnehage avd. Bryn barnehage" to "Læringsverkstedet Bryn barnehage", but osm has the value "Læringsverkstedet Bryn estetiske barnehage"
Run without --batch to update osm
Run without --batch to update osm
Run without --batch to update osm
Run without --batch to update osm
Run without --batch to update osm
Unresolved conflict, NBR has modified name="Læringsverkstedet barnehage avd. Myrens" to "Læringsverkstedet Myrens Doremi barnehage", but osm has the value "Læringsverkstedet DoReMi Myrens barnehage"
Run without --batch to update osm
Run without --batch to update osm
Run without --batch to update osm
Run without --batch to update osm
Run without --batch to update osm
Run without --batch to update osm
Unresolved conflict, NBR has modified capacity="153" to "152", but osm does not have this key
Run without --batch to update osm
Run without --batch to update osm
Run without --batch to update osm
Run without --batch to update osm
Run without --batch to update osm
Run without --batch to update osm
Run without --batch to update osm
Lat/lon has changed, it is advisable to check if this is an improvement in the NBR data or if the kindergarden actually has moved
Run without --batch to update osm
Run without --batch to update osm
Run without --batch to update osm
Run without --batch to update osm
Run without --batch to update osm
Run without --batch to update osm
Run without --batch to update osm
Run without --batch to update osm
Run without --batch to update osm
Run without --batch to update osm
Unresolved conflict, NBR has modified name="Akersveien kanvas-barnehage" to "Akersveien Kanvas-barnehage", but osm has the value "Akersveien barnehage"
Run without --batch to update osm
Run without --batch to update osm
Run without --batch to update osm
Run without --batch to update osm
Run without --batch to update osm
Run without --batch to update osm
Run without --batch to update osm
Run without --batch to update osm
Run without --batch to update osm
Run without --batch to update osm
Unresolved conflict, NBR has modified name="Læringsverkstedet barnehage avd. Bjerke Panorama" to "Læringsverkstedet Bjerke Panorama barnehage", but osm has the value "Læringsverkstedet Bjerke Panorama"
Run without --batch to update osm
Run without --batch to update osm
Run without --batch to update osm
Unresolved conflict, NBR has modified name="Læringsverkstedet barnehage avd. Grefsen terrasse naturbarnehage" to "Læringsverkstedet Grefsen terrasse naturbarnehage", but osm has the value "Læringsverkstedet Grefsen Terrasse barnehage"
Run without --batch to update osm
Unresolved conflict, NBR has modified name="Lille Borgen" to "Villa Borgen barnehage", but osm has the value "Lille Borgen barnehage"
Run without --batch to update osm
Run without --batch to update osm
Run without --batch to update osm
Unresolved conflict, NBR has modified name="Den Blå Appelsin kanvas-barnehage" to "Den Blå Appelsin Kanvas-barnehage", but osm has the value "Den blå appelsin Kanvas-barnehage"
Run without --batch to update osm
Run without --batch to update osm
Run without --batch to update osm
Run without --batch to update osm
Run without --batch to update osm
Run without --batch to update osm
Run without --batch to update osm
Run without --batch to update osm
Run without --batch to update osm
Unresolved conflict, NBR has modified name="Læringsverkstedet Torshovhagen" to "Læringsverkstedet Torshovhagen Doremi barnehage", but osm has the value "Læringsverkstedet Torshovhagen barnehage"
Run without --batch to update osm
Run without --batch to update osm
Lat/lon has changed, it is advisable to check if this is an improvement in the NBR data or if the kindergarden actually has moved
Run without --batch to update osm
Lat/lon has changed, it is advisable to check if this is an improvement in the NBR data or if the kindergarden actually has moved
Run without --batch to update osm
Lat/lon has changed, it is advisable to check if this is an improvement in the NBR data or if the kindergarden actually has moved
Run without --batch to update osm
Run without --batch to update osm
Lat/lon has changed, it is advisable to check if this is an improvement in the NBR data or if the kindergarden actually has moved
Run without --batch to update osm
Run without --batch to update osm
Lat/lon has changed, it is advisable to check if this is an improvement in the NBR data or if the kindergarden actually has moved
Run without --batch to update osm
Lat/lon has changed, it is advisable to check if this is an improvement in the NBR data or if the kindergarden actually has moved
Run without --batch to update osm
Run without --batch to update osm
Lat/lon has changed, it is advisable to check if this is an improvement in the NBR data or if the kindergarden actually has moved
Run without --batch to update osm
Run without --batch to update osm
Run without --batch to update osm
Run without --batch to update osm
Run without --batch to update osm
Run without --batch to update osm
Run without --batch to update osm
Unresolved conflict, NBR has modified name="Læringsverkstedet avd. Mariknotten barnehage" to "Læringsverkstedet Mariknotten Solkollen barnehage", but osm has the value "Mariknotten barnehage"
Run without --batch to update osm
Run without --batch to update osm
Run without --batch to update osm
Run without --batch to update osm
Run without --batch to update osm
Run without --batch to update osm
Run without --batch to update osm
Run without --batch to update osm
Run without --batch to update osm
Unresolved conflict, NBR has modified name="Iogt barnehagen" to "Lønneberget barnehage", but osm has the value "IOGTbarnehagen"
Unresolved conflict, NBR has modified name="Lønneberget barnehagen" to "Lønneberget barnehage", but osm has the value "IOGTbarnehagen"
Run without --batch to update osm
Unresolved conflict, NBR has modified name="Læringsverkstedet barnehage avd. Blindheim barnehage" to "Læringsverkstedet Blindheim naturbarnehage", but osm has the value "Blindheim barnehage"
Unresolved conflict, NBR has modified name="Læringsverkstedet barnehage avd. Blindheim barnehage" to "Læringsverkstedet Blindheim naturbarnehage", but osm has the value "Blindheim barnehage"
Run without --batch to update osm
Lat/lon has changed, it is advisable to check if this is an improvement in the NBR data or if the kindergarden actually has moved
Run without --batch to update osm
Run without --batch to update osm
Run without --batch to update osm
Lat/lon has changed, it is advisable to check if this is an improvement in the NBR data or if the kindergarden actually has moved
Run without --batch to update osm
Run without --batch to update osm
Run without --batch to update osm
Run without --batch to update osm
Run without --batch to update osm
Run without --batch to update osm
Lat/lon has changed, it is advisable to check if this is an improvement in the NBR data or if the kindergarden actually has moved
Run without --batch to update osm
Run without --batch to update osm
Run without --batch to update osm
Run without --batch to update osm
Run without --batch to update osm
Run without --batch to update osm
Run without --batch to update osm
Run without --batch to update osm
Lat/lon has changed, it is advisable to check if this is an improvement in the NBR data or if the kindergarden actually has moved
Run without --batch to update osm
Run without --batch to update osm
Run without --batch to update osm
Run without --batch to update osm
Run without --batch to update osm
Run without --batch to update osm
Run without --batch to update osm
Run without --batch to update osm
Run without --batch to update osm
Run without --batch to update osm
Run without --batch to update osm
Unresolved conflict, NBR has modified name="Strømmmen kommunale barnehage" to "Strømmen kommunale barnehage", but osm has the value "Strømmen barnehage"
Run without --batch to update osm
Run without --batch to update osm
Run without --batch to update osm
ERROR: nbrid = 990060959 is now 404. FIXME: support this, previous = {'id': '28a8064d-22ba-4fe7-b367-d056b01d0721', 'alder': '1 - 5', 'ansatte': {'antallFra': 10, 'antallTil': 10}, 'eierform': 'Kommunal', 'erAktiv': True, 'erBarnehage': True, 'erBarnehageEier': False, 'erPrivatBarnehage': False, 'fylke': {'fylkesnavn': 'Vestland', 'fylkesnummer': '46'}, 'kommune': {'kommunenavn': 'Askøy', 'kommunenummer': '4627'}, 'kontaktinformasjon': {'postAdresse': {'adresselinje': 'Hanøyvegen 377', 'postnr': '5310', 'poststed': 'HAUGLANDSHELLA'}, 'besoksAdresse': {'adresselinje': 'Rindadalsvegen 37', 'postnr': '5310', 'poststed': 'HAUGLANDSHELLA'}, 'epost': 'ann.solberg@askoy.kommune.no', 'url': 'http://askoy.kommune.no/fagavdeling-barnehage/kommunale-barnehager/hanoy-forum-barnehage', 'telefon': '98907790'}, 'koordinatLatLng': [60.46407, 5.15052], 'malform': {'malformType': 'B', 'malformNavn': 'Bokmål'}, 'navn': 'Askøy Forum barnehage', 'orgnr': '990060959', 'indikatorDataBarnehage': {'antallBarn': 40, 'antallBarnPerAnsatt': 5.8, 'antallBarnPerBarnehagelaerer': 13.0, 'andelAnsatteMedBarneOgUngdomsarbeiderfag': 16.9, 'andelAnsatteBarnehagelarer': 44.9, 'andelAnsatteTilsvarendeBarnehagelaerer': 0.0, 'andelAnsatteMedAnnenHoyereUtdanning': 0.0, 'andelAnsatteMedAnnenFagarbeiderutdanning': 9.0, 'andelAnsatteMedAnnenBakgrunn': 29.2, 'andelAnsatteMedAnnenPedagogiskUtdanning': 0.0, 'lekeOgOppholdsarealPerBarn': 27.5, 'andelBarnehagerSomOppfyllerPedagognormen': None, 'andelBarnehagerSomIkkeOppfyllerPedagognormen': None, 'andelBarnehagerSomOppfyllerPedagognormenMedDispensasjon': None, 'foreldreundersokelsenUteOgInneMiljo': 4.1, 'foreldreundersokelsenBarnetsUtvikling': 4.8, 'foreldreundersokelsenBarnetsTrivsel': 4.9, 'foreldreundersokelsenInformasjon': 4.0, 'foreldreundersokelsenTilfredshet': 4.5, 'foreldreundersokelsenAntallInviterte': 40, 'foreldreundersokelsenAntallBesvarte': 20, 'foreldreundersokelsenSvarprosent': 50.0, 'foreldreundersokelsenArgang': '2019'}, 'indikatorDataKommune': {'antallBarn': 1958, 'antallBarnPerAnsatt': 5.9, 'antallBarnPerBarnehagelaerer': 12.7, 'andelAnsatteMedBarneOgUngdomsarbeiderfag': 18.2, 'andelAnsatteBarnehagelarer': 43.3, 'andelAnsatteTilsvarendeBarnehagelaerer': 3.3, 'andelAnsatteMedAnnenHoyereUtdanning': 1.3, 'andelAnsatteMedAnnenFagarbeiderutdanning': 6.2, 'andelAnsatteMedAnnenBakgrunn': 27.6, 'andelAnsatteMedAnnenPedagogiskUtdanning': 0.1, 'lekeOgOppholdsarealPerBarn': 6.0, 'andelBarnehagerSomOppfyllerPedagognormen': 82.1, 'andelBarnehagerSomIkkeOppfyllerPedagognormen': 14.3, 'andelBarnehagerSomOppfyllerPedagognormenMedDispensasjon': 3.6, 'foreldreundersokelsenUteOgInneMiljo': 4.1, 'foreldreundersokelsenBarnetsUtvikling': 4.6, 'foreldreundersokelsenBarnetsTrivsel': 4.8, 'foreldreundersokelsenInformasjon': 4.1, 'foreldreundersokelsenTilfredshet': 4.5, 'foreldreundersokelsenAntallInviterte': 1877, 'foreldreundersokelsenAntallBesvarte': 1382, 'foreldreundersokelsenSvarprosent': 73.6, 'foreldreundersokelsenArgang': '2019'}, 'kostpenger': 350.0, 'type': 'Ordinær barnehage', 'pedagogiskProfil': ['Idrettsbarnehage'], 'apningstidFra': '07:30', 'apningstidTil': '16:30', 'oppfyllerPedagognorm': 'Oppfyller pedagognormen', 'totalAntallKvadratmeter': 1100.0, 'urlTilSoknadOmBarnehageplass': 'http://www.askoy.kommune.no'}
Run without --batch to update osm
Run without --batch to update osm
Lat/lon has changed, it is advisable to check if this is an improvement in the NBR data or if the kindergarden actually has moved
Run without --batch to update osm
Run without --batch to update osm
Run without --batch to update osm
Run without --batch to update osm
Run without --batch to update osm
Run without --batch to update osm
Lat/lon has changed, it is advisable to check if this is an improvement in the NBR data or if the kindergarden actually has moved
Run without --batch to update osm
Run without --batch to update osm
Run without --batch to update osm
Unresolved conflict, NBR has modified capacity="34" to "30", but osm does not have this key
Unresolved conflict, NBR has modified name="Læringsverkstedet barnehage avd. Forus" to "Læringsverkstedet Forus barnehage", but osm has the value "Forus private barnehage"
Unresolved conflict, NBR has modified capacity="32" to "30", but osm does not have this key
Unresolved conflict, NBR has modified name="NLM barnehagene avd. Fredheim barnehage" to "Nlm-barnehage Fredheim", but osm has the value "Fredheim barnehage"
Run without --batch to update osm
Run without --batch to update osm
Run without --batch to update osm
Run without --batch to update osm
Run without --batch to update osm
Unresolved conflict, NBR has modified capacity="33" to "30", but osm does not have this key
Run without --batch to update osm
Run without --batch to update osm
Run without --batch to update osm
Run without --batch to update osm
Run without --batch to update osm
Run without --batch to update osm
Run without --batch to update osm
Lat/lon has changed, it is advisable to check if this is an improvement in the NBR data or if the kindergarden actually has moved
Run without --batch to update osm
Run without --batch to update osm
Run without --batch to update osm
Run without --batch to update osm
Run without --batch to update osm
Lat/lon has changed, it is advisable to check if this is an improvement in the NBR data or if the kindergarden actually has moved
Run without --batch to update osm
Run without --batch to update osm
Run without --batch to update osm
Unresolved conflict, NBR has modified name="Læringsverkstedet barnehage avd. Bjørnsrud Skog" to "Læringsverkstedet Bjørnsrud Skog barnehage", but osm has the value "Læringsverkstedet Barnehage Bjørnsrud Skog"
Unresolved conflict, NBR has modified name="Sit Studentsamskipnaden i Gjøvik, Ålesund og Trondheim Soppen barnehage" to "Sit Soppen studentbarnehage", but osm has the value "SINN Gjøvik barnehage"
Lat/lon has changed, it is advisable to check if this is an improvement in the NBR data or if the kindergarden actually has moved
Run without --batch to update osm
Unresolved conflict, NBR has modified name="Simolde Anestua barnehage" to "Anestua barnehage", but osm has the value "SiMolde Anestua barnehage"
Run without --batch to update osm
Run without --batch to update osm
Run without --batch to update osm
Unresolved conflict, NBR has modified name="Simolde Anestua barnehage" to "Anestua barnehage", but osm has the value "SiMolde Anestua barnehage"
Run without --batch to update osm
Run without --batch to update osm
Lat/lon has changed, it is advisable to check if this is an improvement in the NBR data or if the kindergarden actually has moved
Run without --batch to update osm
Run without --batch to update osm
Unresolved conflict, NBR has modified name="Læringsverkstedet barnehage avd. Bratteborg barnehage" to "Læringsverkstedet Bratteborg barnehage", but osm has the value "Bratteborg barnehage"
Run without --batch to update osm
Unresolved conflict, NBR has modified name="Læringsverkstedet barnehage avd. Vatnekrossen barnehage" to "Læringsverkstedet Vatnekrossen barnehage", but osm has the value "Vatnekrossen barnehage"
Run without --batch to update osm
Run without --batch to update osm
Run without --batch to update osm
Run without --batch to update osm
Run without --batch to update osm
Run without --batch to update osm
Lat/lon has changed, it is advisable to check if this is an improvement in the NBR data or if the kindergarden actually has moved
Unresolved conflict, NBR has modified name="Læringsverkstedet barnehage avd. Glendrange barnehage" to "Læringsverkstedet Glendrange Solkollen barnehage", but osm has the value "Glendrange barnehage"
Run without --batch to update osm
Run without --batch to update osm
Run without --batch to update osm
Run without --batch to update osm
Run without --batch to update osm
Run without --batch to update osm
Run without --batch to update osm
Run without --batch to update osm
Run without --batch to update osm
Run without --batch to update osm
Run without --batch to update osm
Run without --batch to update osm
Run without --batch to update osm
Run without --batch to update osm
Run without --batch to update osm
Run without --batch to update osm
Unresolved conflict, NBR has modified name="NLM barnehage i Øygarden avd. Blomvåg barnehage" to "NLM barnehage Blomvåg", but osm has the value "Blomvåg barnehage"
Run without --batch to update osm
Unresolved conflict, NBR has modified name="Nlm-barnehage i Øygarden" to "NLM barnehage Toftøy", but osm has the value "Toftøy barnehage"
Lat/lon has changed, it is advisable to check if this is an improvement in the NBR data or if the kindergarden actually has moved
Run without --batch to update osm
Run without --batch to update osm
Run without --batch to update osm
Unresolved conflict, NBR has modified name="NLM barnehagene avd. Løveparken barnehage" to "Nlm-barnehage Løveparken", but osm has the value "Løveparken barnehage"
Run without --batch to update osm
Lat/lon has changed, it is advisable to check if this is an improvement in the NBR data or if the kindergarden actually has moved
Run without --batch to update osm
Run without --batch to update osm
Unresolved conflict, NBR has modified name="Læringsverkstedet barnehage avd. Gardstunet barnehage" to "Læringsverkstedet Gardstunet naturbarnehage", but osm has the value "Gardstunet barnehage"
Run without --batch to update osm
Run without --batch to update osm
Run without --batch to update osm
Run without --batch to update osm
Lat/lon has changed, it is advisable to check if this is an improvement in the NBR data or if the kindergarden actually has moved
Run without --batch to update osm
Run without --batch to update osm
Run without --batch to update osm
Run without --batch to update osm
Run without --batch to update osm
Run without --batch to update osm
Unresolved conflict, NBR has modified name="Nlm-barnehage i Øygarden" to "NLM barnehage Toftøy", but osm has the value "Toftøy barnehage"
Run without --batch to update osm
Lat/lon has changed, it is advisable to check if this is an improvement in the NBR data or if the kindergarden actually has moved
Run without --batch to update osm
Lat/lon has changed, it is advisable to check if this is an improvement in the NBR data or if the kindergarden actually has moved
Run without --batch to update osm
Run without --batch to update osm
Run without --batch to update osm
Run without --batch to update osm
Run without --batch to update osm
Lat/lon has changed, it is advisable to check if this is an improvement in the NBR data or if the kindergarden actually has moved
Run without --batch to update osm
make[1]: Leaving directory '/home/ob/Programming/Python/osm/barnehagefakta_osm/barnehagefakta_osm_data'
make update_html
make[1]: Entering directory '/home/ob/Programming/Python/osm/barnehagefakta_osm/barnehagefakta_osm_data'
. venv/bin/activate; python ../generate_html.py
no datadiff found, no pretty dictionary diff for you.
WARNING:barnehagefakta.generate_html:Not yet supported, unable to get lat/lon from Relations
WARNING:barnehagefakta.generate_html:Not yet supported, unable to get lat/lon from Relations
WARNING:barnehagefakta.generate_html:Not yet supported, unable to get lat/lon from Relations
WARNING:barnehagefakta.generate_html:Not yet supported, unable to get lat/lon from Relations
WARNING:barnehagefakta.generate_html:Not yet supported, unable to get lat/lon from Relations
WARNING:barnehagefakta.generate_html:Not yet supported, unable to get lat/lon from Relations
WARNING:barnehagefakta.generate_html:Not yet supported, unable to get lat/lon from Relations
WARNING:barnehagefakta.generate_html:Not yet supported, unable to get lat/lon from Relations
WARNING:barnehagefakta.generate_html:Not yet supported, unable to get lat/lon from Relations
WARNING:barnehagefakta.generate_html:Not yet supported, unable to get lat/lon from Relations
WARNING:barnehagefakta.generate_html:Not yet supported, unable to get lat/lon from Relations
WARNING:barnehagefakta.generate_html:Not yet supported, unable to get lat/lon from Relations
WARNING:barnehagefakta.generate_html:Not yet supported, unable to get lat/lon from Relations
WARNING:barnehagefakta.generate_html:Not yet supported, unable to get lat/lon from Relations
WARNING:barnehagefakta.generate_html:Not yet supported, unable to get lat/lon from Relations
WARNING:barnehagefakta.generate_html:Not yet supported, unable to get lat/lon from Relations
WARNING:barnehagefakta.generate_html:Not yet supported, unable to get lat/lon from Relations
WARNING:barnehagefakta.generate_html:Not yet supported, unable to get lat/lon from Relations
WARNING:barnehagefakta.generate_html:Not yet supported, unable to get lat/lon from Relations
WARNING:barnehagefakta.generate_html:Not yet supported, unable to get lat/lon from Relations
WARNING:barnehagefakta.generate_html:Not yet supported, unable to get lat/lon from Relations
WARNING:barnehagefakta.generate_html:Not yet supported, unable to get lat/lon from Relations
WARNING:barnehagefakta.generate_html:Not yet supported, unable to get lat/lon from Relations
WARNING:barnehagefakta.generate_html:Not yet supported, unable to get lat/lon from Relations
WARNING:barnehagefakta.generate_html:Not yet supported, unable to get lat/lon from Relations
WARNING:barnehagefakta.generate_html:Not yet supported, unable to get lat/lon from Relations
WARNING:barnehagefakta.generate_html:Not yet supported, unable to get lat/lon from Relations
WARNING:barnehagefakta.generate_html:Not yet supported, unable to get lat/lon from Relations
WARNING:barnehagefakta.generate_html:Not yet supported, unable to get lat/lon from Relations
WARNING:barnehagefakta.generate_html:Not yet supported, unable to get lat/lon from Relations
WARNING:barnehagefakta.generate_html:Not yet supported, unable to get lat/lon from Relations
WARNING:barnehagefakta.generate_html:Not yet supported, unable to get lat/lon from Relations
WARNING:barnehagefakta.generate_html:Not yet supported, unable to get lat/lon from Relations
WARNING:barnehagefakta.generate_html:Not yet supported, unable to get lat/lon from Relations
WARNING:barnehagefakta.generate_html:Not yet supported, unable to get lat/lon from Relations
WARNING:barnehagefakta.generate_html:Not yet supported, unable to get lat/lon from Relations
WARNING:barnehagefakta.generate_html:Not yet supported, unable to get lat/lon from Relations
WARNING:barnehagefakta.generate_html:Not yet supported, unable to get lat/lon from Relations
WARNING:barnehagefakta.generate_html:Not yet supported, unable to get lat/lon from Relations
WARNING:barnehagefakta.generate_html:Not yet supported, unable to get lat/lon from Relations
WARNING:barnehagefakta.generate_html:Not yet supported, unable to get lat/lon from Relations
WARNING:barnehagefakta.generate_html:Not yet supported, unable to get lat/lon from Relations
WARNING:barnehagefakta.generate_html:Not yet supported, unable to get lat/lon from Relations
WARNING:barnehagefakta.generate_html:Not yet supported, unable to get lat/lon from Relations
WARNING:barnehagefakta.generate_html:Not yet supported, unable to get lat/lon from Relations
WARNING:barnehagefakta.generate_html:Not yet supported, unable to get lat/lon from Relations
WARNING:barnehagefakta.generate_html:Not yet supported, unable to get lat/lon from Relations
WARNING:barnehagefakta.generate_html:Not yet supported, unable to get lat/lon from Relations
WARNING:barnehagefakta.generate_html:Not yet supported, unable to get lat/lon from Relations
WARNING:barnehagefakta.generate_html:Not yet supported, unable to get lat/lon from Relations
WARNING:barnehagefakta.generate_html:Not yet supported, unable to get lat/lon from Relations
WARNING:barnehagefakta.generate_html:Not yet supported, unable to get lat/lon from Relations
Overpass returned 1593 objects
make[1]: Leaving directory '/home/ob/Programming/Python/osm/barnehagefakta_osm/barnehagefakta_osm_data'
make push_html
make[1]: Entering directory '/home/ob/Programming/Python/osm/barnehagefakta_osm/barnehagefakta_osm_data'
/usr/bin/git add -A
/usr/bin/git commit -am "data update"
