2015-12-27 11:18:09,410 - barnehagefakta.update_osm - INFO - Done
2015-12-27 11:30:20,878 - barnehagefakta.update_osm - INFO - Done
2015-12-27 11:35:04,052 - barnehagefakta.update_osm - INFO - Done
2015-12-31 00:51:11,528 - barnehagefakta.update_osm - INFO - 1025892: outdated = "data/0227/barnehagefakta_no_nbrId1025892-2015-12-30-OUTDATED.json", updated = "data/0227/barnehagefakta_no_nbrId1025892.json"
2015-12-31 00:51:11,529 - barnehagefakta.update_osm - INFO - nbrid = 1025892 was 404, removing
2015-12-31 00:51:13,318 - barnehagefakta.update_osm - INFO - 1016709: outdated = "data/1201/barnehagefakta_no_nbrId1016709-2015-12-30-OUTDATED.json", updated = "data/1201/barnehagefakta_no_nbrId1016709.json"
2015-12-31 00:51:13,356 - barnehagefakta.update_osm - INFO - nbrid = 1016709 was 404, removing
2015-12-31 00:51:13,357 - barnehagefakta.update_osm - INFO - 1017889: outdated = "data/1201/barnehagefakta_no_nbrId1017889-2015-12-30-OUTDATED.json", updated = "data/1201/barnehagefakta_no_nbrId1017889.json"
2015-12-31 00:51:13,358 - barnehagefakta.update_osm - INFO - nbrid = 1017889 was 404, removing
2015-12-31 00:51:13,359 - barnehagefakta.update_osm - INFO - 1019619: outdated = "data/1201/barnehagefakta_no_nbrId1019619-2015-12-30-OUTDATED.json", updated = "data/1201/barnehagefakta_no_nbrId1019619.json"
2015-12-31 00:51:13,360 - barnehagefakta.update_osm - INFO - nbrid = 1019619 was 404, removing
2015-12-31 00:51:13,361 - barnehagefakta.update_osm - INFO - 1019684: outdated = "data/1201/barnehagefakta_no_nbrId1019684-2015-12-30-OUTDATED.json", updated = "data/1201/barnehagefakta_no_nbrId1019684.json"
2015-12-31 00:51:13,362 - barnehagefakta.update_osm - INFO - nbrid = 1019684 was 404, removing
2015-12-31 00:51:13,363 - barnehagefakta.update_osm - INFO - 1019831: outdated = "data/1201/barnehagefakta_no_nbrId1019831-2015-12-30-OUTDATED.json", updated = "data/1201/barnehagefakta_no_nbrId1019831.json"
2015-12-31 00:51:13,364 - barnehagefakta.update_osm - INFO - nbrid = 1019831 was 404, removing
2015-12-31 00:51:13,365 - barnehagefakta.update_osm - INFO - 1020415: outdated = "data/1201/barnehagefakta_no_nbrId1020415-2015-12-30-OUTDATED.json", updated = "data/1201/barnehagefakta_no_nbrId1020415.json"
2015-12-31 00:51:13,372 - barnehagefakta - INFO - 1020415, Created node <node id="-1" lat="60.35293" lon="5.296362">
	<tag k="amenity" v="kindergarten" />
	<tag k="contact:email" v="fyllingsdalen.menighet@bkf.no" />
	<tag k="name" v="Liten og Stor Åpen barnehage" />
	<tag k="no-barnehage:nsrid" v="1020415" />
	<tag k="operator:type" v="private" />
	<tag k="start_date" v="2010-09-01" />
</node>

2015-12-31 00:51:13,373 - barnehagefakta - INFO - 1020415, Created node <node id="-2" lat="60.35293" lon="5.296362">
	<tag k="amenity" v="kindergarten" />
	<tag k="contact:email" v="fyllingsdalen.menighet@bkf.no" />
	<tag k="contact:website" v="http://bergen.kirken.no/fyllingsdalen" />
	<tag k="name" v="Liten og Stor Åpen barnehage" />
	<tag k="no-barnehage:nsrid" v="1020415" />
	<tag k="operator:type" v="private" />
	<tag k="start_date" v="2010-09-01" />
</node>

2015-12-31 00:51:13,374 - barnehagefakta.update_osm - DEBUG - cached overpass filename "overpass_api_cache_-_bbox3.867187457.6336331.9658271.6498329.xml"
2015-12-31 00:51:26,537 - barnehagefakta.update_osm - INFO - nbrid = 1020415 has not been added to osm, removing the OUTDATED file
2015-12-31 00:51:26,850 - barnehagefakta.update_osm - INFO - 1020520: outdated = "data/1201/barnehagefakta_no_nbrId1020520-2015-12-30-OUTDATED.json", updated = "data/1201/barnehagefakta_no_nbrId1020520.json"
2015-12-31 00:51:26,952 - barnehagefakta.update_osm - INFO - nbrid = 1020520 was 404, removing
2015-12-31 00:51:26,953 - barnehagefakta.update_osm - INFO - 1020873: outdated = "data/1201/barnehagefakta_no_nbrId1020873-2015-12-30-OUTDATED.json", updated = "data/1201/barnehagefakta_no_nbrId1020873.json"
2015-12-31 00:51:26,954 - barnehagefakta.update_osm - INFO - nbrid = 1020873 was 404, removing
2015-12-31 00:51:26,955 - barnehagefakta.update_osm - INFO - 1020904: outdated = "data/1201/barnehagefakta_no_nbrId1020904-2015-12-30-OUTDATED.json", updated = "data/1201/barnehagefakta_no_nbrId1020904.json"
2015-12-31 00:51:26,998 - barnehagefakta.update_osm - INFO - nbrid = 1020904 was 404, removing
2015-12-31 00:51:26,999 - barnehagefakta.update_osm - INFO - 1021147: outdated = "data/1201/barnehagefakta_no_nbrId1021147-2015-12-30-OUTDATED.json", updated = "data/1201/barnehagefakta_no_nbrId1021147.json"
2015-12-31 00:51:26,999 - barnehagefakta.update_osm - INFO - nbrid = 1021147 was 404, removing
2015-12-31 00:51:27,000 - barnehagefakta.update_osm - INFO - 1021479: outdated = "data/1201/barnehagefakta_no_nbrId1021479-2015-12-30-OUTDATED.json", updated = "data/1201/barnehagefakta_no_nbrId1021479.json"
2015-12-31 00:51:27,002 - barnehagefakta.update_osm - INFO - nbrid = 1021479 was 404, removing
2015-12-31 00:51:27,003 - barnehagefakta.update_osm - INFO - 1021519: outdated = "data/1201/barnehagefakta_no_nbrId1021519-2015-12-30-OUTDATED.json", updated = "data/1201/barnehagefakta_no_nbrId1021519.json"
2015-12-31 00:51:27,004 - barnehagefakta.update_osm - INFO - nbrid = 1021519 was 404, removing
2015-12-31 00:51:27,005 - barnehagefakta.update_osm - INFO - 1021678: outdated = "data/1201/barnehagefakta_no_nbrId1021678-2015-12-30-OUTDATED.json", updated = "data/1201/barnehagefakta_no_nbrId1021678.json"
2015-12-31 00:51:27,006 - barnehagefakta.update_osm - INFO - nbrid = 1021678 was 404, removing
2015-12-31 00:51:27,006 - barnehagefakta.update_osm - INFO - 1021917: outdated = "data/1201/barnehagefakta_no_nbrId1021917-2015-12-30-OUTDATED.json", updated = "data/1201/barnehagefakta_no_nbrId1021917.json"
2015-12-31 00:51:27,007 - barnehagefakta.update_osm - INFO - nbrid = 1021917 was 404, removing
2015-12-31 00:51:27,007 - barnehagefakta.update_osm - INFO - 1022141: outdated = "data/1201/barnehagefakta_no_nbrId1022141-2015-12-30-OUTDATED.json", updated = "data/1201/barnehagefakta_no_nbrId1022141.json"
2015-12-31 00:51:27,008 - barnehagefakta.update_osm - INFO - nbrid = 1022141 was 404, removing
2015-12-31 00:51:27,009 - barnehagefakta.update_osm - INFO - 1022142: outdated = "data/1201/barnehagefakta_no_nbrId1022142-2015-12-30-OUTDATED.json", updated = "data/1201/barnehagefakta_no_nbrId1022142.json"
2015-12-31 00:51:27,009 - barnehagefakta.update_osm - INFO - nbrid = 1022142 was 404, removing
2015-12-31 00:51:27,010 - barnehagefakta.update_osm - INFO - 1022144: outdated = "data/1201/barnehagefakta_no_nbrId1022144-2015-12-30-OUTDATED.json", updated = "data/1201/barnehagefakta_no_nbrId1022144.json"
2015-12-31 00:51:27,011 - barnehagefakta.update_osm - INFO - nbrid = 1022144 was 404, removing
2015-12-31 00:51:27,011 - barnehagefakta.update_osm - INFO - 1022178: outdated = "data/1201/barnehagefakta_no_nbrId1022178-2015-12-30-OUTDATED.json", updated = "data/1201/barnehagefakta_no_nbrId1022178.json"
2015-12-31 00:51:27,012 - barnehagefakta.update_osm - INFO - nbrid = 1022178 was 404, removing
2015-12-31 00:51:27,014 - barnehagefakta.update_osm - INFO - 1022234: outdated = "data/1201/barnehagefakta_no_nbrId1022234-2015-12-30-OUTDATED.json", updated = "data/1201/barnehagefakta_no_nbrId1022234.json"
2015-12-31 00:51:27,019 - barnehagefakta.update_osm - INFO - nbrid = 1022234 was 404, removing
2015-12-31 00:51:27,019 - barnehagefakta.update_osm - INFO - 1022410: outdated = "data/1201/barnehagefakta_no_nbrId1022410-2015-12-30-OUTDATED.json", updated = "data/1201/barnehagefakta_no_nbrId1022410.json"
2015-12-31 00:51:27,021 - barnehagefakta - INFO - 1022410, Created node <node id="-3" lat="60.48591" lon="5.270676">
	<tag k="amenity" v="kindergarten" />
	<tag k="capacity" v="47" />
	<tag k="max_age" v="5" />
	<tag k="min_age" v="1" />
	<tag k="name" v="Kidsa Toppemyr" />
	<tag k="no-barnehage:nsrid" v="1022410" />
	<tag k="operator:type" v="private" />
	<tag k="start_date" v="2011-04-01" />
</node>

2015-12-31 00:51:27,022 - barnehagefakta - INFO - 1022410, Created node <node id="-4" lat="60.48591" lon="5.270676">
	<tag k="amenity" v="kindergarten" />
	<tag k="capacity" v="47" />
	<tag k="max_age" v="5" />
	<tag k="min_age" v="1" />
	<tag k="name" v="Kidsa Toppemyr AS" />
	<tag k="no-barnehage:nsrid" v="1022410" />
	<tag k="operator:type" v="private" />
	<tag k="start_date" v="2011-04-01" />
</node>

2015-12-31 00:51:27,022 - barnehagefakta.update_osm - DEBUG - cached overpass filename "overpass_api_cache_-_bbox3.867187457.6336331.9658271.6498329.xml"
2015-12-31 00:51:27,111 - barnehagefakta.update_osm - INFO - nbrid = 1022410 has not been added to osm, removing the OUTDATED file
2015-12-31 00:51:27,112 - barnehagefakta.update_osm - INFO - 1022418: outdated = "data/1201/barnehagefakta_no_nbrId1022418-2015-12-30-OUTDATED.json", updated = "data/1201/barnehagefakta_no_nbrId1022418.json"
2015-12-31 00:51:27,114 - barnehagefakta - INFO - 1022418, Created node <node id="-5" lat="60.33997" lon="5.27176">
	<tag k="amenity" v="kindergarten" />
	<tag k="capacity" v="48" />
	<tag k="max_age" v="5" />
	<tag k="min_age" v="1" />
	<tag k="name" v="Kidsa Varden" />
	<tag k="no-barnehage:nsrid" v="1022418" />
	<tag k="operator:type" v="private" />
	<tag k="start_date" v="2010-10-29" />
</node>

2015-12-31 00:51:27,115 - barnehagefakta - INFO - 1022418, Created node <node id="-6" lat="60.33997" lon="5.27176">
	<tag k="amenity" v="kindergarten" />
	<tag k="capacity" v="48" />
	<tag k="max_age" v="5" />
	<tag k="min_age" v="1" />
	<tag k="name" v="Kidsa Varden" />
	<tag k="no-barnehage:nsrid" v="1022418" />
	<tag k="operator:type" v="private" />
	<tag k="start_date" v="2010-10-29" />
</node>

2015-12-31 00:51:27,115 - barnehagefakta.update_osm - INFO - nbrid = 1022418 no relevant tags changed, removing
2015-12-31 00:51:27,116 - barnehagefakta.update_osm - INFO - 1025516: outdated = "data/1201/barnehagefakta_no_nbrId1025516-2015-12-30-OUTDATED.json", updated = "data/1201/barnehagefakta_no_nbrId1025516.json"
2015-12-31 00:51:27,117 - barnehagefakta.update_osm - INFO - nbrid = 1025516 was 404, removing
2015-12-31 00:51:27,117 - barnehagefakta.update_osm - INFO - 1025720: outdated = "data/1201/barnehagefakta_no_nbrId1025720-2015-12-30-OUTDATED.json", updated = "data/1201/barnehagefakta_no_nbrId1025720.json"
2015-12-31 00:51:27,118 - barnehagefakta.update_osm - INFO - nbrid = 1025720 was 404, removing
2015-12-31 00:51:27,118 - barnehagefakta.update_osm - INFO - 1025754: outdated = "data/1201/barnehagefakta_no_nbrId1025754-2015-12-30-OUTDATED.json", updated = "data/1201/barnehagefakta_no_nbrId1025754.json"
2015-12-31 00:51:27,119 - barnehagefakta.update_osm - INFO - nbrid = 1025754 was 404, removing
2015-12-31 00:51:34,144 - barnehagefakta.update_osm - INFO - Done
