barnehagefakta.get - WARNING - Change in response for id=1021394, archiving old result
barnehagefakta.get - WARNING - Change in response for id=1021899, archiving old result
barnehagefakta.get - WARNING - Change in response for id=1015524, archiving old result
barnehagefakta.get - WARNING - Change in response for id=1020388, archiving old result
barnehagefakta.get - WARNING - Change in response for id=1021610, archiving old result
barnehagefakta.get - WARNING - Change in response for id=1020164, archiving old result
barnehagefakta.get - WARNING - Change in response for id=1015787, archiving old result
barnehagefakta.get - WARNING - Change in response for id=1020056, archiving old result
barnehagefakta.get - WARNING - Change in response for id=1016718, archiving old result
barnehagefakta.get - WARNING - Change in response for id=1021831, archiving old result
barnehagefakta.get - WARNING - Change in response for id=1022008, archiving old result
barnehagefakta.get - WARNING - Change in response for id=1021457, archiving old result
barnehagefakta.get - WARNING - Change in response for id=1021561, archiving old result
barnehagefakta.get - WARNING - Change in response for id=1021636, archiving old result
barnehagefakta.get - WARNING - Change in response for id=1021663, archiving old result
barnehagefakta.get - WARNING - Change in response for id=1022432, archiving old result
barnehagefakta.get - WARNING - Change in response for id=1020294, archiving old result
barnehagefakta.get - WARNING - Change in response for id=2000125, archiving old result
barnehagefakta.get - WARNING - Change in response for id=1016832, archiving old result
barnehagefakta.get - WARNING - Change in response for id=1021354, archiving old result
barnehagefakta.get - WARNING - Change in response for id=1014071, archiving old result
barnehagefakta - WARNING - The name from https://nbr.udir.no/enhet/1014071 differ from http://barnehagefakta.no/api/barnehage/1014071,"Gimle Oppveksttun Barnehage" != "Gimle Oppveksttun - barnehage"
barnehagefakta.get - WARNING - Change in response for id=1025934, archiving old result
barnehagefakta.get - WARNING - Change in response for id=1021594, archiving old result
barnehagefakta.get - WARNING - Change in response for id=1021412, archiving old result
barnehagefakta.get - WARNING - Change in response for id=1015914, archiving old result
barnehagefakta.get - WARNING - Change in response for id=1016691, archiving old result
barnehagefakta.get - WARNING - Change in response for id=1020987, archiving old result
barnehagefakta.get - WARNING - Change in response for id=1022414, archiving old result
barnehagefakta.get - WARNING - Change in response for id=1020243, archiving old result
barnehagefakta.get - WARNING - Change in response for id=1022427, archiving old result
barnehagefakta.get - WARNING - Change in response for id=1022421, archiving old result
barnehagefakta.get - WARNING - Change in response for id=1021503, archiving old result
barnehagefakta.get - WARNING - Change in response for id=1022420, archiving old result
barnehagefakta.get - WARNING - Change in response for id=1022426, archiving old result
barnehagefakta.get - WARNING - Change in response for id=1022415, archiving old result
barnehagefakta.get - WARNING - Change in response for id=1022410, archiving old result
barnehagefakta.get - WARNING - Change in response for id=1022418, archiving old result
barnehagefakta.get - WARNING - Change in response for id=1022416, archiving old result
barnehagefakta.get - WARNING - Change in response for id=1014237, archiving old result
barnehagefakta.get - WARNING - Change in response for id=1014279, archiving old result
barnehagefakta.get - WARNING - Change in response for id=1019754, archiving old result
barnehagefakta.get - WARNING - Change in response for id=1014969, archiving old result
barnehagefakta.get - WARNING - Change in response for id=1016695, archiving old result
barnehagefakta.get - WARNING - Change in response for id=1020415, archiving old result
barnehagefakta - WARNING - The name from https://nbr.udir.no/enhet/1014070 differ from http://barnehagefakta.no/api/barnehage/1014070,"Lyshovden Oppveksttun Avd barnehage" != "Lyshovden Oppveksttun - barnehage"
barnehagefakta.get - WARNING - Change in response for id=1021910, archiving old result
barnehagefakta - WARNING - The name from https://nbr.udir.no/enhet/1021910 differ from http://barnehagefakta.no/api/barnehage/1021910,"Læringsverkstedet barnehage Avd Steinsvikskroken" != "Læringsverkstedet barnehage Avd Steinsvikkroken"
barnehagefakta.get - WARNING - Change in response for id=1021411, archiving old result
barnehagefakta.get - WARNING - Change in response for id=1013152, archiving old result
barnehagefakta.get - WARNING - Change in response for id=1021626, archiving old result
barnehagefakta - WARNING - The name from https://nbr.udir.no/enhet/1014069 differ from http://barnehagefakta.no/api/barnehage/1014069,"Løvås Oppveksttun Avd barnehage" != "Løvås Oppveksttun - barnehage"
barnehagefakta.get - WARNING - Change in response for id=1022229, archiving old result
barnehagefakta.get - WARNING - Change in response for id=1021176, archiving old result
barnehagefakta - WARNING - The name from https://nbr.udir.no/enhet/2000092 differ from http://barnehagefakta.no/api/barnehage/2000092,"Møhlenpris Oppveksttun Avd barnehage" != "Møhlenpris Oppveksttun - barnehage"
barnehagefakta - WARNING - The name from https://nbr.udir.no/enhet/2000093 differ from http://barnehagefakta.no/api/barnehage/2000093,"Nattland Oppveksttun Avd barnehage" != "Nattland Oppveksttun - barnehage"
barnehagefakta.get - WARNING - Change in response for id=1025754, archiving old result
barnehagefakta.get - WARNING - Change in response for id=1018575, archiving old result
barnehagefakta.get - WARNING - Change in response for id=1019690, archiving old result
barnehagefakta - WARNING - The name from https://nbr.udir.no/enhet/1022468 differ from http://barnehagefakta.no/api/barnehage/1022468,"Norlandia Cappella barnehage" != "Norlandia Capella barnehage"
barnehagefakta.get - WARNING - Change in response for id=1021719, archiving old result
barnehagefakta.get - WARNING - Change in response for id=1020591, archiving old result
barnehagefakta.get - WARNING - Change in response for id=1016699, archiving old result
barnehagefakta.get - WARNING - Change in response for id=1016853, archiving old result
barnehagefakta.get - WARNING - Change in response for id=1016704, archiving old result
barnehagefakta.get - WARNING - Change in response for id=1020691, archiving old result
barnehagefakta.get - WARNING - Change in response for id=1013520, archiving old result
barnehagefakta.get - WARNING - Change in response for id=1020299, archiving old result
barnehagefakta.get - WARNING - Change in response for id=1016683, archiving old result
barnehagefakta.get - WARNING - Change in response for id=1021139, archiving old result
barnehagefakta.get - WARNING - Change in response for id=1019510, archiving old result
barnehagefakta.get - WARNING - Change in response for id=1020741, archiving old result
barnehagefakta - WARNING - The name from https://nbr.udir.no/enhet/1018383 differ from http://barnehagefakta.no/api/barnehage/1018383,"Øyjorden barnehage" != "Øyjordet barnehage"
