barnehagefakta.get - WARNING - Change in response for id=1012771, archiving old result
barnehagefakta - WARNING - The name from https://nbr.udir.no/enhet/1012771 differ from http://barnehagefakta.no/api/barnehage/1012771,"Augestad barnehage Avd Tårnåsen" != "Augestad barnehage Tårnåsen"
barnehagefakta.get - WARNING - Change in response for id=1012779, archiving old result
barnehagefakta - WARNING - The name from https://nbr.udir.no/enhet/1012779 differ from http://barnehagefakta.no/api/barnehage/1012779,"Augestad barnehage Avd Øståsen" != "Augestad barnehage Øståsen"
barnehagefakta.get - WARNING - Change in response for id=1012845, archiving old result
barnehagefakta.get - WARNING - Change in response for id=1021180, archiving old result
barnehagefakta.get - WARNING - Change in response for id=2000313, archiving old result
barnehagefakta.get - WARNING - Change in response for id=1013112, archiving old result
barnehagefakta.get - WARNING - Change in response for id=1013866, archiving old result
barnehagefakta.get - WARNING - Change in response for id=1020716, archiving old result
barnehagefakta.get - WARNING - Change in response for id=1016196, archiving old result
barnehagefakta - WARNING - The name from https://nbr.udir.no/enhet/1016196 differ from http://barnehagefakta.no/api/barnehage/1016196,"Ingierkollen barnehage Avd Kantor" != "Ingierkollen barnehage Kantor"
barnehagefakta.get - WARNING - Change in response for id=1025360, archiving old result
barnehagefakta - WARNING - The name from https://nbr.udir.no/enhet/1025360 differ from http://barnehagefakta.no/api/barnehage/1025360,"Ingierkollen barnehage Avd Ingieråsen" != "Ingierkollen barnehage Ingieråsen"
barnehagefakta.get - WARNING - Change in response for id=1013218, archiving old result
barnehagefakta - WARNING - The name from https://nbr.udir.no/enhet/1013218 differ from http://barnehagefakta.no/api/barnehage/1013218,"Kolbotn barnehage Avd Liaveien" != "Kolbotn barnehage Liaveien"
barnehagefakta.get - WARNING - Change in response for id=1012773, archiving old result
barnehagefakta - WARNING - The name from https://nbr.udir.no/enhet/1012773 differ from http://barnehagefakta.no/api/barnehage/1012773,"Kolbotn barnehage Avd Skolebakken" != "Kolbotn barnehage Skolebakken"
barnehagefakta.get - WARNING - Change in response for id=1025368, archiving old result
barnehagefakta.get - WARNING - Change in response for id=1018426, archiving old result
barnehagefakta.get - WARNING - Change in response for id=1020188, archiving old result
barnehagefakta.get - WARNING - Change in response for id=1012775, archiving old result
barnehagefakta.get - WARNING - Change in response for id=1025369, archiving old result
barnehagefakta.get - WARNING - Change in response for id=1020337, archiving old result
barnehagefakta.get - WARNING - Change in response for id=1012842, archiving old result
barnehagefakta.get - WARNING - Change in response for id=1020806, archiving old result
barnehagefakta.get - WARNING - Change in response for id=1015987, archiving old result
barnehagefakta.get - WARNING - Change in response for id=2000038, archiving old result
barnehagefakta.get - WARNING - Change in response for id=1012846, archiving old result
barnehagefakta.get - WARNING - Change in response for id=1016199, archiving old result
barnehagefakta - WARNING - The name from https://nbr.udir.no/enhet/1016199 differ from http://barnehagefakta.no/api/barnehage/1016199,"Trolldalen barnehage Avd Trollåsen" != "Trolldalen barnehage Trollåsen"
barnehagefakta.get - WARNING - Change in response for id=1012770, archiving old result
barnehagefakta - WARNING - The name from https://nbr.udir.no/enhet/1012770 differ from http://barnehagefakta.no/api/barnehage/1012770,"Trolldalen barnehage Avd Vassbonn" != "Trolldalen barnehage Vassbonn"
barnehagefakta.get - WARNING - Change in response for id=1025484, archiving old result
barnehagefakta - WARNING - The name from https://nbr.udir.no/enhet/1025484 differ from http://barnehagefakta.no/api/barnehage/1025484,"Vestre Greverud barnehage Avd Toppenhaug" != "Vestre Greverud barnehage Toppenhaug"
barnehagefakta.get - WARNING - Change in response for id=1012772, archiving old result
barnehagefakta - WARNING - The name from https://nbr.udir.no/enhet/1012772 differ from http://barnehagefakta.no/api/barnehage/1012772,"Vestre Greverud barnehage Avd Flåtestadveien" != "Vestre Greverud barnehage Flåtestadveien"
barnehagefakta.get - WARNING - Change in response for id=1013558, archiving old result
barnehagefakta.get - WARNING - Change in response for id=1012843, archiving old result
barnehagefakta.get - WARNING - Change in response for id=1021328, archiving old result
barnehagefakta.get - WARNING - Change in response for id=1012841, archiving old result
