barnehagefakta - WARNING - Kindergarten "Brevik Oppvekstsenter Avd Barnehage" https://nbr.udir.no/enhet/1015771, returned 404 at http://barnehagefakta.no/api/barnehage/1015771. The kindergarten is probably discontinued.
barnehagefakta - WARNING - Kindergarten "Eplehagen Barnehagen" https://nbr.udir.no/enhet/1020838, returned 404 at http://barnehagefakta.no/api/barnehage/1020838. The kindergarten is probably discontinued.
barnehagefakta - WARNING - Kindergarten "Flåtten barnehage" https://nbr.udir.no/enhet/1017899, returned 404 at http://barnehagefakta.no/api/barnehage/1017899. The kindergarten is probably discontinued.
barnehagefakta - WARNING - Kindergarten "Frednes barnehage" https://nbr.udir.no/enhet/1018033, returned 404 at http://barnehagefakta.no/api/barnehage/1018033. The kindergarten is probably discontinued.
barnehagefakta - WARNING - Kindergarten "Grep Grenland AS" https://nbr.udir.no/enhet/1018037, returned 404 at http://barnehagefakta.no/api/barnehage/1018037. The kindergarten is probably discontinued.
barnehagefakta - WARNING - Kindergarten "Hovettunet barnehage" https://nbr.udir.no/enhet/1019856, returned 404 at http://barnehagefakta.no/api/barnehage/1019856. The kindergarten is probably discontinued.
barnehagefakta - WARNING - Kindergarten "Kirketjernet barnehage" https://nbr.udir.no/enhet/1018034, returned 404 at http://barnehagefakta.no/api/barnehage/1018034. The kindergarten is probably discontinued.
barnehagefakta - WARNING - Kindergarten "Kjellerstua Familiebarnehage AS" https://nbr.udir.no/enhet/1022243, returned 404 at http://barnehagefakta.no/api/barnehage/1022243. The kindergarten is probably discontinued.
barnehagefakta - WARNING - Kindergarten "Liane barnehage AS" https://nbr.udir.no/enhet/1026508, returned 404 at http://barnehagefakta.no/api/barnehage/1026508. The kindergarten is probably discontinued.
barnehagefakta - WARNING - Kindergarten "Liane barnehage Sa" https://nbr.udir.no/enhet/1020014, returned 404 at http://barnehagefakta.no/api/barnehage/1020014. The kindergarten is probably discontinued.
barnehagefakta - WARNING - Kindergarten "Lundelia barnehage" https://nbr.udir.no/enhet/1018035, returned 404 at http://barnehagefakta.no/api/barnehage/1018035. The kindergarten is probably discontinued.
barnehagefakta - WARNING - Kindergarten "Lyngvegen barnehage" https://nbr.udir.no/enhet/1018036, returned 404 at http://barnehagefakta.no/api/barnehage/1018036. The kindergarten is probably discontinued.
barnehagefakta - WARNING - Kindergarten "Melkeveien barnehage AS" https://nbr.udir.no/enhet/1022289, returned 404 at http://barnehagefakta.no/api/barnehage/1022289. The kindergarten is probably discontinued.
barnehagefakta - WARNING - Kindergarten "Min Barnehage, Øyekast AS" https://nbr.udir.no/enhet/1021496, returned 404 at http://barnehagefakta.no/api/barnehage/1021496. The kindergarten is probably discontinued.
barnehagefakta - WARNING - Kindergarten "Nystrand barnehage AS" https://nbr.udir.no/enhet/1021748, returned 404 at http://barnehagefakta.no/api/barnehage/1021748. The kindergarten is probably discontinued.
barnehagefakta - WARNING - Kindergarten "Rypevegen barnehage AS" https://nbr.udir.no/enhet/1021407, returned 404 at http://barnehagefakta.no/api/barnehage/1021407. The kindergarten is probably discontinued.
barnehagefakta - WARNING - Kindergarten "Sandøya Naturbarnehage" https://nbr.udir.no/enhet/1022034, returned 404 at http://barnehagefakta.no/api/barnehage/1022034. The kindergarten is probably discontinued.
barnehagefakta - WARNING - Kindergarten "Sirius Familiebarnehage AS" https://nbr.udir.no/enhet/1022326, returned 404 at http://barnehagefakta.no/api/barnehage/1022326. The kindergarten is probably discontinued.
barnehagefakta - WARNING - Kindergarten "Skogtoppen barnehage AS" https://nbr.udir.no/enhet/1022189, returned 404 at http://barnehagefakta.no/api/barnehage/1022189. The kindergarten is probably discontinued.
barnehagefakta - WARNING - Kindergarten "Skrapeklev barnehage Sa" https://nbr.udir.no/enhet/1020011, returned 404 at http://barnehagefakta.no/api/barnehage/1020011. The kindergarten is probably discontinued.
barnehagefakta - WARNING - Kindergarten "Spire og Gro Barnehagene AS" https://nbr.udir.no/enhet/1022188, returned 404 at http://barnehagefakta.no/api/barnehage/1022188. The kindergarten is probably discontinued.
barnehagefakta - WARNING - Kindergarten "Stulen Gårdsbarnehage AS" https://nbr.udir.no/enhet/1022448, returned 404 at http://barnehagefakta.no/api/barnehage/1022448. The kindergarten is probably discontinued.
barnehagefakta - WARNING - Kindergarten "Tippen barnehage" https://nbr.udir.no/enhet/1019720, returned 404 at http://barnehagefakta.no/api/barnehage/1019720. The kindergarten is probably discontinued.
barnehagefakta - WARNING - Kindergarten "Valhall barnehage" https://nbr.udir.no/enhet/1020718, returned 404 at http://barnehagefakta.no/api/barnehage/1020718. The kindergarten is probably discontinued.
barnehagefakta - WARNING - Kindergarten "Vestsiden barnehage" https://nbr.udir.no/enhet/1019583, returned 404 at http://barnehagefakta.no/api/barnehage/1019583. The kindergarten is probably discontinued.
