barnehagefakta.get - WARNING - Change in response for id=873512032, archiving old result
barnehagefakta.get - WARNING - Change in response for id=975314650, archiving old result
barnehagefakta.get - WARNING - Change in response for id=979332556, archiving old result
barnehagefakta - WARNING - The name from https://nbr.udir.no/enhet/979332556 differ from http://barnehagefakta.no/api/barnehage/979332556,"b'Bygnes Vitenbarnehage'" != "b'Bygnes vitenbarnehage'"
barnehagefakta.get - WARNING - Change in response for id=992840196, archiving old result
barnehagefakta.get - WARNING - Change in response for id=992875194, archiving old result
barnehagefakta.get - WARNING - Change in response for id=992205113, archiving old result
barnehagefakta.get - WARNING - Change in response for id=985488703, archiving old result
barnehagefakta.get - WARNING - Change in response for id=973489321, archiving old result
barnehagefakta.get - WARNING - Change in response for id=972397741, archiving old result
barnehagefakta - WARNING - The name from https://nbr.udir.no/enhet/972397741 differ from http://barnehagefakta.no/api/barnehage/972397741,"b'Hakkebakkeskogen barnehage Vormedal Sa'" != "b'Hakkebakkeskogen barnehage Vormedal SA'"
barnehagefakta - WARNING - The name from https://nbr.udir.no/enhet/973448706 differ from http://barnehagefakta.no/api/barnehage/973448706,"b'Kirketunet barnehage'" != "b'Kirketunet barnehage AS'"
barnehagefakta.get - WARNING - Change in response for id=976828593, archiving old result
barnehagefakta.get - WARNING - Change in response for id=973459716, archiving old result
barnehagefakta.get - WARNING - Change in response for id=873489332, archiving old result
barnehagefakta.get - WARNING - Change in response for id=974797615, archiving old result
barnehagefakta.get - WARNING - Change in response for id=918161899, archiving old result
barnehagefakta.get - WARNING - Change in response for id=983235875, archiving old result
barnehagefakta.get - WARNING - Change in response for id=991496416, archiving old result
barnehagefakta - WARNING - The name from https://nbr.udir.no/enhet/991496416 differ from http://barnehagefakta.no/api/barnehage/991496416,"b'Sandh\xc3\xa5land Musikk-G\xc3\xa5rdsbarnehage AS'" != "b'Sandh\xc3\xa5land musikk-g\xc3\xa5rdsbarnehage AS'"
barnehagefakta.get - WARNING - Change in response for id=975204154, archiving old result
barnehagefakta.get - WARNING - Change in response for id=975290964, archiving old result
barnehagefakta.get - WARNING - Change in response for id=987730951, archiving old result
barnehagefakta.get - WARNING - Change in response for id=975198146, archiving old result
barnehagefakta.get - WARNING - Change in response for id=973459724, archiving old result
barnehagefakta.get - WARNING - Change in response for id=975323595, archiving old result
barnehagefakta.get - WARNING - Change in response for id=991297626, archiving old result
