barnehagefakta.get - WARNING - Change in response for id=973608770, archiving old result
barnehagefakta.get - WARNING - Change in response for id=990527202, archiving old result
barnehagefakta.get - WARNING - Change in response for id=973609009, archiving old result
barnehagefakta - WARNING - The name from https://nbr.udir.no/enhet/973609009 differ from http://barnehagefakta.no/api/barnehage/973609009,"b'Breidablikk Kommunale barnehage'" != "b'Breidablikk kommunale barnehage'"
barnehagefakta.get - WARNING - Change in response for id=984168160, archiving old result
barnehagefakta - WARNING - The name from https://nbr.udir.no/enhet/984168160 differ from http://barnehagefakta.no/api/barnehage/984168160,"b'Brusletta barnehage Sa'" != "b'Brusletta barnehage SA'"
barnehagefakta.get - WARNING - Change in response for id=991542221, archiving old result
barnehagefakta.get - WARNING - Change in response for id=992301872, archiving old result
barnehagefakta - WARNING - The name from https://nbr.udir.no/enhet/992301872 differ from http://barnehagefakta.no/api/barnehage/992301872,"b"Camembert'N Kanvas-Barnehage"" != "b"Camembert'n kanvas-barnehage""
barnehagefakta.get - WARNING - Change in response for id=917329583, archiving old result
barnehagefakta.get - WARNING - Change in response for id=977066026, archiving old result
barnehagefakta.get - WARNING - Change in response for id=880992082, archiving old result
barnehagefakta.get - WARNING - Change in response for id=975301818, archiving old result
barnehagefakta.get - WARNING - Change in response for id=975301826, archiving old result
barnehagefakta.get - WARNING - Change in response for id=873606002, archiving old result
barnehagefakta.get - WARNING - Change in response for id=974555824, archiving old result
barnehagefakta.get - WARNING - Change in response for id=991679529, archiving old result
barnehagefakta - WARNING - The name from https://nbr.udir.no/enhet/991679529 differ from http://barnehagefakta.no/api/barnehage/991679529,"b'Hoppensprett AS Frogner Aktivitetsbarnehage'" != "b'Hoppensprett AS Frogner aktivitetsbarnehage'"
barnehagefakta.get - WARNING - Change in response for id=975295680, archiving old result
barnehagefakta.get - WARNING - Change in response for id=974555832, archiving old result
barnehagefakta.get - WARNING - Change in response for id=999403891, archiving old result
barnehagefakta.get - WARNING - Change in response for id=974555840, archiving old result
barnehagefakta - WARNING - The name from https://nbr.udir.no/enhet/974555840 differ from http://barnehagefakta.no/api/barnehage/974555840,"b'Korshagen Kommunale barnehage'" != "b'Korshagen kommunale barnehage'"
barnehagefakta.get - WARNING - Change in response for id=984723628, archiving old result
barnehagefakta - WARNING - The name from https://nbr.udir.no/enhet/984723628 differ from http://barnehagefakta.no/api/barnehage/984723628,"b'Lahaug G\xc3\xa5rds- og Naturbarnehage AS'" != "b'Lahaug G\xc3\xa5rds- og naturbarnehage AS'"
barnehagefakta.get - WARNING - Change in response for id=916698364, archiving old result
barnehagefakta.get - WARNING - Change in response for id=988526037, archiving old result
barnehagefakta.get - WARNING - Change in response for id=988023698, archiving old result
barnehagefakta.get - WARNING - Change in response for id=973608851, archiving old result
barnehagefakta.get - WARNING - Change in response for id=992366389, archiving old result
barnehagefakta.get - WARNING - Change in response for id=889639482, archiving old result
barnehagefakta.get - WARNING - Change in response for id=888017852, archiving old result
barnehagefakta.get - WARNING - Change in response for id=973606018, archiving old result
barnehagefakta - WARNING - The name from https://nbr.udir.no/enhet/973606018 differ from http://barnehagefakta.no/api/barnehage/973606018,"b'L\xc3\xa6ringsverkstedet barnehage Avd Idrettsbarnehage \xc3\x98stersund'" != "b'L\xc3\xa6ringsverkstedet barnehage Avd idrettsbarnehage \xc3\x98stersund'"
barnehagefakta.get - WARNING - Change in response for id=973608800, archiving old result
barnehagefakta.get - WARNING - Change in response for id=973608843, archiving old result
barnehagefakta.get - WARNING - Change in response for id=920560504, archiving old result
barnehagefakta.get - WARNING - Change in response for id=975295699, archiving old result
barnehagefakta.get - WARNING - Change in response for id=989012037, archiving old result
barnehagefakta.get - WARNING - Change in response for id=989012088, archiving old result
barnehagefakta.get - WARNING - Change in response for id=893017992, archiving old result
barnehagefakta - WARNING - The name from https://nbr.udir.no/enhet/893017992 differ from http://barnehagefakta.no/api/barnehage/893017992,"b'Norlandia Vardefjellet Kulturbarnehage'" != "b'Norlandia Vardefjellet kulturbarnehage'"
barnehagefakta.get - WARNING - Change in response for id=991262865, archiving old result
barnehagefakta.get - WARNING - Change in response for id=988529036, archiving old result
barnehagefakta.get - WARNING - Change in response for id=992763809, archiving old result
barnehagefakta.get - WARNING - Change in response for id=974555859, archiving old result
barnehagefakta - WARNING - The name from https://nbr.udir.no/enhet/974555859 differ from http://barnehagefakta.no/api/barnehage/974555859,"b'Str\xc3\xb8mmmen Kommunale barnehage'" != "b'Str\xc3\xb8mmmen kommunale barnehage'"
barnehagefakta.get - WARNING - Change in response for id=999450830, archiving old result
barnehagefakta.get - WARNING - Change in response for id=915482481, archiving old result
barnehagefakta - WARNING - The name from https://nbr.udir.no/enhet/915482481 differ from http://barnehagefakta.no/api/barnehage/915482481,"b'Tienbr\xc3\xa5ten barnehage Ressursbarnehage'" != "b'Tienbr\xc3\xa5ten ressursbarnehage'"
barnehagefakta.get - WARNING - Change in response for id=972215481, archiving old result
barnehagefakta.get - WARNING - Change in response for id=973608746, archiving old result
barnehagefakta.get - WARNING - Change in response for id=973608835, archiving old result
barnehagefakta.get - WARNING - Change in response for id=980470865, archiving old result
barnehagefakta.get - WARNING - Change in response for id=973608797, archiving old result
barnehagefakta.get - WARNING - Change in response for id=914479770, archiving old result
barnehagefakta.get - WARNING - Change in response for id=973608827, archiving old result
