barnehagefakta.get - WARNING - Change in response for id=992627166, archiving old result
barnehagefakta - WARNING - The name from https://nbr.udir.no/enhet/992627166 differ from http://barnehagefakta.no/api/barnehage/992627166,"b'Bergsengveien Familiebarnehage AS'" != "b'Bergsengveien familiebarnehage AS'"
barnehagefakta.get - WARNING - Change in response for id=975313409, archiving old result
barnehagefakta.get - WARNING - Change in response for id=919978856, archiving old result
barnehagefakta.get - WARNING - Change in response for id=819510822, archiving old result
barnehagefakta - WARNING - The name from https://nbr.udir.no/enhet/819510822 differ from http://barnehagefakta.no/api/barnehage/819510822,"b'Furuberget Fus Aktivitetsbarnehage AS'" != "b'Furuberget Fus aktivitetsbarnehage AS'"
barnehagefakta.get - WARNING - Change in response for id=991606521, archiving old result
barnehagefakta - WARNING - The name from https://nbr.udir.no/enhet/991606521 differ from http://barnehagefakta.no/api/barnehage/991606521,"b'Gangs\xc3\xa5stoppen Barnehager Avd Byggeklossen'" != "b'Gangs\xc3\xa5stoppen barnehager Avd Byggeklossen'"
barnehagefakta.get - WARNING - Change in response for id=974627051, archiving old result
barnehagefakta.get - WARNING - Change in response for id=975782409, archiving old result
barnehagefakta - WARNING - The name from https://nbr.udir.no/enhet/975782409 differ from http://barnehagefakta.no/api/barnehage/975782409,"b'Gr\xc3\xb8nnebakkan Andelsbarnehage Sa'" != "b'Gr\xc3\xb8nnebakkan andelsbarnehage SA'"
barnehagefakta.get - WARNING - Change in response for id=914301521, archiving old result
barnehagefakta - WARNING - The name from https://nbr.udir.no/enhet/914301521 differ from http://barnehagefakta.no/api/barnehage/914301521,"b'Heggen Barnehager Avd Gullhaugen'" != "b'Heggen barnehager Avd Gullhaugen'"
barnehagefakta.get - WARNING - Change in response for id=974627086, archiving old result
barnehagefakta - WARNING - The name from https://nbr.udir.no/enhet/974627086 differ from http://barnehagefakta.no/api/barnehage/974627086,"b'Heggen Barnehager Avd Sletta'" != "b'Heggen barnehager Avd Sletta'"
barnehagefakta.get - WARNING - Change in response for id=915830110, archiving old result
barnehagefakta - WARNING - The name from https://nbr.udir.no/enhet/915830110 differ from http://barnehagefakta.no/api/barnehage/915830110,"b'Heggen Barnehager Avd Utsikten'" != "b'Heggen barnehager Avd Utsikten'"
barnehagefakta.get - WARNING - Change in response for id=973712705, archiving old result
barnehagefakta.get - WARNING - Change in response for id=996311783, archiving old result
barnehagefakta.get - WARNING - Change in response for id=974627000, archiving old result
barnehagefakta - WARNING - The name from https://nbr.udir.no/enhet/974627000 differ from http://barnehagefakta.no/api/barnehage/974627000,"b'Nordhusan Barnehager Avd Hagebyen'" != "b'Nordhusan barnehager Avd Hagebyen'"
barnehagefakta.get - WARNING - Change in response for id=974627019, archiving old result
barnehagefakta - WARNING - The name from https://nbr.udir.no/enhet/974627019 differ from http://barnehagefakta.no/api/barnehage/974627019,"b'Nordhusan Barnehager Avd Barnely'" != "b'Nordhusan barnehager Avd Barnely'"
barnehagefakta.get - WARNING - Change in response for id=974627078, archiving old result
barnehagefakta - WARNING - The name from https://nbr.udir.no/enhet/974627078 differ from http://barnehagefakta.no/api/barnehage/974627078,"b'Nordhusan Barnehager Avd Bergseng'" != "b'Nordhusan barnehager Avd Bergseng'"
barnehagefakta.get - WARNING - Change in response for id=915751946, archiving old result
barnehagefakta - WARNING - The name from https://nbr.udir.no/enhet/915751946 differ from http://barnehagefakta.no/api/barnehage/915751946,"b'Nordhusan Barnehager Avd Ervik'" != "b'Nordhusan barnehager Avd Ervik'"
barnehagefakta.get - WARNING - Change in response for id=992071435, archiving old result
barnehagefakta - WARNING - The name from https://nbr.udir.no/enhet/992071435 differ from http://barnehagefakta.no/api/barnehage/992071435,"b'Nordhusan Barnehager Avd Froskedammen'" != "b'Nordhusan barnehager Avd Froskedammen'"
barnehagefakta.get - WARNING - Change in response for id=915671233, archiving old result
barnehagefakta.get - WARNING - Change in response for id=993176087, archiving old result
barnehagefakta - WARNING - The name from https://nbr.udir.no/enhet/993176087 differ from http://barnehagefakta.no/api/barnehage/993176087,"b'S\xc3\xb8rhusan Barnehager Avd Fauskev\xc3\xa5g'" != "b'S\xc3\xb8rhusan barnehager Avd Fauskev\xc3\xa5g'"
barnehagefakta.get - WARNING - Change in response for id=874627062, archiving old result
barnehagefakta - WARNING - The name from https://nbr.udir.no/enhet/874627062 differ from http://barnehagefakta.no/api/barnehage/874627062,"b'S\xc3\xb8rhusan Barnehager Avd Breivika'" != "b'S\xc3\xb8rhusan barnehager Avd Breivika'"
barnehagefakta.get - WARNING - Change in response for id=974627116, archiving old result
barnehagefakta - WARNING - The name from https://nbr.udir.no/enhet/974627116 differ from http://barnehagefakta.no/api/barnehage/974627116,"b'S\xc3\xb8rhusan Barnehager Avd Gausvik'" != "b'S\xc3\xb8rhusan barnehager Avd Gausvik'"
barnehagefakta.get - WARNING - Change in response for id=989158147, archiving old result
barnehagefakta - WARNING - The name from https://nbr.udir.no/enhet/989158147 differ from http://barnehagefakta.no/api/barnehage/989158147,"b'S\xc3\xb8rhusan Barnehager Avd H\xc3\xb8gholtet'" != "b'S\xc3\xb8rhusan barnehager Avd H\xc3\xb8gholtet'"
barnehagefakta.get - WARNING - Change in response for id=975184137, archiving old result
barnehagefakta - WARNING - The name from https://nbr.udir.no/enhet/975184137 differ from http://barnehagefakta.no/api/barnehage/975184137,"b'Trondarnes Musikkbarnehage'" != "b'Trondarnes musikkbarnehage'"
