barnehagefakta.get - WARNING - Change in response for id=1025491, archiving old result
barnehagefakta.get - WARNING - Change in response for id=1025490, archiving old result
barnehagefakta.get - WARNING - Change in response for id=1025609, archiving old result
barnehagefakta.get - WARNING - Change in response for id=1025457, archiving old result
barnehagefakta.get - WARNING - Change in response for id=1021225, archiving old result
barnehagefakta - WARNING - The name from https://nbr.udir.no/enhet/1021225 differ from http://barnehagefakta.no/api/barnehage/1021225,"Askeladden barnehage Borg AS Avd Storgata" != "Askeladden barnehage Borg AS Avd Albert Moeskausvei 23/25"
barnehagefakta.get - WARNING - Change in response for id=1025492, archiving old result
barnehagefakta.get - WARNING - Change in response for id=1021767, archiving old result
barnehagefakta.get - WARNING - Change in response for id=1025948, archiving old result
barnehagefakta.get - WARNING - Change in response for id=1022310, archiving old result
barnehagefakta.get - WARNING - Change in response for id=1019971, archiving old result
barnehagefakta.get - WARNING - Change in response for id=1022436, archiving old result
barnehagefakta.get - WARNING - Change in response for id=1015548, archiving old result
barnehagefakta.get - WARNING - Change in response for id=1021697, archiving old result
barnehagefakta.get - WARNING - Change in response for id=1017513, archiving old result
barnehagefakta.get - WARNING - Change in response for id=1017507, archiving old result
barnehagefakta.get - WARNING - Change in response for id=1021248, archiving old result
barnehagefakta.get - WARNING - Change in response for id=1017494, archiving old result
barnehagefakta.get - WARNING - Change in response for id=1018467, archiving old result
barnehagefakta.get - WARNING - Change in response for id=1019623, archiving old result
barnehagefakta.get - WARNING - Change in response for id=1017036, archiving old result
barnehagefakta.get - WARNING - Change in response for id=1013483, archiving old result
barnehagefakta.get - WARNING - Change in response for id=1019772, archiving old result
barnehagefakta.get - WARNING - Change in response for id=1012601, archiving old result
barnehagefakta.get - WARNING - Change in response for id=1013013, archiving old result
barnehagefakta.get - WARNING - Change in response for id=1012976, archiving old result
barnehagefakta.get - WARNING - Change in response for id=1021389, archiving old result
barnehagefakta.get - WARNING - Change in response for id=1016769, archiving old result
barnehagefakta.get - WARNING - Change in response for id=1019647, archiving old result
barnehagefakta.get - WARNING - Change in response for id=1019929, archiving old result
barnehagefakta.get - WARNING - Change in response for id=1021370, archiving old result
barnehagefakta.get - WARNING - Change in response for id=1022422, archiving old result
barnehagefakta.get - WARNING - Change in response for id=1021460, archiving old result
barnehagefakta.get - WARNING - Change in response for id=1014002, archiving old result
barnehagefakta - WARNING - The name from https://nbr.udir.no/enhet/1014002 differ from http://barnehagefakta.no/api/barnehage/1014002,"Sandbakken barnehage" != "Sandbakken barnehage Reggio Emilia-Inspirert Naturgruppe"
barnehagefakta.get - WARNING - Change in response for id=1017367, archiving old result
barnehagefakta - WARNING - The name from https://nbr.udir.no/enhet/1017367 differ from http://barnehagefakta.no/api/barnehage/1017367,"Sarpsborgmarka barnehage" != "Sarpsborgmarka barnehage Reggio Emilia-Inspirert Naturgruppe"
barnehagefakta.get - WARNING - Change in response for id=1020993, archiving old result
barnehagefakta.get - WARNING - Change in response for id=1021131, archiving old result
barnehagefakta - WARNING - The name from https://nbr.udir.no/enhet/1021131 differ from http://barnehagefakta.no/api/barnehage/1021131,"Snarveien Fus barnehage AS" != "Snarveien Fus barnehage"
barnehagefakta.get - WARNING - Change in response for id=1021766, archiving old result
barnehagefakta.get - WARNING - Change in response for id=1017508, archiving old result
barnehagefakta.get - WARNING - Change in response for id=1013930, archiving old result
barnehagefakta.get - WARNING - Change in response for id=1014205, archiving old result
barnehagefakta.get - WARNING - Change in response for id=1017354, archiving old result
barnehagefakta - WARNING - The name from https://nbr.udir.no/enhet/1017354 differ from http://barnehagefakta.no/api/barnehage/1017354,"Tindlund barnehage" != "Tindlund barnehage Reggio Emilia-Inspirert Naturgruppe"
barnehagefakta.get - WARNING - Change in response for id=1020802, archiving old result
barnehagefakta.get - WARNING - Change in response for id=1015445, archiving old result
barnehagefakta.get - WARNING - Change in response for id=1019985, archiving old result
barnehagefakta.get - WARNING - Change in response for id=1017035, archiving old result
barnehagefakta.get - WARNING - Change in response for id=1020221, archiving old result
barnehagefakta.get - WARNING - Change in response for id=1017355, archiving old result
barnehagefakta.get - WARNING - Change in response for id=1017864, archiving old result
