barnehagefakta.get - WARNING - Change in response for id=980113094, archiving old result
barnehagefakta.get - WARNING - Change in response for id=990527288, archiving old result
barnehagefakta - WARNING - The name from https://nbr.udir.no/enhet/990527288 differ from http://barnehagefakta.no/api/barnehage/990527288,"b'Bukkspranget G\xc3\xa5rds- og Naturbarnehage'" != "b'Bukkspranget G\xc3\xa5rds- og naturbarnehage'"
barnehagefakta.get - WARNING - Change in response for id=975320766, archiving old result
barnehagefakta.get - WARNING - Change in response for id=985770166, archiving old result
barnehagefakta.get - WARNING - Change in response for id=993193968, archiving old result
barnehagefakta - WARNING - The name from https://nbr.udir.no/enhet/993193968 differ from http://barnehagefakta.no/api/barnehage/993193968,"b'Gnist Barnehager Husby\xc3\xa5sen AS'" != "b'Gnist barnehager Husby\xc3\xa5sen AS'"
barnehagefakta.get - WARNING - Change in response for id=975299511, archiving old result
barnehagefakta.get - WARNING - Change in response for id=973470825, archiving old result
barnehagefakta.get - WARNING - Change in response for id=975322165, archiving old result
barnehagefakta - WARNING - The name from https://nbr.udir.no/enhet/991848436 differ from http://barnehagefakta.no/api/barnehage/991848436,"b'L\xc3\xa6ringsverkstedet barnehage Avd T\xc3\xb8ns\xc3\xa5sen Naturbarnehage'" != "b'L\xc3\xa6ringsverkstedet barnehage Avd T\xc3\xb8ns\xc3\xa5sen naturbarnehage'"
barnehagefakta.get - WARNING - Change in response for id=984347189, archiving old result
barnehagefakta - WARNING - The name from https://nbr.udir.no/enhet/984347189 differ from http://barnehagefakta.no/api/barnehage/984347189,"b'L\xc3\xa6ringsverkstedet barnehage Avd Geitspranget Naturbarnehage'" != "b'L\xc3\xa6ringsverkstedet barnehage Avd Geitspranget naturbarnehage'"
barnehagefakta.get - WARNING - Change in response for id=975296806, archiving old result
barnehagefakta.get - WARNING - Change in response for id=897740052, archiving old result
barnehagefakta - WARNING - The name from https://nbr.udir.no/enhet/897740052 differ from http://barnehagefakta.no/api/barnehage/897740052,"b'Medbroen G\xc3\xa5rdsbarnehage'" != "b'Medbroen g\xc3\xa5rdsbarnehage'"
barnehagefakta.get - WARNING - Change in response for id=975296105, archiving old result
barnehagefakta.get - WARNING - Change in response for id=975323994, archiving old result
barnehagefakta.get - WARNING - Change in response for id=975311848, archiving old result
barnehagefakta.get - WARNING - Change in response for id=975311856, archiving old result
barnehagefakta.get - WARNING - Change in response for id=971977612, archiving old result
barnehagefakta.get - WARNING - Change in response for id=986357173, archiving old result
barnehagefakta.get - WARNING - Change in response for id=873489812, archiving old result
