barnehagefakta.get - WARNING - Change in response for id=1022194, archiving old result
barnehagefakta.get - WARNING - Change in response for id=1019819, archiving old result
barnehagefakta.get - WARNING - Change in response for id=1016763, archiving old result
barnehagefakta.get - WARNING - Change in response for id=1019664, archiving old result
barnehagefakta.get - WARNING - Change in response for id=1017671, archiving old result
barnehagefakta.get - WARNING - Change in response for id=1021526, archiving old result
barnehagefakta - WARNING - Kindergarten "Go' Plassen AS" https://nbr.udir.no/enhet/1021526, returned 404 at http://barnehagefakta.no/api/barnehage/1021526. The kindergarten is probably discontinued.
barnehagefakta.get - WARNING - Change in response for id=1018466, archiving old result
barnehagefakta.get - WARNING - Change in response for id=1020526, archiving old result
barnehagefakta - WARNING - Kindergarten "Isbjørnen barnehage i" https://nbr.udir.no/enhet/1020526, returned 404 at http://barnehagefakta.no/api/barnehage/1020526. The kindergarten is probably discontinued.
barnehagefakta - WARNING - Kindergarten "Isbjørnen barnehage Ii" https://nbr.udir.no/enhet/1013028, returned 404 at http://barnehagefakta.no/api/barnehage/1013028. The kindergarten is probably discontinued.
barnehagefakta.get - WARNING - Change in response for id=1019634, archiving old result
barnehagefakta.get - WARNING - Change in response for id=1016811, archiving old result
barnehagefakta.get - WARNING - Change in response for id=1025451, archiving old result
barnehagefakta.get - WARNING - Change in response for id=1025452, archiving old result
barnehagefakta.get - WARNING - Change in response for id=1015512, archiving old result
barnehagefakta - WARNING - Kindergarten "Norlandia Preschools AS Avd Tromsø" https://nbr.udir.no/enhet/1026486, returned 404 at http://barnehagefakta.no/api/barnehage/1026486. The kindergarten is probably discontinued.
barnehagefakta.get - WARNING - Change in response for id=1015660, archiving old result
barnehagefakta.get - WARNING - Change in response for id=1020748, archiving old result
barnehagefakta.get - WARNING - Change in response for id=1020949, archiving old result
barnehagefakta - WARNING - Kindergarten "Selmalund Familiebarnehage Sa" https://nbr.udir.no/enhet/1020949, returned 404 at http://barnehagefakta.no/api/barnehage/1020949. The kindergarten is probably discontinued.
barnehagefakta.get - WARNING - Change in response for id=1013421, archiving old result
barnehagefakta.get - WARNING - Change in response for id=1012724, archiving old result
barnehagefakta.get - WARNING - Change in response for id=1012725, archiving old result
barnehagefakta.get - WARNING - Change in response for id=1016822, archiving old result
barnehagefakta.get - WARNING - Change in response for id=1017057, archiving old result
barnehagefakta.get - WARNING - Change in response for id=1022184, archiving old result
barnehagefakta.get - WARNING - Change in response for id=1013880, archiving old result
barnehagefakta - WARNING - Kindergarten "Strimmelen barnehage" https://nbr.udir.no/enhet/1013880, returned 404 at http://barnehagefakta.no/api/barnehage/1013880. The kindergarten is probably discontinued.
barnehagefakta - WARNING - Kindergarten "Tindfoten Fus barnehage AS" https://nbr.udir.no/enhet/1026359, returned 404 at http://barnehagefakta.no/api/barnehage/1026359. The kindergarten is probably discontinued.
barnehagefakta.get - WARNING - Change in response for id=1017192, archiving old result
barnehagefakta.get - WARNING - Change in response for id=1019757, archiving old result
barnehagefakta.get - WARNING - Change in response for id=1017020, archiving old result
barnehagefakta.get - WARNING - Change in response for id=1016741, archiving old result
barnehagefakta - WARNING - Kindergarten "Åsgård barnehage" https://nbr.udir.no/enhet/1016741, returned 404 at http://barnehagefakta.no/api/barnehage/1016741. The kindergarten is probably discontinued.
barnehagefakta.get - WARNING - Change in response for id=1019756, archiving old result
