barnehagefakta.get - WARNING - Change in response for id=918049916, archiving old result
barnehagefakta - WARNING - The name from https://nbr.udir.no/enhet/918049916 differ from http://barnehagefakta.no/api/barnehage/918049916,"b'100 Meterskogen barnehage AS'" != "b'Best barnehage'"
barnehagefakta.get - WARNING - Change in response for id=975290506, archiving old result
barnehagefakta.get - WARNING - Change in response for id=817088252, archiving old result
barnehagefakta - WARNING - The name from https://nbr.udir.no/enhet/817088252 differ from http://barnehagefakta.no/api/barnehage/817088252,"b'Abilds\xc3\xb8 Menighetsbarnehage'" != "b'Abilds\xc3\xb8 menighetsbarnehage'"
barnehagefakta.get - WARNING - Change in response for id=975291235, archiving old result
barnehagefakta.get - WARNING - Change in response for id=881503972, archiving old result
barnehagefakta.get - WARNING - Change in response for id=973076515, archiving old result
barnehagefakta - WARNING - The name from https://nbr.udir.no/enhet/973076515 differ from http://barnehagefakta.no/api/barnehage/973076515,"b'Akersveien Kanvas-Barnehage'" != "b'Akersveien kanvas-barnehage'"
barnehagefakta.get - WARNING - Change in response for id=987133686, archiving old result
barnehagefakta.get - WARNING - Change in response for id=894436662, archiving old result
barnehagefakta.get - WARNING - Change in response for id=989961527, archiving old result
barnehagefakta - WARNING - The name from https://nbr.udir.no/enhet/916392842 differ from http://barnehagefakta.no/api/barnehage/916392842,"b'Alna \xc3\x85pen barnehage - Lindeberg'" != "b'Alna \xc3\xa5pen barnehage - Lindeberg'"
barnehagefakta - WARNING - The name from https://nbr.udir.no/enhet/916392796 differ from http://barnehagefakta.no/api/barnehage/916392796,"b'Alna \xc3\x85pen barnehage - Tveita'" != "b'Alna \xc3\xa5pen barnehage - Tveita'"
barnehagefakta.get - WARNING - Change in response for id=992851325, archiving old result
barnehagefakta - WARNING - The name from https://nbr.udir.no/enhet/992851325 differ from http://barnehagefakta.no/api/barnehage/992851325,"b'Amigos Abrakadabra Familiebarnehage'" != "b'Amigos Abrakadabra familiebarnehage'"
barnehagefakta.get - WARNING - Change in response for id=892899312, archiving old result
barnehagefakta - WARNING - The name from https://nbr.udir.no/enhet/892899312 differ from http://barnehagefakta.no/api/barnehage/892899312,"b'Amigos Du og Jeg Og Vi To Familiebarnehage'" != "b'Amigos Du og Jeg og Vi To familiebarnehage'"
barnehagefakta.get - WARNING - Change in response for id=992598131, archiving old result
barnehagefakta - WARNING - The name from https://nbr.udir.no/enhet/992598131 differ from http://barnehagefakta.no/api/barnehage/992598131,"b'Amigos Engleg\xc3\xa5rden Familiebarnehage'" != "b'Amigos Engleg\xc3\xa5rden familiebarnehage'"
barnehagefakta.get - WARNING - Change in response for id=997628306, archiving old result
barnehagefakta - WARNING - The name from https://nbr.udir.no/enhet/997628306 differ from http://barnehagefakta.no/api/barnehage/997628306,"b'Amigos Giraffen Familiebarnehage'" != "b'Amigos Giraffen familiebarnehage'"
barnehagefakta.get - WARNING - Change in response for id=994150901, archiving old result
barnehagefakta - WARNING - The name from https://nbr.udir.no/enhet/994150901 differ from http://barnehagefakta.no/api/barnehage/994150901,"b'Amigos Monoliten Familiebarnehage'" != "b'Amigos Monoliten familiebarnehage'"
barnehagefakta.get - WARNING - Change in response for id=994464000, archiving old result
barnehagefakta - WARNING - The name from https://nbr.udir.no/enhet/994464000 differ from http://barnehagefakta.no/api/barnehage/994464000,"b'Amigos Sm\xc3\xa5en Familiebarnehage'" != "b'Amigos Sm\xc3\xa5en familiebarnehage'"
barnehagefakta.get - WARNING - Change in response for id=997838122, archiving old result
barnehagefakta - WARNING - The name from https://nbr.udir.no/enhet/997838122 differ from http://barnehagefakta.no/api/barnehage/997838122,"b'Amigos Sm\xc3\xa5venner Familiebarnehage'" != "b'Amigos Sm\xc3\xa5venner familiebarnehage'"
barnehagefakta.get - WARNING - Change in response for id=896646982, archiving old result
barnehagefakta - WARNING - The name from https://nbr.udir.no/enhet/896646982 differ from http://barnehagefakta.no/api/barnehage/896646982,"b'Amigos Tornerose Familiebarnehage'" != "b'Amigos Tornerose familiebarnehage'"
barnehagefakta.get - WARNING - Change in response for id=975291243, archiving old result
barnehagefakta.get - WARNING - Change in response for id=975291251, archiving old result
barnehagefakta.get - WARNING - Change in response for id=875291262, archiving old result
barnehagefakta.get - WARNING - Change in response for id=975291278, archiving old result
barnehagefakta.get - WARNING - Change in response for id=990535051, archiving old result
barnehagefakta.get - WARNING - Change in response for id=922119066, archiving old result
barnehagefakta.get - WARNING - Change in response for id=975016528, archiving old result
barnehagefakta.get - WARNING - Change in response for id=992473584, archiving old result
barnehagefakta.get - WARNING - Change in response for id=875316192, archiving old result
barnehagefakta.get - WARNING - Change in response for id=979592655, archiving old result
barnehagefakta.get - WARNING - Change in response for id=975290867, archiving old result
barnehagefakta.get - WARNING - Change in response for id=977370299, archiving old result
barnehagefakta - WARNING - The name from https://nbr.udir.no/enhet/977370299 differ from http://barnehagefakta.no/api/barnehage/977370299,"b'Bamsebo Familiebarnehage'" != "b'Bamsebo familiebarnehage'"
barnehagefakta.get - WARNING - Change in response for id=993294977, archiving old result
barnehagefakta - WARNING - The name from https://nbr.udir.no/enhet/993294977 differ from http://barnehagefakta.no/api/barnehage/993294977,"b'Barnas barnehage Arnebr\xc3\xa5tveien AS'" != "b'Arnebr\xc3\xa5tveien barnehage AS'"
barnehagefakta - WARNING - The name from https://nbr.udir.no/enhet/925745367 differ from http://barnehagefakta.no/api/barnehage/925745367,"b'Barnas barnehage Hovseter AS'" != "b'Hovseter barnehage AS'"
barnehagefakta.get - WARNING - Change in response for id=986792341, archiving old result
barnehagefakta - WARNING - The name from https://nbr.udir.no/enhet/986792341 differ from http://barnehagefakta.no/api/barnehage/986792341,"b'Barnas barnehage Lunden AS'" != "b'Lunden barnehage AS'"
barnehagefakta.get - WARNING - Change in response for id=975317544, archiving old result
barnehagefakta.get - WARNING - Change in response for id=823663722, archiving old result
barnehagefakta.get - WARNING - Change in response for id=996308650, archiving old result
barnehagefakta.get - WARNING - Change in response for id=881234092, archiving old result
barnehagefakta.get - WARNING - Change in response for id=990972850, archiving old result
barnehagefakta.get - WARNING - Change in response for id=973761773, archiving old result
barnehagefakta.get - WARNING - Change in response for id=996797864, archiving old result
barnehagefakta.get - WARNING - Change in response for id=975316033, archiving old result
barnehagefakta.get - WARNING - Change in response for id=875317512, archiving old result
barnehagefakta.get - WARNING - Change in response for id=986375910, archiving old result
barnehagefakta.get - WARNING - Change in response for id=975297659, archiving old result
barnehagefakta.get - WARNING - Change in response for id=993898848, archiving old result
barnehagefakta.get - WARNING - Change in response for id=975316181, archiving old result
barnehagefakta.get - WARNING - Change in response for id=993800007, archiving old result
barnehagefakta - WARNING - The name from https://nbr.udir.no/enhet/993800007 differ from http://barnehagefakta.no/api/barnehage/993800007,"b'Betha Thorsens Kanvas-Barnehage'" != "b'Betha Thorsens kanvas-barnehage'"
barnehagefakta.get - WARNING - Change in response for id=992571756, archiving old result
barnehagefakta.get - WARNING - Change in response for id=982406552, archiving old result
barnehagefakta.get - WARNING - Change in response for id=973076388, archiving old result
barnehagefakta - WARNING - The name from https://nbr.udir.no/enhet/973076388 differ from http://barnehagefakta.no/api/barnehage/973076388,"b'Bjerkealleen Kanvas-Barnehage'" != "b'Bjerkealleen kanvas-barnehage'"
barnehagefakta.get - WARNING - Change in response for id=975325075, archiving old result
barnehagefakta.get - WARNING - Change in response for id=975291294, archiving old result
barnehagefakta.get - WARNING - Change in response for id=975315894, archiving old result
barnehagefakta.get - WARNING - Change in response for id=995364549, archiving old result
barnehagefakta.get - WARNING - Change in response for id=992733519, archiving old result
barnehagefakta.get - WARNING - Change in response for id=975297675, archiving old result
barnehagefakta.get - WARNING - Change in response for id=975316203, archiving old result
barnehagefakta.get - WARNING - Change in response for id=973076353, archiving old result
barnehagefakta.get - WARNING - Change in response for id=975016536, archiving old result
barnehagefakta.get - WARNING - Change in response for id=975291308, archiving old result
barnehagefakta.get - WARNING - Change in response for id=993433187, archiving old result
barnehagefakta - WARNING - The name from https://nbr.udir.no/enhet/993433187 differ from http://barnehagefakta.no/api/barnehage/993433187,"b'Bogerud \xc3\x85pen barnehage'" != "b'Bogerud \xc3\xa5pen barnehage'"
barnehagefakta.get - WARNING - Change in response for id=975291316, archiving old result
barnehagefakta.get - WARNING - Change in response for id=973472011, archiving old result
barnehagefakta.get - WARNING - Change in response for id=975297683, archiving old result
barnehagefakta.get - WARNING - Change in response for id=979588925, archiving old result
barnehagefakta.get - WARNING - Change in response for id=989836048, archiving old result
barnehagefakta - WARNING - The name from https://nbr.udir.no/enhet/989836048 differ from http://barnehagefakta.no/api/barnehage/989836048,"b'Brennastubben Familiebarnehage AS'" != "b'Brennastubben familiebarnehage AS'"
barnehagefakta.get - WARNING - Change in response for id=988592846, archiving old result
barnehagefakta.get - WARNING - Change in response for id=888056882, archiving old result
barnehagefakta.get - WARNING - Change in response for id=917744807, archiving old result
barnehagefakta.get - WARNING - Change in response for id=973494724, archiving old result
barnehagefakta - WARNING - The name from https://nbr.udir.no/enhet/973494724 differ from http://barnehagefakta.no/api/barnehage/973494724,"b'Br\xc3\xa5ten barnehage Sa'" != "b'Br\xc3\xa5ten barnehage SA'"
barnehagefakta.get - WARNING - Change in response for id=975297691, archiving old result
barnehagefakta.get - WARNING - Change in response for id=973390945, archiving old result
barnehagefakta - WARNING - The name from https://nbr.udir.no/enhet/973390945 differ from http://barnehagefakta.no/api/barnehage/973390945,"b'Bukken Bruse barnehage Sa'" != "b'Bukken Bruse barnehage SA'"
barnehagefakta.get - WARNING - Change in response for id=973465414, archiving old result
barnehagefakta.get - WARNING - Change in response for id=997915860, archiving old result
barnehagefakta.get - WARNING - Change in response for id=984929978, archiving old result
barnehagefakta.get - WARNING - Change in response for id=975291332, archiving old result
barnehagefakta.get - WARNING - Change in response for id=912373576, archiving old result
barnehagefakta.get - WARNING - Change in response for id=974188120, archiving old result
barnehagefakta.get - WARNING - Change in response for id=975316467, archiving old result
barnehagefakta.get - WARNING - Change in response for id=920355641, archiving old result
barnehagefakta.get - WARNING - Change in response for id=973501593, archiving old result
barnehagefakta.get - WARNING - Change in response for id=976128710, archiving old result
barnehagefakta.get - WARNING - Change in response for id=992173629, archiving old result
barnehagefakta - WARNING - The name from https://nbr.udir.no/enhet/992173629 differ from http://barnehagefakta.no/api/barnehage/992173629,"b'Christinedal Kunst og Kulturbarnehage'" != "b'Christinedal Kunst og kulturbarnehage'"
barnehagefakta.get - WARNING - Change in response for id=975316564, archiving old result
barnehagefakta.get - WARNING - Change in response for id=973472437, archiving old result
barnehagefakta.get - WARNING - Change in response for id=913343174, archiving old result
barnehagefakta.get - WARNING - Change in response for id=995861747, archiving old result
barnehagefakta.get - WARNING - Change in response for id=989946056, archiving old result
barnehagefakta - WARNING - The name from https://nbr.udir.no/enhet/989946056 differ from http://barnehagefakta.no/api/barnehage/989946056,"b'Den Bl\xc3\xa5 Appelsin Kanvas-Barnehage'" != "b'Den Bl\xc3\xa5 Appelsin kanvas-barnehage'"
barnehagefakta.get - WARNING - Change in response for id=973469320, archiving old result
barnehagefakta.get - WARNING - Change in response for id=875028642, archiving old result
barnehagefakta.get - WARNING - Change in response for id=974797585, archiving old result
barnehagefakta.get - WARNING - Change in response for id=975016668, archiving old result
barnehagefakta - WARNING - The name from https://nbr.udir.no/enhet/975016668 differ from http://barnehagefakta.no/api/barnehage/975016668,"b'Disen G\xc3\xa5rd Kanvas-Barnehage'" != "b'Disen G\xc3\xa5rd kanvas-barnehage'"
barnehagefakta.get - WARNING - Change in response for id=975297705, archiving old result
barnehagefakta.get - WARNING - Change in response for id=991658009, archiving old result
barnehagefakta.get - WARNING - Change in response for id=991922180, archiving old result
barnehagefakta.get - WARNING - Change in response for id=975291340, archiving old result
barnehagefakta.get - WARNING - Change in response for id=873076372, archiving old result
barnehagefakta - WARNING - The name from https://nbr.udir.no/enhet/873076372 differ from http://barnehagefakta.no/api/barnehage/873076372,"b'Dumpa Kanvas-Musikkbarnehage'" != "b'Dumpa kanvas-musikkbarnehage'"
barnehagefakta.get - WARNING - Change in response for id=982151848, archiving old result
barnehagefakta.get - WARNING - Change in response for id=979590598, archiving old result
barnehagefakta.get - WARNING - Change in response for id=973351273, archiving old result
barnehagefakta.get - WARNING - Change in response for id=891041942, archiving old result
barnehagefakta - WARNING - The name from https://nbr.udir.no/enhet/891041942 differ from http://barnehagefakta.no/api/barnehage/891041942,"b'Eitillstad Fus-Barnehage'" != "b'Eitillstad fus-barnehage'"
barnehagefakta.get - WARNING - Change in response for id=994919318, archiving old result
barnehagefakta - WARNING - The name from https://nbr.udir.no/enhet/994919318 differ from http://barnehagefakta.no/api/barnehage/994919318,"b'Ekeberg Idrettsbarnehage AS'" != "b'Ekeberg idrettsbarnehage AS'"
barnehagefakta.get - WARNING - Change in response for id=975291715, archiving old result
barnehagefakta.get - WARNING - Change in response for id=975316211, archiving old result
barnehagefakta.get - WARNING - Change in response for id=985165653, archiving old result
barnehagefakta.get - WARNING - Change in response for id=987095989, archiving old result
barnehagefakta.get - WARNING - Change in response for id=975291359, archiving old result
barnehagefakta.get - WARNING - Change in response for id=991773096, archiving old result
barnehagefakta.get - WARNING - Change in response for id=993069566, archiving old result
barnehagefakta.get - WARNING - Change in response for id=924645660, archiving old result
barnehagefakta.get - WARNING - Change in response for id=975316947, archiving old result
barnehagefakta - WARNING - The name from https://nbr.udir.no/enhet/975316947 differ from http://barnehagefakta.no/api/barnehage/975316947,"b'Eplehagen Kanvas-Barnehage'" != "b'Eplehagen kanvas-barnehage'"
barnehagefakta.get - WARNING - Change in response for id=973342355, archiving old result
barnehagefakta - WARNING - The name from https://nbr.udir.no/enhet/973342355 differ from http://barnehagefakta.no/api/barnehage/973342355,"b'Eplekneika barnehage Sa'" != "b'Eplekneika barnehage SA'"
barnehagefakta.get - WARNING - Change in response for id=816032172, archiving old result
barnehagefakta.get - WARNING - Change in response for id=915639607, archiving old result
barnehagefakta.get - WARNING - Change in response for id=992462310, archiving old result
barnehagefakta.get - WARNING - Change in response for id=922829926, archiving old result
barnehagefakta.get - WARNING - Change in response for id=912267334, archiving old result
barnehagefakta.get - WARNING - Change in response for id=912076865, archiving old result
barnehagefakta.get - WARNING - Change in response for id=975291367, archiving old result
barnehagefakta.get - WARNING - Change in response for id=979588917, archiving old result
barnehagefakta.get - WARNING - Change in response for id=994004956, archiving old result
barnehagefakta.get - WARNING - Change in response for id=988125954, archiving old result
barnehagefakta.get - WARNING - Change in response for id=984151527, archiving old result
barnehagefakta - WARNING - The name from https://nbr.udir.no/enhet/984151527 differ from http://barnehagefakta.no/api/barnehage/984151527,"b'Eventyrbrua Steinerbarnehage'" != "b'Eventyrbrua steinerbarnehage'"
barnehagefakta.get - WARNING - Change in response for id=990032610, archiving old result
barnehagefakta.get - WARNING - Change in response for id=993159891, archiving old result
barnehagefakta.get - WARNING - Change in response for id=975016544, archiving old result
barnehagefakta.get - WARNING - Change in response for id=979591780, archiving old result
barnehagefakta.get - WARNING - Change in response for id=986607552, archiving old result
barnehagefakta.get - WARNING - Change in response for id=991964207, archiving old result
barnehagefakta.get - WARNING - Change in response for id=992661135, archiving old result
barnehagefakta - WARNING - The name from https://nbr.udir.no/enhet/992661135 differ from http://barnehagefakta.no/api/barnehage/992661135,"b'Fiskevollen Musikkbarnehage'" != "b'Fiskevollen musikkbarnehage'"
barnehagefakta.get - WARNING - Change in response for id=875316222, archiving old result
barnehagefakta.get - WARNING - Change in response for id=922265895, archiving old result
barnehagefakta.get - WARNING - Change in response for id=914419417, archiving old result
barnehagefakta.get - WARNING - Change in response for id=975291375, archiving old result
barnehagefakta.get - WARNING - Change in response for id=972218480, archiving old result
barnehagefakta.get - WARNING - Change in response for id=973457497, archiving old result
barnehagefakta.get - WARNING - Change in response for id=975291383, archiving old result
barnehagefakta.get - WARNING - Change in response for id=975016676, archiving old result
barnehagefakta.get - WARNING - Change in response for id=912050599, archiving old result
barnehagefakta.get - WARNING - Change in response for id=973111965, archiving old result
barnehagefakta - WARNING - The name from https://nbr.udir.no/enhet/973111965 differ from http://barnehagefakta.no/api/barnehage/973111965,"b'Frelsesarmeens Barnehager Avd Regnbuen'" != "b'Frelsesarmeens barnehager Avd Regnbuen'"
barnehagefakta.get - WARNING - Change in response for id=974204762, archiving old result
barnehagefakta.get - WARNING - Change in response for id=986877711, archiving old result
barnehagefakta.get - WARNING - Change in response for id=894393122, archiving old result
barnehagefakta.get - WARNING - Change in response for id=991575863, archiving old result
barnehagefakta.get - WARNING - Change in response for id=975016684, archiving old result
barnehagefakta.get - WARNING - Change in response for id=988728144, archiving old result
barnehagefakta.get - WARNING - Change in response for id=975317161, archiving old result
barnehagefakta.get - WARNING - Change in response for id=987697172, archiving old result
barnehagefakta - WARNING - The name from https://nbr.udir.no/enhet/987697172 differ from http://barnehagefakta.no/api/barnehage/987697172,"b'Fuglekongen Familiebarnehage'" != "b'Fuglekongen familiebarnehage'"
barnehagefakta.get - WARNING - Change in response for id=875291602, archiving old result
barnehagefakta.get - WARNING - Change in response for id=975297756, archiving old result
barnehagefakta.get - WARNING - Change in response for id=916392435, archiving old result
barnehagefakta - WARNING - The name from https://nbr.udir.no/enhet/925525030 differ from http://barnehagefakta.no/api/barnehage/925525030,"b'Furuset \xc3\x85pen barnehage'" != "b'Furuset \xc3\xa5pen barnehage'"
barnehagefakta.get - WARNING - Change in response for id=982449839, archiving old result
barnehagefakta.get - WARNING - Change in response for id=995631806, archiving old result
barnehagefakta.get - WARNING - Change in response for id=986611134, archiving old result
barnehagefakta.get - WARNING - Change in response for id=973943812, archiving old result
barnehagefakta.get - WARNING - Change in response for id=975316688, archiving old result
barnehagefakta.get - WARNING - Change in response for id=975211908, archiving old result
barnehagefakta.get - WARNING - Change in response for id=979437498, archiving old result
barnehagefakta.get - WARNING - Change in response for id=922401349, archiving old result
barnehagefakta.get - WARNING - Change in response for id=984037562, archiving old result
barnehagefakta.get - WARNING - Change in response for id=988997609, archiving old result
barnehagefakta.get - WARNING - Change in response for id=975317137, archiving old result
barnehagefakta.get - WARNING - Change in response for id=993898740, archiving old result
barnehagefakta.get - WARNING - Change in response for id=979591799, archiving old result
barnehagefakta.get - WARNING - Change in response for id=975316483, archiving old result
barnehagefakta.get - WARNING - Change in response for id=996081222, archiving old result
barnehagefakta - WARNING - The name from https://nbr.udir.no/enhet/996081222 differ from http://barnehagefakta.no/api/barnehage/996081222,"b'Grorud Idrettsbarnehage'" != "b'Grorud idrettsbarnehage'"
barnehagefakta.get - WARNING - Change in response for id=975315908, archiving old result
barnehagefakta.get - WARNING - Change in response for id=973804049, archiving old result
barnehagefakta.get - WARNING - Change in response for id=975325016, archiving old result
barnehagefakta.get - WARNING - Change in response for id=993433438, archiving old result
barnehagefakta - WARNING - The name from https://nbr.udir.no/enhet/993433438 differ from http://barnehagefakta.no/api/barnehage/993433438,"b'Gr\xc3\xb8nland \xc3\x85pen barnehage'" != "b'Gr\xc3\xb8nland \xc3\xa5pen barnehage'"
barnehagefakta.get - WARNING - Change in response for id=975300269, archiving old result
barnehagefakta.get - WARNING - Change in response for id=991964118, archiving old result
barnehagefakta.get - WARNING - Change in response for id=979592388, archiving old result
barnehagefakta.get - WARNING - Change in response for id=991138021, archiving old result
barnehagefakta.get - WARNING - Change in response for id=996591069, archiving old result
barnehagefakta.get - WARNING - Change in response for id=982913705, archiving old result
barnehagefakta - WARNING - The name from https://nbr.udir.no/enhet/982913705 differ from http://barnehagefakta.no/api/barnehage/982913705,"b'Gulspurven Familebarnehage'" != "b'Gulspurven familebarnehage'"
barnehagefakta.get - WARNING - Change in response for id=979587910, archiving old result
barnehagefakta.get - WARNING - Change in response for id=884170532, archiving old result
barnehagefakta - WARNING - The name from https://nbr.udir.no/enhet/884170532 differ from http://barnehagefakta.no/api/barnehage/884170532,"b'Hakkebakkeskogen Familiebarnehage Avd Kirkesvingen'" != "b'Hakkebakkeskogen familiebarnehage Avd Kirkesvingen'"
barnehagefakta.get - WARNING - Change in response for id=887662592, archiving old result
barnehagefakta - WARNING - The name from https://nbr.udir.no/enhet/887662592 differ from http://barnehagefakta.no/api/barnehage/887662592,"b'Hakkebakkeskogen Familiebarnehage Avd Koldrupsvei'" != "b'Hakkebakkeskogen familiebarnehage Avd Koldrupsvei'"
barnehagefakta.get - WARNING - Change in response for id=982266394, archiving old result
barnehagefakta - WARNING - The name from https://nbr.udir.no/enhet/982266394 differ from http://barnehagefakta.no/api/barnehage/982266394,"b'Hakkebakkeskogen Familiebarnehage Avd V\xc3\xa6ker\xc3\xb8veien'" != "b'Hakkebakkeskogen familiebarnehage Avd V\xc3\xa6ker\xc3\xb8veien'"
barnehagefakta.get - WARNING - Change in response for id=984169868, archiving old result
barnehagefakta - WARNING - The name from https://nbr.udir.no/enhet/984169868 differ from http://barnehagefakta.no/api/barnehage/984169868,"b'Hakkebakkeskogen Familiebarnehage Avd T\xc3\xa5senveien'" != "b'Hakkebakkeskogen familiebarnehage Avd T\xc3\xa5senveien'"
barnehagefakta.get - WARNING - Change in response for id=984170564, archiving old result
barnehagefakta - WARNING - The name from https://nbr.udir.no/enhet/984170564 differ from http://barnehagefakta.no/api/barnehage/984170564,"b'Hakkebakkeskogen Familiebarnehage Avd Jotunveien'" != "b'Hakkebakkeskogen familiebarnehage Avd Jotunveien'"
barnehagefakta.get - WARNING - Change in response for id=984170610, archiving old result
barnehagefakta - WARNING - The name from https://nbr.udir.no/enhet/984170610 differ from http://barnehagefakta.no/api/barnehage/984170610,"b'Hakkebakkeskogen Familiebarnehage Avd Dr Rustadsvei'" != "b'Hakkebakkeskogen familiebarnehage Avd Dr Rustadsvei'"
barnehagefakta.get - WARNING - Change in response for id=986103139, archiving old result
barnehagefakta - WARNING - The name from https://nbr.udir.no/enhet/986103139 differ from http://barnehagefakta.no/api/barnehage/986103139,"b'Hakkebakkeskogen Familiebarnehage Avd Ullernveien'" != "b'Hakkebakkeskogen familiebarnehage Avd Ullernveien'"
barnehagefakta.get - WARNING - Change in response for id=991734295, archiving old result
barnehagefakta - WARNING - The name from https://nbr.udir.no/enhet/991734295 differ from http://barnehagefakta.no/api/barnehage/991734295,"b'Hakkebakkeskogen Familiebarnehage Avd Fyrstikkbakken'" != "b'Hakkebakkeskogen familiebarnehage Avd Fyrstikkbakken'"
barnehagefakta.get - WARNING - Change in response for id=991734341, archiving old result
barnehagefakta - WARNING - The name from https://nbr.udir.no/enhet/991734341 differ from http://barnehagefakta.no/api/barnehage/991734341,"b'Hakkebakkeskogen Familiebarnehage Avd Kastanjeveien'" != "b'Hakkebakkeskogen familiebarnehage Avd Kastanjeveien'"
barnehagefakta.get - WARNING - Change in response for id=990559643, archiving old result
barnehagefakta - WARNING - The name from https://nbr.udir.no/enhet/990559643 differ from http://barnehagefakta.no/api/barnehage/990559643,"b'Hakkebakkeskogen Familiebarnehage Avd Daniel Walstadsvei'" != "b'Hakkebakkeskogen familiebarnehage Avd Daniel Walstadsvei'"
barnehagefakta.get - WARNING - Change in response for id=988557390, archiving old result
barnehagefakta.get - WARNING - Change in response for id=992140682, archiving old result
barnehagefakta - WARNING - The name from https://nbr.udir.no/enhet/992140682 differ from http://barnehagefakta.no/api/barnehage/992140682,"b'Hakkebakkeskogen Familiebarnehage Avd Gullkroken'" != "b'Hakkebakkeskogen familiebarnehage Avd Gullkroken'"
barnehagefakta.get - WARNING - Change in response for id=987117575, archiving old result
barnehagefakta.get - WARNING - Change in response for id=975316238, archiving old result
barnehagefakta.get - WARNING - Change in response for id=975297802, archiving old result
barnehagefakta.get - WARNING - Change in response for id=975297810, archiving old result
barnehagefakta.get - WARNING - Change in response for id=975315916, archiving old result
barnehagefakta.get - WARNING - Change in response for id=975291405, archiving old result
barnehagefakta.get - WARNING - Change in response for id=975297829, archiving old result
barnehagefakta.get - WARNING - Change in response for id=990511705, archiving old result
barnehagefakta.get - WARNING - Change in response for id=924667311, archiving old result
barnehagefakta - WARNING - The name from https://nbr.udir.no/enhet/924667311 differ from http://barnehagefakta.no/api/barnehage/924667311,"b'Harbitz Aktivitetsbarnehage'" != "b'Harbitz aktivitetsbarnehage'"
barnehagefakta.get - WARNING - Change in response for id=922356289, archiving old result
barnehagefakta.get - WARNING - Change in response for id=975314898, archiving old result
barnehagefakta - WARNING - The name from https://nbr.udir.no/enhet/975314898 differ from http://barnehagefakta.no/api/barnehage/975314898,"b'Hasselkroken Kanvas-Barnehage'" != "b'Hasselkroken kanvas-barnehage'"
barnehagefakta.get - WARNING - Change in response for id=975297837, archiving old result
barnehagefakta.get - WARNING - Change in response for id=975297845, archiving old result
barnehagefakta.get - WARNING - Change in response for id=918871217, archiving old result
barnehagefakta.get - WARNING - Change in response for id=975291413, archiving old result
barnehagefakta.get - WARNING - Change in response for id=974722232, archiving old result
barnehagefakta - WARNING - The name from https://nbr.udir.no/enhet/974722232 differ from http://barnehagefakta.no/api/barnehage/974722232,"b'Haugenstua Skoles barnehage B/a'" != "b'Haugenstua Skoles barnehage B/A'"
barnehagefakta.get - WARNING - Change in response for id=923068783, archiving old result
barnehagefakta - WARNING - The name from https://nbr.udir.no/enhet/923068783 differ from http://barnehagefakta.no/api/barnehage/923068783,"b'Haugenstua Torg - \xc3\x85pen barnehage'" != "b'Haugenstua Torg - \xc3\xa5pen barnehage'"
barnehagefakta.get - WARNING - Change in response for id=975291421, archiving old result
barnehagefakta.get - WARNING - Change in response for id=916392664, archiving old result
barnehagefakta.get - WARNING - Change in response for id=914987679, archiving old result
barnehagefakta.get - WARNING - Change in response for id=982736129, archiving old result
barnehagefakta.get - WARNING - Change in response for id=975317528, archiving old result
barnehagefakta.get - WARNING - Change in response for id=875291432, archiving old result
barnehagefakta.get - WARNING - Change in response for id=991744568, archiving old result
barnehagefakta.get - WARNING - Change in response for id=975299287, archiving old result
barnehagefakta.get - WARNING - Change in response for id=974824299, archiving old result
barnehagefakta.get - WARNING - Change in response for id=987041269, archiving old result
barnehagefakta.get - WARNING - Change in response for id=975297861, archiving old result
barnehagefakta.get - WARNING - Change in response for id=985890463, archiving old result
barnehagefakta - WARNING - The name from https://nbr.udir.no/enhet/985890463 differ from http://barnehagefakta.no/api/barnehage/985890463,"b'Hoff Terrasse barnehage Sa'" != "b'Hoff Terrasse barnehage SA'"
barnehagefakta.get - WARNING - Change in response for id=973461389, archiving old result
barnehagefakta.get - WARNING - Change in response for id=985271844, archiving old result
barnehagefakta.get - WARNING - Change in response for id=975316572, archiving old result
barnehagefakta - WARNING - The name from https://nbr.udir.no/enhet/975316572 differ from http://barnehagefakta.no/api/barnehage/975316572,"b'Holmen Kanvas-Barnehage'" != "b'Holmen kanvas-barnehage'"
barnehagefakta.get - WARNING - Change in response for id=915352073, archiving old result
barnehagefakta.get - WARNING - Change in response for id=989442147, archiving old result
barnehagefakta.get - WARNING - Change in response for id=988997110, archiving old result
barnehagefakta.get - WARNING - Change in response for id=974716798, archiving old result
barnehagefakta - WARNING - The name from https://nbr.udir.no/enhet/974716798 differ from http://barnehagefakta.no/api/barnehage/974716798,"b'Hompetitten Kanvas-Barnehage'" != "b'Hompetitten kanvas-barnehage'"
barnehagefakta.get - WARNING - Change in response for id=975316505, archiving old result
barnehagefakta.get - WARNING - Change in response for id=975291456, archiving old result
barnehagefakta.get - WARNING - Change in response for id=925497541, archiving old result
barnehagefakta.get - WARNING - Change in response for id=991144404, archiving old result
barnehagefakta.get - WARNING - Change in response for id=980936848, archiving old result
barnehagefakta - WARNING - The name from https://nbr.udir.no/enhet/980936848 differ from http://barnehagefakta.no/api/barnehage/980936848,"b'Huken Naturbarnehage'" != "b'Huken naturbarnehage'"
barnehagefakta.get - WARNING - Change in response for id=990608083, archiving old result
barnehagefakta.get - WARNING - Change in response for id=975297896, archiving old result
barnehagefakta.get - WARNING - Change in response for id=982766311, archiving old result
barnehagefakta.get - WARNING - Change in response for id=975316149, archiving old result
barnehagefakta.get - WARNING - Change in response for id=988364630, archiving old result
barnehagefakta.get - WARNING - Change in response for id=973382691, archiving old result
barnehagefakta.get - WARNING - Change in response for id=894754672, archiving old result
barnehagefakta.get - WARNING - Change in response for id=973906887, archiving old result
barnehagefakta.get - WARNING - Change in response for id=975316122, archiving old result
barnehagefakta.get - WARNING - Change in response for id=979590857, archiving old result
barnehagefakta.get - WARNING - Change in response for id=923905499, archiving old result
barnehagefakta.get - WARNING - Change in response for id=975316548, archiving old result
barnehagefakta.get - WARNING - Change in response for id=975321614, archiving old result
barnehagefakta.get - WARNING - Change in response for id=975316084, archiving old result
barnehagefakta.get - WARNING - Change in response for id=975315975, archiving old result
barnehagefakta - WARNING - The name from https://nbr.udir.no/enhet/975315975 differ from http://barnehagefakta.no/api/barnehage/975315975,"b'Jutul Kanvas-Barnehage'" != "b'Jutul kanvas-barnehage'"
barnehagefakta.get - WARNING - Change in response for id=975316068, archiving old result
barnehagefakta.get - WARNING - Change in response for id=912185559, archiving old result
barnehagefakta.get - WARNING - Change in response for id=979589476, archiving old result
barnehagefakta.get - WARNING - Change in response for id=977408725, archiving old result
barnehagefakta - WARNING - The name from https://nbr.udir.no/enhet/977408725 differ from http://barnehagefakta.no/api/barnehage/977408725,"b'Kardemomme barnehage Sa'" != "b'Kardemomme barnehage SA'"
barnehagefakta.get - WARNING - Change in response for id=975316793, archiving old result
barnehagefakta.get - WARNING - Change in response for id=990656568, archiving old result
barnehagefakta - WARNING - The name from https://nbr.udir.no/enhet/990656568 differ from http://barnehagefakta.no/api/barnehage/990656568,"b'Karlsrud Familiebarnehage'" != "b'Karlsrud familiebarnehage'"
barnehagefakta.get - WARNING - Change in response for id=988734691, archiving old result
barnehagefakta - WARNING - The name from https://nbr.udir.no/enhet/988734691 differ from http://barnehagefakta.no/api/barnehage/988734691,"b'Karlsrud \xc3\x85pen barnehage'" != "b'Karlsrud \xc3\xa5pen barnehage'"
barnehagefakta.get - WARNING - Change in response for id=975016552, archiving old result
barnehagefakta - WARNING - The name from https://nbr.udir.no/enhet/975016552 differ from http://barnehagefakta.no/api/barnehage/975016552,"b'Kastellterrassen Kanvas-Barnehage'" != "b'Kastellterrassen kanvas-barnehage'"
barnehagefakta.get - WARNING - Change in response for id=990882983, archiving old result
barnehagefakta.get - WARNING - Change in response for id=975016560, archiving old result
barnehagefakta.get - WARNING - Change in response for id=815279182, archiving old result
barnehagefakta.get - WARNING - Change in response for id=975325008, archiving old result
barnehagefakta.get - WARNING - Change in response for id=991773002, archiving old result
barnehagefakta.get - WARNING - Change in response for id=975316475, archiving old result
barnehagefakta.get - WARNING - Change in response for id=975291472, archiving old result
barnehagefakta.get - WARNING - Change in response for id=989287893, archiving old result
barnehagefakta.get - WARNING - Change in response for id=980918874, archiving old result
barnehagefakta - WARNING - The name from https://nbr.udir.no/enhet/980918874 differ from http://barnehagefakta.no/api/barnehage/980918874,"b'Kol\xc3\xa5sbakken barnehage Sa'" != "b'Kol\xc3\xa5sbakken barnehage SA'"
barnehagefakta.get - WARNING - Change in response for id=984019025, archiving old result
barnehagefakta.get - WARNING - Change in response for id=913497554, archiving old result
barnehagefakta.get - WARNING - Change in response for id=894487542, archiving old result
barnehagefakta.get - WARNING - Change in response for id=993372994, archiving old result
barnehagefakta.get - WARNING - Change in response for id=973469517, archiving old result
barnehagefakta.get - WARNING - Change in response for id=979592647, archiving old result
barnehagefakta.get - WARNING - Change in response for id=976011716, archiving old result
barnehagefakta - WARNING - The name from https://nbr.udir.no/enhet/976011716 differ from http://barnehagefakta.no/api/barnehage/976011716,"b'Kragskogen barnehage Sa'" != "b'Kragskogen barnehage SA'"
barnehagefakta.get - WARNING - Change in response for id=822119212, archiving old result
barnehagefakta.get - WARNING - Change in response for id=922119112, archiving old result
barnehagefakta.get - WARNING - Change in response for id=917240175, archiving old result
barnehagefakta.get - WARNING - Change in response for id=992571659, archiving old result
barnehagefakta.get - WARNING - Change in response for id=994004840, archiving old result
barnehagefakta.get - WARNING - Change in response for id=975291391, archiving old result
barnehagefakta.get - WARNING - Change in response for id=975297969, archiving old result
barnehagefakta.get - WARNING - Change in response for id=912022498, archiving old result
barnehagefakta.get - WARNING - Change in response for id=975291499, archiving old result
barnehagefakta.get - WARNING - Change in response for id=979589980, archiving old result
barnehagefakta - WARNING - The name from https://nbr.udir.no/enhet/979589980 differ from http://barnehagefakta.no/api/barnehage/979589980,"b"Leker'N \xc3\x85pen Kultur barnehage"" != "b"Leker'n \xc3\xa5pen Kultur barnehage""
barnehagefakta.get - WARNING - Change in response for id=975299260, archiving old result
barnehagefakta.get - WARNING - Change in response for id=975297764, archiving old result
barnehagefakta.get - WARNING - Change in response for id=975316262, archiving old result
barnehagefakta.get - WARNING - Change in response for id=975316521, archiving old result
barnehagefakta.get - WARNING - Change in response for id=975291510, archiving old result
barnehagefakta.get - WARNING - Change in response for id=998639476, archiving old result
barnehagefakta - WARNING - The name from https://nbr.udir.no/enhet/998639476 differ from http://barnehagefakta.no/api/barnehage/998639476,"b'Lille Venn Familiebarnehage'" != "b'Lille Venn familiebarnehage'"
barnehagefakta.get - WARNING - Change in response for id=975291502, archiving old result
barnehagefakta.get - WARNING - Change in response for id=975315878, archiving old result
barnehagefakta.get - WARNING - Change in response for id=992668164, archiving old result
barnehagefakta.get - WARNING - Change in response for id=975297977, archiving old result
barnehagefakta.get - WARNING - Change in response for id=924524146, archiving old result
barnehagefakta.get - WARNING - Change in response for id=893248412, archiving old result
barnehagefakta.get - WARNING - Change in response for id=887589712, archiving old result
barnehagefakta.get - WARNING - Change in response for id=916392737, archiving old result
barnehagefakta.get - WARNING - Change in response for id=975298809, archiving old result
barnehagefakta - WARNING - The name from https://nbr.udir.no/enhet/975298809 differ from http://barnehagefakta.no/api/barnehage/975298809,"b'Lindebergstua Kanvas-Barnehage'" != "b'Lindebergstua kanvas-barnehage'"
barnehagefakta.get - WARNING - Change in response for id=980125629, archiving old result
barnehagefakta - WARNING - The name from https://nbr.udir.no/enhet/980125629 differ from http://barnehagefakta.no/api/barnehage/980125629,"b'Lindekroken Kanvas-Barnehage'" != "b'Lindekroken kanvas-barnehage'"
barnehagefakta.get - WARNING - Change in response for id=975297993, archiving old result
barnehagefakta.get - WARNING - Change in response for id=975298000, archiving old result
barnehagefakta.get - WARNING - Change in response for id=975316270, archiving old result
barnehagefakta.get - WARNING - Change in response for id=975298019, archiving old result
barnehagefakta.get - WARNING - Change in response for id=991088393, archiving old result
barnehagefakta.get - WARNING - Change in response for id=997551281, archiving old result
barnehagefakta.get - WARNING - Change in response for id=993951188, archiving old result
barnehagefakta.get - WARNING - Change in response for id=899164512, archiving old result
barnehagefakta.get - WARNING - Change in response for id=915500072, archiving old result
barnehagefakta.get - WARNING - Change in response for id=914323061, archiving old result
barnehagefakta - WARNING - The name from https://nbr.udir.no/enhet/914323061 differ from http://barnehagefakta.no/api/barnehage/914323061,"b'L\xc3\xa6ringsverkstedet barnehage Avd Vestskrenten Idrettsbarnehage'" != "b'L\xc3\xa6ringsverkstedet barnehage Avd Vestskrenten idrettsbarnehage'"
barnehagefakta.get - WARNING - Change in response for id=973512560, archiving old result
barnehagefakta.get - WARNING - Change in response for id=992042400, archiving old result
barnehagefakta - WARNING - The name from https://nbr.udir.no/enhet/914400465 differ from http://barnehagefakta.no/api/barnehage/914400465,"b'L\xc3\xa6ringsverkstedet S\xc3\xb8rengkaia AS'" != "b'S\xc3\xb8rengkaia barnehage'"
barnehagefakta - WARNING - The name from https://nbr.udir.no/enhet/988359564 differ from http://barnehagefakta.no/api/barnehage/988359564,"b'L\xc3\xa6ringsverkstedet Torshovhagen barnehage'" != "b'L\xc3\xa6ringsverkstedet Torshovhagen'"
barnehagefakta.get - WARNING - Change in response for id=814400352, archiving old result
barnehagefakta - WARNING - The name from https://nbr.udir.no/enhet/814400352 differ from http://barnehagefakta.no/api/barnehage/814400352,"b'L\xc3\xa6ringsverkstedet T\xc3\xa5senl\xc3\xb8kka barnehage'" != "b'T\xc3\xa5senl\xc3\xb8kka barnehage'"
barnehagefakta.get - WARNING - Change in response for id=912364445, archiving old result
barnehagefakta.get - WARNING - Change in response for id=975317005, archiving old result
barnehagefakta - WARNING - The name from https://nbr.udir.no/enhet/975317005 differ from http://barnehagefakta.no/api/barnehage/975317005,"b'L\xc3\xb8nnebakken Kanvas-Barnehage'" != "b'L\xc3\xb8nnebakken kanvas-barnehage'"
barnehagefakta.get - WARNING - Change in response for id=993020540, archiving old result
barnehagefakta.get - WARNING - Change in response for id=921043449, archiving old result
barnehagefakta - WARNING - The name from https://nbr.udir.no/enhet/921043449 differ from http://barnehagefakta.no/api/barnehage/921043449,"b'L\xc3\xa5vesvalen Familiebarnehage'" != "b'L\xc3\xa5vesvalen familiebarnehage'"
barnehagefakta.get - WARNING - Change in response for id=923712976, archiving old result
barnehagefakta.get - WARNING - Change in response for id=980687244, archiving old result
barnehagefakta.get - WARNING - Change in response for id=992473533, archiving old result
barnehagefakta.get - WARNING - Change in response for id=974714728, archiving old result
barnehagefakta.get - WARNING - Change in response for id=975291537, archiving old result
barnehagefakta.get - WARNING - Change in response for id=995093049, archiving old result
barnehagefakta.get - WARNING - Change in response for id=995093073, archiving old result
barnehagefakta.get - WARNING - Change in response for id=990160678, archiving old result
barnehagefakta - WARNING - The name from https://nbr.udir.no/enhet/990160678 differ from http://barnehagefakta.no/api/barnehage/990160678,"b'Mariannes Hus Familiebarnehage'" != "b'Mariannes Hus familiebarnehage'"
barnehagefakta.get - WARNING - Change in response for id=975298027, archiving old result
barnehagefakta.get - WARNING - Change in response for id=975291545, archiving old result
barnehagefakta.get - WARNING - Change in response for id=989288741, archiving old result
barnehagefakta - WARNING - The name from https://nbr.udir.no/enhet/989288741 differ from http://barnehagefakta.no/api/barnehage/989288741,"b'Marih\xc3\xb8na Familiebarnehage'" != "b'Marih\xc3\xb8na familiebarnehage'"
barnehagefakta.get - WARNING - Change in response for id=975291553, archiving old result
barnehagefakta.get - WARNING - Change in response for id=997712706, archiving old result
barnehagefakta.get - WARNING - Change in response for id=990021449, archiving old result
barnehagefakta.get - WARNING - Change in response for id=975291626, archiving old result
barnehagefakta.get - WARNING - Change in response for id=988509647, archiving old result
barnehagefakta - WARNING - The name from https://nbr.udir.no/enhet/988509647 differ from http://barnehagefakta.no/api/barnehage/988509647,"b'Merkur Familiebarnehage'" != "b'Merkur familiebarnehage'"
barnehagefakta.get - WARNING - Change in response for id=990668795, archiving old result
barnehagefakta.get - WARNING - Change in response for id=975319989, archiving old result
barnehagefakta - WARNING - The name from https://nbr.udir.no/enhet/975319989 differ from http://barnehagefakta.no/api/barnehage/975319989,"b'Midtstuen Kanvas-Barnehage'" != "b'Midtstuen kanvas-barnehage'"
barnehagefakta.get - WARNING - Change in response for id=998400597, archiving old result
barnehagefakta - WARNING - The name from https://nbr.udir.no/enhet/998400597 differ from http://barnehagefakta.no/api/barnehage/998400597,"b'Mikaelg\xc3\xa5rden Steinerbarnehage'" != "b'Mikaelg\xc3\xa5rden steinerbarnehage'"
barnehagefakta.get - WARNING - Change in response for id=997118502, archiving old result
barnehagefakta.get - WARNING - Change in response for id=987723068, archiving old result
barnehagefakta.get - WARNING - Change in response for id=887723192, archiving old result
barnehagefakta.get - WARNING - Change in response for id=981175379, archiving old result
barnehagefakta.get - WARNING - Change in response for id=887722862, archiving old result
barnehagefakta.get - WARNING - Change in response for id=987722916, archiving old result
barnehagefakta.get - WARNING - Change in response for id=974683989, archiving old result
barnehagefakta.get - WARNING - Change in response for id=987723165, archiving old result
barnehagefakta.get - WARNING - Change in response for id=996396169, archiving old result
barnehagefakta.get - WARNING - Change in response for id=975315886, archiving old result
barnehagefakta - WARNING - The name from https://nbr.udir.no/enhet/973486063 differ from http://barnehagefakta.no/api/barnehage/973486063,"b'Munik barnehage Karin Jacobsen'" != "b'Munik barnehage'"
barnehagefakta.get - WARNING - Change in response for id=899650352, archiving old result
barnehagefakta - WARNING - The name from https://nbr.udir.no/enhet/899650352 differ from http://barnehagefakta.no/api/barnehage/899650352,"b'Munkebekken Idrettsbarnehage AS'" != "b'Munkebekken idrettsbarnehage AS'"
barnehagefakta.get - WARNING - Change in response for id=975291561, archiving old result
barnehagefakta.get - WARNING - Change in response for id=988410756, archiving old result
barnehagefakta.get - WARNING - Change in response for id=921755570, archiving old result
barnehagefakta - WARNING - The name from https://nbr.udir.no/enhet/921755570 differ from http://barnehagefakta.no/api/barnehage/921755570,"b'Munkerud Milj\xc3\xb8barnehage'" != "b'Munkerud milj\xc3\xb8barnehage'"
barnehagefakta.get - WARNING - Change in response for id=975298051, archiving old result
barnehagefakta.get - WARNING - Change in response for id=975016579, archiving old result
barnehagefakta - WARNING - The name from https://nbr.udir.no/enhet/975016579 differ from http://barnehagefakta.no/api/barnehage/975016579,"b'Myrer Kanvas-Barnehage'" != "b'Myrer kanvas-barnehage'"
barnehagefakta.get - WARNING - Change in response for id=875298062, archiving old result
barnehagefakta.get - WARNING - Change in response for id=975316432, archiving old result
barnehagefakta.get - WARNING - Change in response for id=975016749, archiving old result
barnehagefakta - WARNING - The name from https://nbr.udir.no/enhet/975016749 differ from http://barnehagefakta.no/api/barnehage/975016749,"b'M\xc3\xb8lleplassen Kanvas-Barnehage'" != "b'M\xc3\xb8lleplassen kanvas-barnehage'"
barnehagefakta.get - WARNING - Change in response for id=987697164, archiving old result
barnehagefakta.get - WARNING - Change in response for id=981552172, archiving old result
barnehagefakta.get - WARNING - Change in response for id=975016757, archiving old result
barnehagefakta.get - WARNING - Change in response for id=991963170, archiving old result
barnehagefakta.get - WARNING - Change in response for id=988000248, archiving old result
barnehagefakta - WARNING - The name from https://nbr.udir.no/enhet/988000248 differ from http://barnehagefakta.no/api/barnehage/988000248,"b'Nedre Fossum G\xc3\xa5rd \xc3\x85pen barnehage'" != "b'Nedre Fossum G\xc3\xa5rd \xc3\xa5pen barnehage'"
barnehagefakta.get - WARNING - Change in response for id=920187943, archiving old result
barnehagefakta.get - WARNING - Change in response for id=974726742, archiving old result
barnehagefakta.get - WARNING - Change in response for id=974702843, archiving old result
barnehagefakta.get - WARNING - Change in response for id=875315382, archiving old result
barnehagefakta.get - WARNING - Change in response for id=996236498, archiving old result
barnehagefakta.get - WARNING - Change in response for id=975315495, archiving old result
barnehagefakta.get - WARNING - Change in response for id=975016587, archiving old result
barnehagefakta - WARNING - The name from https://nbr.udir.no/enhet/975016587 differ from http://barnehagefakta.no/api/barnehage/975016587,"b'Nordre \xc3\x85sen Kanvas-Barnehage'" != "b'Nordre \xc3\x85sen kanvas-barnehage'"
barnehagefakta.get - WARNING - Change in response for id=975316009, archiving old result
barnehagefakta.get - WARNING - Change in response for id=973487515, archiving old result
barnehagefakta.get - WARNING - Change in response for id=975316289, archiving old result
barnehagefakta.get - WARNING - Change in response for id=875291572, archiving old result
barnehagefakta.get - WARNING - Change in response for id=997453964, archiving old result
barnehagefakta.get - WARNING - Change in response for id=991743944, archiving old result
barnehagefakta.get - WARNING - Change in response for id=990551111, archiving old result
barnehagefakta.get - WARNING - Change in response for id=997478673, archiving old result
barnehagefakta.get - WARNING - Change in response for id=988373613, archiving old result
barnehagefakta.get - WARNING - Change in response for id=979592485, archiving old result
barnehagefakta.get - WARNING - Change in response for id=980447588, archiving old result
barnehagefakta - WARNING - The name from https://nbr.udir.no/enhet/980447588 differ from http://barnehagefakta.no/api/barnehage/980447588,"b'Norlandia Onkel Tomms Hytte Frilufts- og Idrettsbarnehage AS'" != "b'Norlandia Onkel Tomms Hytte Frilufts- og idrettsbarnehage AS'"
barnehagefakta.get - WARNING - Change in response for id=976706536, archiving old result
barnehagefakta.get - WARNING - Change in response for id=996016676, archiving old result
barnehagefakta.get - WARNING - Change in response for id=984933908, archiving old result
barnehagefakta - WARNING - The name from https://nbr.udir.no/enhet/997478657 differ from http://barnehagefakta.no/api/barnehage/997478657,"b'Norlandia Voksenkollen Fritidsbarnehage'" != "b'Norlandia Voksenkollen fritidsbarnehage'"
barnehagefakta.get - WARNING - Change in response for id=919501723, archiving old result
barnehagefakta.get - WARNING - Change in response for id=925106828, archiving old result
barnehagefakta.get - WARNING - Change in response for id=922168547, archiving old result
barnehagefakta - WARNING - The name from https://nbr.udir.no/enhet/922168547 differ from http://barnehagefakta.no/api/barnehage/922168547,"b'Nydalen All\xc3\x89 barnehage'" != "b'Nydalen All\xc3\xa9 barnehage'"
barnehagefakta.get - WARNING - Change in response for id=992990325, archiving old result
barnehagefakta.get - WARNING - Change in response for id=975316297, archiving old result
barnehagefakta.get - WARNING - Change in response for id=975291596, archiving old result
barnehagefakta.get - WARNING - Change in response for id=875316672, archiving old result
barnehagefakta.get - WARNING - Change in response for id=975316017, archiving old result
barnehagefakta.get - WARNING - Change in response for id=899079272, archiving old result
barnehagefakta.get - WARNING - Change in response for id=975315932, archiving old result
barnehagefakta.get - WARNING - Change in response for id=975298078, archiving old result
barnehagefakta.get - WARNING - Change in response for id=975298086, archiving old result
barnehagefakta.get - WARNING - Change in response for id=875316702, archiving old result
barnehagefakta.get - WARNING - Change in response for id=875316532, archiving old result
barnehagefakta.get - WARNING - Change in response for id=975291618, archiving old result
barnehagefakta.get - WARNING - Change in response for id=979588534, archiving old result
barnehagefakta.get - WARNING - Change in response for id=975298108, archiving old result
barnehagefakta.get - WARNING - Change in response for id=990839778, archiving old result
barnehagefakta - WARNING - The name from https://nbr.udir.no/enhet/990839778 differ from http://barnehagefakta.no/api/barnehage/990839778,"b'Papaya Kanvas-Barnehage'" != "b'Papaya kanvas-barnehage'"
barnehagefakta.get - WARNING - Change in response for id=922827087, archiving old result
barnehagefakta.get - WARNING - Change in response for id=988378518, archiving old result
barnehagefakta.get - WARNING - Change in response for id=973076418, archiving old result
barnehagefakta - WARNING - The name from https://nbr.udir.no/enhet/973076418 differ from http://barnehagefakta.no/api/barnehage/973076418,"b'Prest\xc3\xa5sen Kanvas-Barnehage'" != "b'Prest\xc3\xa5sen kanvas-barnehage'"
barnehagefakta.get - WARNING - Change in response for id=975316300, archiving old result
barnehagefakta.get - WARNING - Change in response for id=897217872, archiving old result
barnehagefakta.get - WARNING - Change in response for id=996741389, archiving old result
barnehagefakta.get - WARNING - Change in response for id=994393103, archiving old result
barnehagefakta.get - WARNING - Change in response for id=890825842, archiving old result
barnehagefakta.get - WARNING - Change in response for id=975298124, archiving old result
barnehagefakta.get - WARNING - Change in response for id=975291642, archiving old result
barnehagefakta.get - WARNING - Change in response for id=975316645, archiving old result
barnehagefakta.get - WARNING - Change in response for id=975016595, archiving old result
barnehagefakta - WARNING - The name from https://nbr.udir.no/enhet/975016595 differ from http://barnehagefakta.no/api/barnehage/975016595,"b'Rektorhaugen Kanvas-Barnehage'" != "b'Rektorhaugen kanvas-barnehage'"
barnehagefakta.get - WARNING - Change in response for id=980209873, archiving old result
barnehagefakta.get - WARNING - Change in response for id=991956514, archiving old result
barnehagefakta.get - WARNING - Change in response for id=874703362, archiving old result
barnehagefakta - WARNING - The name from https://nbr.udir.no/enhet/874703362 differ from http://barnehagefakta.no/api/barnehage/874703362,"b'Rishaven Menighetsbarnehage'" != "b'Rishaven menighetsbarnehage'"
barnehagefakta.get - WARNING - Change in response for id=975291650, archiving old result
barnehagefakta.get - WARNING - Change in response for id=975315827, archiving old result
barnehagefakta - WARNING - The name from https://nbr.udir.no/enhet/975315827 differ from http://barnehagefakta.no/api/barnehage/975315827,"b'Roms\xc3\xa5s Senter barnehage'" != "b'Roms\xc3\xa5s senter barnehage'"
barnehagefakta.get - WARNING - Change in response for id=975298132, archiving old result
barnehagefakta.get - WARNING - Change in response for id=979587937, archiving old result
barnehagefakta.get - WARNING - Change in response for id=990102848, archiving old result
barnehagefakta.get - WARNING - Change in response for id=973076361, archiving old result
barnehagefakta - WARNING - The name from https://nbr.udir.no/enhet/973076361 differ from http://barnehagefakta.no/api/barnehage/973076361,"b'Rudsh\xc3\xb8gda Kanvas-Naturbarnehage'" != "b'Rudsh\xc3\xb8gda kanvas-naturbarnehage'"
barnehagefakta.get - WARNING - Change in response for id=887169152, archiving old result
barnehagefakta.get - WARNING - Change in response for id=988997218, archiving old result
barnehagefakta.get - WARNING - Change in response for id=979204965, archiving old result
barnehagefakta - WARNING - The name from https://nbr.udir.no/enhet/979204965 differ from http://barnehagefakta.no/api/barnehage/979204965,"b'Rustadsaga barnehage Sa'" != "b'Rustadsaga barnehage SA'"
barnehagefakta.get - WARNING - Change in response for id=975316041, archiving old result
barnehagefakta.get - WARNING - Change in response for id=890664512, archiving old result
barnehagefakta.get - WARNING - Change in response for id=984038100, archiving old result
barnehagefakta.get - WARNING - Change in response for id=975291669, archiving old result
barnehagefakta.get - WARNING - Change in response for id=975316556, archiving old result
barnehagefakta - WARNING - The name from https://nbr.udir.no/enhet/975316556 differ from http://barnehagefakta.no/api/barnehage/975316556,"b'R\xc3\xb8nningen Kanvas-Barnehage'" != "b'R\xc3\xb8nningen kanvas-barnehage'"
barnehagefakta.get - WARNING - Change in response for id=975298094, archiving old result
barnehagefakta.get - WARNING - Change in response for id=996132315, archiving old result
barnehagefakta.get - WARNING - Change in response for id=975291677, archiving old result
barnehagefakta.get - WARNING - Change in response for id=914313074, archiving old result
barnehagefakta.get - WARNING - Change in response for id=915177123, archiving old result
barnehagefakta.get - WARNING - Change in response for id=975315967, archiving old result
barnehagefakta.get - WARNING - Change in response for id=915947042, archiving old result
barnehagefakta.get - WARNING - Change in response for id=988532665, archiving old result
barnehagefakta.get - WARNING - Change in response for id=975298159, archiving old result
barnehagefakta.get - WARNING - Change in response for id=975291901, archiving old result
barnehagefakta.get - WARNING - Change in response for id=893150412, archiving old result
barnehagefakta.get - WARNING - Change in response for id=988728195, archiving old result
barnehagefakta.get - WARNING - Change in response for id=999287794, archiving old result
barnehagefakta.get - WARNING - Change in response for id=975291693, archiving old result
barnehagefakta.get - WARNING - Change in response for id=995031280, archiving old result
barnehagefakta.get - WARNING - Change in response for id=974703416, archiving old result
barnehagefakta.get - WARNING - Change in response for id=975316653, archiving old result
barnehagefakta.get - WARNING - Change in response for id=992501774, archiving old result
barnehagefakta.get - WARNING - Change in response for id=975016609, archiving old result
barnehagefakta.get - WARNING - Change in response for id=975291707, archiving old result
barnehagefakta.get - WARNING - Change in response for id=973076396, archiving old result
barnehagefakta - WARNING - The name from https://nbr.udir.no/enhet/973076396 differ from http://barnehagefakta.no/api/barnehage/973076396,"b'Skogbrynet Kanvas-Barnehage'" != "b'Skogbrynet kanvas-barnehage'"
barnehagefakta.get - WARNING - Change in response for id=993895660, archiving old result
barnehagefakta.get - WARNING - Change in response for id=991449485, archiving old result
barnehagefakta.get - WARNING - Change in response for id=973107690, archiving old result
barnehagefakta - WARNING - The name from https://nbr.udir.no/enhet/973107690 differ from http://barnehagefakta.no/api/barnehage/973107690,"b'Skovheim Kanvas-Barnehage'" != "b'Skovheim kanvas-barnehage'"
barnehagefakta.get - WARNING - Change in response for id=975016617, archiving old result
barnehagefakta.get - WARNING - Change in response for id=975317021, archiving old result
barnehagefakta - WARNING - The name from https://nbr.udir.no/enhet/975317021 differ from http://barnehagefakta.no/api/barnehage/975317021,"b'Skrellinga Kanvas-Barnehage'" != "b'Skrellinga kanvas-barnehage'"
barnehagefakta.get - WARNING - Change in response for id=988592765, archiving old result
barnehagefakta.get - WARNING - Change in response for id=993891525, archiving old result
barnehagefakta.get - WARNING - Change in response for id=973501879, archiving old result
barnehagefakta.get - WARNING - Change in response for id=921015585, archiving old result
barnehagefakta.get - WARNING - Change in response for id=975291723, archiving old result
barnehagefakta.get - WARNING - Change in response for id=979589468, archiving old result
barnehagefakta.get - WARNING - Change in response for id=975316319, archiving old result
barnehagefakta.get - WARNING - Change in response for id=975317099, archiving old result
barnehagefakta.get - WARNING - Change in response for id=975298183, archiving old result
barnehagefakta.get - WARNING - Change in response for id=992571691, archiving old result
barnehagefakta.get - WARNING - Change in response for id=975298191, archiving old result
barnehagefakta.get - WARNING - Change in response for id=991189874, archiving old result
barnehagefakta.get - WARNING - Change in response for id=978603335, archiving old result
barnehagefakta - WARNING - The name from https://nbr.udir.no/enhet/978603335 differ from http://barnehagefakta.no/api/barnehage/978603335,"b'Solbakken barnehage Sa'" != "b'Solbakken barnehage SA'"
barnehagefakta.get - WARNING - Change in response for id=995489422, archiving old result
barnehagefakta.get - WARNING - Change in response for id=873480882, archiving old result
barnehagefakta - WARNING - The name from https://nbr.udir.no/enhet/873480882 differ from http://barnehagefakta.no/api/barnehage/873480882,"b'Solemskogen Naturbarnehage Sa'" != "b'Solemskogen naturbarnehage SA'"
barnehagefakta.get - WARNING - Change in response for id=975316424, archiving old result
barnehagefakta.get - WARNING - Change in response for id=979590423, archiving old result
barnehagefakta.get - WARNING - Change in response for id=973461370, archiving old result
barnehagefakta - WARNING - The name from https://nbr.udir.no/enhet/973461370 differ from http://barnehagefakta.no/api/barnehage/973461370,"b'Sollerud barnehage Sa'" != "b'Sollerud barnehage SA'"
barnehagefakta.get - WARNING - Change in response for id=974826801, archiving old result
barnehagefakta.get - WARNING - Change in response for id=888540512, archiving old result
barnehagefakta.get - WARNING - Change in response for id=994203584, archiving old result
barnehagefakta.get - WARNING - Change in response for id=875317032, archiving old result
barnehagefakta - WARNING - The name from https://nbr.udir.no/enhet/875317032 differ from http://barnehagefakta.no/api/barnehage/875317032,"b'Soria Moria Kanvas-Barnehage'" != "b'Soria Moria kanvas-barnehage'"
barnehagefakta.get - WARNING - Change in response for id=993406597, archiving old result
barnehagefakta.get - WARNING - Change in response for id=975016773, archiving old result
barnehagefakta.get - WARNING - Change in response for id=988961450, archiving old result
barnehagefakta.get - WARNING - Change in response for id=975316327, archiving old result
barnehagefakta - WARNING - The name from https://nbr.udir.no/enhet/975316327 differ from http://barnehagefakta.no/api/barnehage/975316327,"b'Steinbr\xc3\xa5ten Naturbarnehage'" != "b'Steinbr\xc3\xa5ten naturbarnehage'"
barnehagefakta.get - WARNING - Change in response for id=992193603, archiving old result
barnehagefakta.get - WARNING - Change in response for id=918665137, archiving old result
barnehagefakta.get - WARNING - Change in response for id=980031667, archiving old result
barnehagefakta.get - WARNING - Change in response for id=974188546, archiving old result
barnehagefakta.get - WARNING - Change in response for id=989482181, archiving old result
barnehagefakta - WARNING - The name from https://nbr.udir.no/enhet/989482181 differ from http://barnehagefakta.no/api/barnehage/989482181,"b'Stiftelsen Ljabru G\xc3\xa5rd Steinerbarnehage'" != "b'Stiftelsen Ljabru G\xc3\xa5rd steinerbarnehage'"
barnehagefakta.get - WARNING - Change in response for id=874187372, archiving old result
barnehagefakta.get - WARNING - Change in response for id=973390953, archiving old result
barnehagefakta.get - WARNING - Change in response for id=973501437, archiving old result
barnehagefakta.get - WARNING - Change in response for id=973457675, archiving old result
barnehagefakta.get - WARNING - Change in response for id=975298205, archiving old result
barnehagefakta.get - WARNING - Change in response for id=973487523, archiving old result
barnehagefakta - WARNING - The name from https://nbr.udir.no/enhet/973487523 differ from http://barnehagefakta.no/api/barnehage/973487523,"b'Store Ljan barnehage Sa'" != "b'Store Ljan barnehage SA'"
barnehagefakta.get - WARNING - Change in response for id=975291758, archiving old result
barnehagefakta.get - WARNING - Change in response for id=975298213, archiving old result
barnehagefakta.get - WARNING - Change in response for id=923191577, archiving old result
barnehagefakta.get - WARNING - Change in response for id=975298221, archiving old result
barnehagefakta.get - WARNING - Change in response for id=918381309, archiving old result
barnehagefakta.get - WARNING - Change in response for id=975000346, archiving old result
barnehagefakta.get - WARNING - Change in response for id=975044580, archiving old result
barnehagefakta.get - WARNING - Change in response for id=975011615, archiving old result
barnehagefakta.get - WARNING - Change in response for id=975011623, archiving old result
barnehagefakta.get - WARNING - Change in response for id=975011631, archiving old result
barnehagefakta.get - WARNING - Change in response for id=975011658, archiving old result
barnehagefakta.get - WARNING - Change in response for id=975011666, archiving old result
barnehagefakta.get - WARNING - Change in response for id=975014223, archiving old result
barnehagefakta.get - WARNING - Change in response for id=983060986, archiving old result
barnehagefakta - WARNING - The name from https://nbr.udir.no/enhet/983060986 differ from http://barnehagefakta.no/api/barnehage/983060986,"b'Studentsamskipnaden Sio Lille Bislet Studentbarnehage'" != "b'Studentsamskipnaden Sio Lille Bislet studentbarnehage'"
barnehagefakta.get - WARNING - Change in response for id=980480291, archiving old result
barnehagefakta.get - WARNING - Change in response for id=979868499, archiving old result
barnehagefakta - WARNING - The name from https://nbr.udir.no/enhet/979868499 differ from http://barnehagefakta.no/api/barnehage/979868499,"b'Studentsamskipnaden Sio Bisletbekken Studentbarnehage'" != "b'Studentsamskipnaden Sio Bisletbekken studentbarnehage'"
barnehagefakta.get - WARNING - Change in response for id=997939042, archiving old result
barnehagefakta.get - WARNING - Change in response for id=912827437, archiving old result
barnehagefakta.get - WARNING - Change in response for id=995275015, archiving old result
barnehagefakta.get - WARNING - Change in response for id=994776924, archiving old result
barnehagefakta.get - WARNING - Change in response for id=973076434, archiving old result
barnehagefakta - WARNING - The name from https://nbr.udir.no/enhet/973076434 differ from http://barnehagefakta.no/api/barnehage/973076434,"b'Svartdalsparken Kanvas-Barnehage'" != "b'Svartdalsparken kanvas-barnehage'"
barnehagefakta.get - WARNING - Change in response for id=976736982, archiving old result
barnehagefakta - WARNING - The name from https://nbr.udir.no/enhet/976736982 differ from http://barnehagefakta.no/api/barnehage/976736982,"b'Symrahagen Familiebarnehage'" != "b'Symrahagen familiebarnehage'"
barnehagefakta.get - WARNING - Change in response for id=912559521, archiving old result
barnehagefakta.get - WARNING - Change in response for id=998754461, archiving old result
barnehagefakta.get - WARNING - Change in response for id=892022682, archiving old result
barnehagefakta.get - WARNING - Change in response for id=979589484, archiving old result
barnehagefakta.get - WARNING - Change in response for id=994173200, archiving old result
barnehagefakta.get - WARNING - Change in response for id=975316440, archiving old result
barnehagefakta.get - WARNING - Change in response for id=973281461, archiving old result
barnehagefakta.get - WARNING - Change in response for id=998051673, archiving old result
barnehagefakta.get - WARNING - Change in response for id=973964119, archiving old result
barnehagefakta - WARNING - The name from https://nbr.udir.no/enhet/973964119 differ from http://barnehagefakta.no/api/barnehage/973964119,"b'Tingeliten Kanvas-Barnehage'" != "b'Tingeliten kanvas-barnehage'"
barnehagefakta.get - WARNING - Change in response for id=995467046, archiving old result
barnehagefakta - WARNING - The name from https://nbr.udir.no/enhet/995467046 differ from http://barnehagefakta.no/api/barnehage/995467046,"b'Tinkern Kanvas-Barnehage'" != "b'Tinkern kanvas-barnehage'"
barnehagefakta.get - WARNING - Change in response for id=975291898, archiving old result
barnehagefakta.get - WARNING - Change in response for id=979591942, archiving old result
barnehagefakta.get - WARNING - Change in response for id=975298256, archiving old result
barnehagefakta.get - WARNING - Change in response for id=975298264, archiving old result
barnehagefakta.get - WARNING - Change in response for id=911737337, archiving old result
barnehagefakta - WARNING - The name from https://nbr.udir.no/enhet/911737337 differ from http://barnehagefakta.no/api/barnehage/911737337,"b'Tomm Murstad Friluftsbarnehage AS'" != "b'Tomm Murstad friluftsbarnehage AS'"
barnehagefakta.get - WARNING - Change in response for id=998730856, archiving old result
barnehagefakta - WARNING - The name from https://nbr.udir.no/enhet/998730856 differ from http://barnehagefakta.no/api/barnehage/998730856,"b'Toppen Familiebarnehage Cb AS'" != "b'Toppen familiebarnehage Cb AS'"
barnehagefakta.get - WARNING - Change in response for id=874716812, archiving old result
barnehagefakta.get - WARNING - Change in response for id=975322122, archiving old result
barnehagefakta.get - WARNING - Change in response for id=875316982, archiving old result
barnehagefakta - WARNING - The name from https://nbr.udir.no/enhet/875316982 differ from http://barnehagefakta.no/api/barnehage/875316982,"b'Trollstua Kanvas-Barnehage'" != "b'Trollstua kanvas-barnehage'"
barnehagefakta.get - WARNING - Change in response for id=975298272, archiving old result
barnehagefakta - WARNING - The name from https://nbr.udir.no/enhet/975298272 differ from http://barnehagefakta.no/api/barnehage/975298272,"b'Trosterud Senter barnehage'" != "b'Trosterud senter barnehage'"
barnehagefakta.get - WARNING - Change in response for id=992968028, archiving old result
barnehagefakta.get - WARNING - Change in response for id=924032669, archiving old result
barnehagefakta.get - WARNING - Change in response for id=975317536, archiving old result
barnehagefakta.get - WARNING - Change in response for id=975298280, archiving old result
barnehagefakta.get - WARNING - Change in response for id=975016811, archiving old result
barnehagefakta.get - WARNING - Change in response for id=875016652, archiving old result
barnehagefakta - WARNING - The name from https://nbr.udir.no/enhet/875016652 differ from http://barnehagefakta.no/api/barnehage/875016652,"b'T\xc3\xb8rtberg Kanvas-Barnehage'" != "b'T\xc3\xb8rtberg kanvas-barnehage'"
barnehagefakta.get - WARNING - Change in response for id=975323226, archiving old result
barnehagefakta.get - WARNING - Change in response for id=975316629, archiving old result
barnehagefakta.get - WARNING - Change in response for id=973357360, archiving old result
barnehagefakta - WARNING - The name from https://nbr.udir.no/enhet/973357360 differ from http://barnehagefakta.no/api/barnehage/973357360,"b'T\xc3\xa5sen Skoles barnehage Sa'" != "b'T\xc3\xa5sen Skoles barnehage SA'"
barnehagefakta.get - WARNING - Change in response for id=975316459, archiving old result
barnehagefakta.get - WARNING - Change in response for id=974703408, archiving old result
barnehagefakta - WARNING - The name from https://nbr.udir.no/enhet/974703408 differ from http://barnehagefakta.no/api/barnehage/974703408,"b'Ullern Menighetsbarnehage Holgerslyst'" != "b'Ullern menighetsbarnehage Holgerslyst'"
barnehagefakta.get - WARNING - Change in response for id=980121933, archiving old result
barnehagefakta.get - WARNING - Change in response for id=979593198, archiving old result
barnehagefakta - WARNING - 975314960, Unknown "eierform=Annet", fixme: consider using "erPrivatBarnehage=False"
barnehagefakta.get - WARNING - Change in response for id=975016838, archiving old result
barnehagefakta.get - WARNING - Change in response for id=992990333, archiving old result
barnehagefakta.get - WARNING - Change in response for id=896335332, archiving old result
barnehagefakta.get - WARNING - Change in response for id=996335348, archiving old result
barnehagefakta.get - WARNING - Change in response for id=994416162, archiving old result
barnehagefakta.get - WARNING - Change in response for id=975291804, archiving old result
barnehagefakta.get - WARNING - Change in response for id=918290222, archiving old result
barnehagefakta - WARNING - The name from https://nbr.udir.no/enhet/918290222 differ from http://barnehagefakta.no/api/barnehage/918290222,"b'Valle Hovin Idrettsbarnehage'" != "b'Valle Hovin idrettsbarnehage'"
barnehagefakta.get - WARNING - Change in response for id=979588372, archiving old result
barnehagefakta.get - WARNING - Change in response for id=918215972, archiving old result
barnehagefakta.get - WARNING - Change in response for id=975315991, archiving old result
barnehagefakta - WARNING - The name from https://nbr.udir.no/enhet/975315991 differ from http://barnehagefakta.no/api/barnehage/975315991,"b'Veslefrikk Kanvas-Barnehage'" != "b'Veslefrikk kanvas-barnehage'"
barnehagefakta.get - WARNING - Change in response for id=975298310, archiving old result
barnehagefakta.get - WARNING - Change in response for id=975298329, archiving old result
barnehagefakta.get - WARNING - Change in response for id=975298337, archiving old result
barnehagefakta.get - WARNING - Change in response for id=990328269, archiving old result
barnehagefakta.get - WARNING - Change in response for id=987610735, archiving old result
barnehagefakta.get - WARNING - Change in response for id=922265852, archiving old result
barnehagefakta.get - WARNING - Change in response for id=975291820, archiving old result
barnehagefakta.get - WARNING - Change in response for id=975298353, archiving old result
barnehagefakta.get - WARNING - Change in response for id=975298361, archiving old result
barnehagefakta.get - WARNING - Change in response for id=974796740, archiving old result
barnehagefakta - WARNING - The name from https://nbr.udir.no/enhet/974796740 differ from http://barnehagefakta.no/api/barnehage/974796740,"b'Vestre Aker Menighet barnehage'" != "b'Amigos Vestre Aker Menighet barnehage'"
barnehagefakta.get - WARNING - Change in response for id=975316335, archiving old result
barnehagefakta.get - WARNING - Change in response for id=875315862, archiving old result
barnehagefakta.get - WARNING - Change in response for id=974591081, archiving old result
barnehagefakta.get - WARNING - Change in response for id=922080658, archiving old result
barnehagefakta.get - WARNING - Change in response for id=973455036, archiving old result
barnehagefakta - WARNING - The name from https://nbr.udir.no/enhet/973455036 differ from http://barnehagefakta.no/api/barnehage/973455036,"b'V\xc3\xa6ker\xc3\xb8 G\xc3\xa5rd Kanvas-Barnehage'" != "b'V\xc3\xa6ker\xc3\xb8 G\xc3\xa5rd kanvas-barnehage'"
barnehagefakta.get - WARNING - Change in response for id=979588402, archiving old result
barnehagefakta.get - WARNING - Change in response for id=988303232, archiving old result
barnehagefakta.get - WARNING - Change in response for id=975316661, archiving old result
barnehagefakta.get - WARNING - Change in response for id=997571673, archiving old result
barnehagefakta.get - WARNING - Change in response for id=975016633, archiving old result
barnehagefakta - WARNING - The name from https://nbr.udir.no/enhet/975016633 differ from http://barnehagefakta.no/api/barnehage/975016633,"b'\xc3\x98stensj\xc3\xb8 Kanvas-Barnehage'" != "b'\xc3\x98stensj\xc3\xb8 kanvas-barnehage'"
barnehagefakta.get - WARNING - Change in response for id=894934182, archiving old result
barnehagefakta - WARNING - The name from https://nbr.udir.no/enhet/894934182 differ from http://barnehagefakta.no/api/barnehage/894934182,"b'\xc3\x98stmarka Idrettsbarnehage AS'" != "b'\xc3\x98stmarka idrettsbarnehage AS'"
barnehagefakta.get - WARNING - Change in response for id=975298388, archiving old result
barnehagefakta.get - WARNING - Change in response for id=975291855, archiving old result
barnehagefakta.get - WARNING - Change in response for id=994159577, archiving old result
barnehagefakta - WARNING - The name from https://nbr.udir.no/enhet/994159577 differ from http://barnehagefakta.no/api/barnehage/994159577,"b'\xc3\x85pen Barnehage, Bjerke Familiesenter'" != "b'\xc3\x85pen Barnehage, Bjerke familiesenter'"
barnehagefakta.get - WARNING - Change in response for id=975291847, archiving old result
barnehagefakta.get - WARNING - Change in response for id=988730491, archiving old result
barnehagefakta.get - WARNING - Change in response for id=911793806, archiving old result
barnehagefakta.get - WARNING - Change in response for id=975316343, archiving old result
barnehagefakta.get - WARNING - Change in response for id=975323196, archiving old result
barnehagefakta.get - WARNING - Change in response for id=975316351, archiving old result
barnehagefakta.get - WARNING - Change in response for id=975316025, archiving old result
barnehagefakta.get - WARNING - Change in response for id=975319970, archiving old result
