barnehagefakta.get - WARNING - Change in response for id=974591510, archiving old result
barnehagefakta.get - WARNING - Change in response for id=994298267, archiving old result
barnehagefakta - WARNING - The name from https://nbr.udir.no/enhet/994298267 differ from http://barnehagefakta.no/api/barnehage/994298267,"b'Asak Kulturbarnehage'" != "b'Asak kulturbarnehage'"
barnehagefakta.get - WARNING - Change in response for id=874591572, archiving old result
barnehagefakta.get - WARNING - Change in response for id=974591537, archiving old result
barnehagefakta.get - WARNING - Change in response for id=994099612, archiving old result
barnehagefakta.get - WARNING - Change in response for id=916349548, archiving old result
barnehagefakta.get - WARNING - Change in response for id=891536232, archiving old result
barnehagefakta.get - WARNING - Change in response for id=984001320, archiving old result
barnehagefakta - WARNING - The name from https://nbr.udir.no/enhet/984001320 differ from http://barnehagefakta.no/api/barnehage/984001320,"b'Harekas barnehage Sa'" != "b'Harekas barnehage SA'"
barnehagefakta.get - WARNING - Change in response for id=993268755, archiving old result
barnehagefakta.get - WARNING - Change in response for id=994099647, archiving old result
barnehagefakta.get - WARNING - Change in response for id=974591561, archiving old result
barnehagefakta.get - WARNING - Change in response for id=992922893, archiving old result
barnehagefakta.get - WARNING - Change in response for id=990641412, archiving old result
barnehagefakta - WARNING - The name from https://nbr.udir.no/enhet/990641412 differ from http://barnehagefakta.no/api/barnehage/990641412,"b'Maurtua \xc3\x85pen barnehage'" != "b'Maurtua \xc3\xa5pen barnehage'"
barnehagefakta.get - WARNING - Change in response for id=973237047, archiving old result
barnehagefakta.get - WARNING - Change in response for id=974179571, archiving old result
barnehagefakta - WARNING - The name from https://nbr.udir.no/enhet/974179571 differ from http://barnehagefakta.no/api/barnehage/974179571,"b'Nlm Barnehagene AS Avd Tryggheim barnehage Halden'" != "b'Nlm barnehagene AS Avd Tryggheim barnehage Halden'"
barnehagefakta.get - WARNING - Change in response for id=986213376, archiving old result
barnehagefakta - WARNING - The name from https://nbr.udir.no/enhet/986213376 differ from http://barnehagefakta.no/api/barnehage/986213376,"b'Skogkanten Dyr & Naturbarnehage AS'" != "b'Skogkanten Dyr & naturbarnehage AS'"
barnehagefakta.get - WARNING - Change in response for id=871626812, archiving old result
barnehagefakta - WARNING - The name from https://nbr.udir.no/enhet/871626812 differ from http://barnehagefakta.no/api/barnehage/871626812,"b'Solbakken Naturbarnehage'" != "b'Solbakken naturbarnehage'"
barnehagefakta.get - WARNING - Change in response for id=989322028, archiving old result
barnehagefakta.get - WARNING - Change in response for id=981532449, archiving old result
barnehagefakta - WARNING - The name from https://nbr.udir.no/enhet/981532449 differ from http://barnehagefakta.no/api/barnehage/981532449,"b'Spretten Idrettsbarnehage'" != "b'Spretten idrettsbarnehage'"
barnehagefakta.get - WARNING - Change in response for id=974591529, archiving old result
barnehagefakta.get - WARNING - Change in response for id=994298356, archiving old result
barnehagefakta - WARNING - The name from https://nbr.udir.no/enhet/994298356 differ from http://barnehagefakta.no/api/barnehage/994298356,"b'Trolltangen Naturbarnehage'" != "b'Trolltangen naturbarnehage'"
