barnehagefakta.get - WARNING - Change in response for id=989981501, archiving old result
barnehagefakta.get - WARNING - Change in response for id=993910317, archiving old result
barnehagefakta.get - WARNING - Change in response for id=912907945, archiving old result
barnehagefakta.get - WARNING - Change in response for id=993535567, archiving old result
barnehagefakta - WARNING - The name from https://nbr.udir.no/enhet/973454455 differ from http://barnehagefakta.no/api/barnehage/973454455,"b'Fredrikstad R\xc3\xb8de Kors barnehage Privat 2-Avdelings barnehage'" != "b'Vaterland barnehage'"
barnehagefakta.get - WARNING - Change in response for id=987739061, archiving old result
barnehagefakta.get - WARNING - Change in response for id=995792486, archiving old result
barnehagefakta.get - WARNING - Change in response for id=994900102, archiving old result
barnehagefakta.get - WARNING - Change in response for id=974633639, archiving old result
barnehagefakta.get - WARNING - Change in response for id=974195127, archiving old result
barnehagefakta.get - WARNING - Change in response for id=989322052, archiving old result
barnehagefakta.get - WARNING - Change in response for id=874565512, archiving old result
barnehagefakta.get - WARNING - Change in response for id=973581570, archiving old result
barnehagefakta - WARNING - The name from https://nbr.udir.no/enhet/973581570 differ from http://barnehagefakta.no/api/barnehage/973581570,"b'Kj\xc3\xb8lbergskogen barnehage Samvirkebarnehagene Sa'" != "b'Kj\xc3\xb8lbergskogen barnehage Samvirkebarnehagene SA'"
barnehagefakta.get - WARNING - Change in response for id=974194554, archiving old result
barnehagefakta.get - WARNING - Change in response for id=974565595, archiving old result
barnehagefakta.get - WARNING - Change in response for id=988880086, archiving old result
barnehagefakta.get - WARNING - Change in response for id=985624038, archiving old result
barnehagefakta.get - WARNING - Change in response for id=886938942, archiving old result
barnehagefakta.get - WARNING - Change in response for id=892556822, archiving old result
barnehagefakta.get - WARNING - Change in response for id=986282114, archiving old result
barnehagefakta.get - WARNING - Change in response for id=974565501, archiving old result
barnehagefakta.get - WARNING - Change in response for id=973837117, archiving old result
barnehagefakta.get - WARNING - Change in response for id=984418353, archiving old result
barnehagefakta.get - WARNING - Change in response for id=973656546, archiving old result
barnehagefakta - WARNING - The name from https://nbr.udir.no/enhet/973656546 differ from http://barnehagefakta.no/api/barnehage/973656546,"b'Nlm Barnehagene AS Avd Fredtun Kj\xc3\xa6rre barnehage'" != "b'Nlm barnehagene AS Avd Fredtun Kj\xc3\xa6rre barnehage'"
barnehagefakta.get - WARNING - Change in response for id=973455958, archiving old result
barnehagefakta - WARNING - The name from https://nbr.udir.no/enhet/973455958 differ from http://barnehagefakta.no/api/barnehage/973455958,"b'Nlm Barnehagene AS Avd Fredtun Barnehage, R\xc3\xb8d'" != "b'Nlm barnehagene AS Avd Fredtun Barnehage, R\xc3\xb8d'"
barnehagefakta.get - WARNING - Change in response for id=993633208, archiving old result
barnehagefakta.get - WARNING - Change in response for id=973872060, archiving old result
barnehagefakta.get - WARNING - Change in response for id=992638990, archiving old result
barnehagefakta.get - WARNING - Change in response for id=988496456, archiving old result
barnehagefakta.get - WARNING - Change in response for id=987013958, archiving old result
barnehagefakta - WARNING - The name from https://nbr.udir.no/enhet/987013958 differ from http://barnehagefakta.no/api/barnehage/987013958,"b'Ramsj\xc3\xb8 G\xc3\xa5rdsbarnehage AS'" != "b'Ramsj\xc3\xb8 g\xc3\xa5rdsbarnehage AS'"
barnehagefakta.get - WARNING - Change in response for id=974565730, archiving old result
barnehagefakta - WARNING - The name from https://nbr.udir.no/enhet/923074546 differ from http://barnehagefakta.no/api/barnehage/923074546,"b'Solbrekke Naturbarnehage'" != "b'Solbrekke naturbarnehage'"
barnehagefakta.get - WARNING - Change in response for id=916469144, archiving old result
barnehagefakta.get - WARNING - Change in response for id=990914710, archiving old result
barnehagefakta.get - WARNING - Change in response for id=990914761, archiving old result
barnehagefakta.get - WARNING - Change in response for id=990914842, archiving old result
barnehagefakta.get - WARNING - Change in response for id=973949802, archiving old result
barnehagefakta.get - WARNING - Change in response for id=899386582, archiving old result
barnehagefakta.get - WARNING - Change in response for id=974197286, archiving old result
barnehagefakta.get - WARNING - Change in response for id=891321252, archiving old result
