barnehagefakta - WARNING - Kindergarten "Barnehagen Gregorius AS" https://nbr.udir.no/enhet/1020966, returned 404 at http://barnehagefakta.no/api/barnehage/1020966. The kindergarten is probably discontinued.
barnehagefakta - WARNING - Kindergarten "Barnehagen Gustavas Hage AS" https://nbr.udir.no/enhet/1021878, returned 404 at http://barnehagefakta.no/api/barnehage/1021878. The kindergarten is probably discontinued.
barnehagefakta - WARNING - Kindergarten "Bratsberghavna Familiebarnehage Runar Thomas Byberg" https://nbr.udir.no/enhet/1021395, returned 404 at http://barnehagefakta.no/api/barnehage/1021395. The kindergarten is probably discontinued.
barnehagefakta - WARNING - Kindergarten "Brekke barnehage" https://nbr.udir.no/enhet/1019800, returned 404 at http://barnehagefakta.no/api/barnehage/1019800. The kindergarten is probably discontinued.
barnehagefakta - WARNING - Kindergarten "Buerflata barnehage" https://nbr.udir.no/enhet/1018428, returned 404 at http://barnehagefakta.no/api/barnehage/1018428. The kindergarten is probably discontinued.
barnehagefakta - WARNING - Kindergarten "Bøle Misjonskirkes barnehage" https://nbr.udir.no/enhet/1020139, returned 404 at http://barnehagefakta.no/api/barnehage/1020139. The kindergarten is probably discontinued.
barnehagefakta - WARNING - Kindergarten "Einaren barnehage" https://nbr.udir.no/enhet/1019902, returned 404 at http://barnehagefakta.no/api/barnehage/1019902. The kindergarten is probably discontinued.
barnehagefakta - WARNING - Kindergarten "Falkum barnehage" https://nbr.udir.no/enhet/1025335, returned 404 at http://barnehagefakta.no/api/barnehage/1025335. The kindergarten is probably discontinued.
barnehagefakta - WARNING - Kindergarten "Gjerpenshavna barnehage Sa" https://nbr.udir.no/enhet/1020712, returned 404 at http://barnehagefakta.no/api/barnehage/1020712. The kindergarten is probably discontinued.
barnehagefakta - WARNING - Kindergarten "Harmonien barnehage AS" https://nbr.udir.no/enhet/1022042, returned 404 at http://barnehagefakta.no/api/barnehage/1022042. The kindergarten is probably discontinued.
barnehagefakta - WARNING - Kindergarten "Hjerterommet Familiebarnehage AS" https://nbr.udir.no/enhet/1021497, returned 404 at http://barnehagefakta.no/api/barnehage/1021497. The kindergarten is probably discontinued.
barnehagefakta - WARNING - Kindergarten "Kapitelberget Natur - og Kulturbarnehage Sa" https://nbr.udir.no/enhet/1019997, returned 404 at http://barnehagefakta.no/api/barnehage/1019997. The kindergarten is probably discontinued.
barnehagefakta - WARNING - Kindergarten "Klyveskogen barnehage AS" https://nbr.udir.no/enhet/1021850, returned 404 at http://barnehagefakta.no/api/barnehage/1021850. The kindergarten is probably discontinued.
barnehagefakta - WARNING - Kindergarten "Knøttene Familiebarnehage - Monica Stenberg" https://nbr.udir.no/enhet/1020336, returned 404 at http://barnehagefakta.no/api/barnehage/1020336. The kindergarten is probably discontinued.
barnehagefakta - WARNING - Kindergarten "Kongerød barnehage AS" https://nbr.udir.no/enhet/1021788, returned 404 at http://barnehagefakta.no/api/barnehage/1021788. The kindergarten is probably discontinued.
barnehagefakta - WARNING - Kindergarten "Kulturstien barnehage AS" https://nbr.udir.no/enhet/1021408, returned 404 at http://barnehagefakta.no/api/barnehage/1021408. The kindergarten is probably discontinued.
barnehagefakta - WARNING - Kindergarten "Limi barnehage AS" https://nbr.udir.no/enhet/1021967, returned 404 at http://barnehagefakta.no/api/barnehage/1021967. The kindergarten is probably discontinued.
barnehagefakta - WARNING - Kindergarten "Maurtua barnehage" https://nbr.udir.no/enhet/1021500, returned 404 at http://barnehagefakta.no/api/barnehage/1021500. The kindergarten is probably discontinued.
barnehagefakta - WARNING - Kindergarten "Skauen Kristelige barnehage" https://nbr.udir.no/enhet/1021337, returned 404 at http://barnehagefakta.no/api/barnehage/1021337. The kindergarten is probably discontinued.
barnehagefakta - WARNING - Kindergarten "Skogstien Familiebarnehage" https://nbr.udir.no/enhet/1021528, returned 404 at http://barnehagefakta.no/api/barnehage/1021528. The kindergarten is probably discontinued.
barnehagefakta - WARNING - 1016649, Unknown "eierform=Annet", fixme: consider using "erPrivatBarnehage=True"
barnehagefakta - WARNING - Kindergarten "Trollmyra - barnehage AS" https://nbr.udir.no/enhet/1021565, returned 404 at http://barnehagefakta.no/api/barnehage/1021565. The kindergarten is probably discontinued.
