barnehagefakta.get - WARNING - Change in response for id=973490125, archiving old result
barnehagefakta.get - WARNING - Change in response for id=975322254, archiving old result
barnehagefakta.get - WARNING - Change in response for id=973076345, archiving old result
barnehagefakta - WARNING - The name from https://nbr.udir.no/enhet/973076345 differ from http://barnehagefakta.no/api/barnehage/973076345,"b'Breidablikk Kanvas-Barnehage'" != "b'Breidablikk kanvas-barnehage'"
barnehagefakta.get - WARNING - Change in response for id=974594935, archiving old result
barnehagefakta.get - WARNING - Change in response for id=975306879, archiving old result
barnehagefakta.get - WARNING - Change in response for id=995388278, archiving old result
barnehagefakta.get - WARNING - Change in response for id=975322246, archiving old result
barnehagefakta.get - WARNING - Change in response for id=973483285, archiving old result
barnehagefakta - WARNING - The name from https://nbr.udir.no/enhet/973483285 differ from http://barnehagefakta.no/api/barnehage/973483285,"b'Furustad barnehage Sa'" != "b'Furustad barnehage SA'"
barnehagefakta.get - WARNING - Change in response for id=973076337, archiving old result
barnehagefakta - WARNING - The name from https://nbr.udir.no/enhet/973076337 differ from http://barnehagefakta.no/api/barnehage/973076337,"b'Gjekstad Kanvas-Barnehage'" != "b'Gjekstad kanvas-barnehage'"
barnehagefakta.get - WARNING - Change in response for id=975036456, archiving old result
barnehagefakta.get - WARNING - Change in response for id=891547072, archiving old result
barnehagefakta.get - WARNING - Change in response for id=974594943, archiving old result
barnehagefakta.get - WARNING - Change in response for id=990041032, archiving old result
barnehagefakta - WARNING - The name from https://nbr.udir.no/enhet/990041032 differ from http://barnehagefakta.no/api/barnehage/990041032,"b'Holtegrenda G\xc3\xa5rdsbarnehage AS'" != "b'Holtegrenda g\xc3\xa5rdsbarnehage AS'"
barnehagefakta.get - WARNING - Change in response for id=915831729, archiving old result
barnehagefakta.get - WARNING - Change in response for id=982383927, archiving old result
barnehagefakta.get - WARNING - Change in response for id=973758659, archiving old result
barnehagefakta.get - WARNING - Change in response for id=973076329, archiving old result
barnehagefakta - WARNING - The name from https://nbr.udir.no/enhet/973076329 differ from http://barnehagefakta.no/api/barnehage/973076329,"b'Karisletta Kanvas-Barnehage'" != "b'Karisletta kanvas-barnehage'"
barnehagefakta.get - WARNING - Change in response for id=975322211, archiving old result
barnehagefakta.get - WARNING - Change in response for id=974594889, archiving old result
barnehagefakta.get - WARNING - Change in response for id=980357686, archiving old result
barnehagefakta - WARNING - The name from https://nbr.udir.no/enhet/980357686 differ from http://barnehagefakta.no/api/barnehage/980357686,"b'Krokenskogen Kanvas-Barnehage'" != "b'Krokenskogen kanvas-barnehage'"
barnehagefakta.get - WARNING - Change in response for id=994233262, archiving old result
barnehagefakta.get - WARNING - Change in response for id=989755498, archiving old result
barnehagefakta - WARNING - The name from https://nbr.udir.no/enhet/989755498 differ from http://barnehagefakta.no/api/barnehage/989755498,"b'L\xc3\xa6ringsverkstedet barnehage Avd Napper\xc3\xb8d Naturbarnehage'" != "b'L\xc3\xa6ringsverkstedet barnehage Avd Napper\xc3\xb8d naturbarnehage'"
barnehagefakta.get - WARNING - Change in response for id=992467142, archiving old result
barnehagefakta.get - WARNING - Change in response for id=988013447, archiving old result
barnehagefakta.get - WARNING - Change in response for id=980113272, archiving old result
barnehagefakta.get - WARNING - Change in response for id=974594897, archiving old result
barnehagefakta.get - WARNING - Change in response for id=974594870, archiving old result
barnehagefakta.get - WARNING - Change in response for id=979314124, archiving old result
barnehagefakta.get - WARNING - Change in response for id=976668006, archiving old result
barnehagefakta - WARNING - The name from https://nbr.udir.no/enhet/976668006 differ from http://barnehagefakta.no/api/barnehage/976668006,"b'Sandefjord kommune \xc3\x85pen barnehage Kroken'" != "b'Sandefjord kommune \xc3\xa5pen barnehage Kroken'"
barnehagefakta.get - WARNING - Change in response for id=989750623, archiving old result
barnehagefakta - WARNING - The name from https://nbr.udir.no/enhet/989750623 differ from http://barnehagefakta.no/api/barnehage/989750623,"b'Sandefjord kommune \xc3\x85pen barnehage Sentrum'" != "b'Sandefjord kommune \xc3\xa5pen barnehage Sentrum'"
barnehagefakta.get - WARNING - Change in response for id=973490133, archiving old result
barnehagefakta - WARNING - The name from https://nbr.udir.no/enhet/973490133 differ from http://barnehagefakta.no/api/barnehage/973490133,"b'Sole barnehage Sa'" != "b'Sole barnehage SA'"
barnehagefakta.get - WARNING - Change in response for id=988653519, archiving old result
barnehagefakta.get - WARNING - Change in response for id=998923808, archiving old result
barnehagefakta.get - WARNING - Change in response for id=974594919, archiving old result
barnehagefakta.get - WARNING - Change in response for id=975306887, archiving old result
barnehagefakta.get - WARNING - Change in response for id=974594862, archiving old result
barnehagefakta.get - WARNING - Change in response for id=987203129, archiving old result
barnehagefakta.get - WARNING - Change in response for id=974594900, archiving old result
barnehagefakta.get - WARNING - Change in response for id=973469940, archiving old result
barnehagefakta - WARNING - The name from https://nbr.udir.no/enhet/973469940 differ from http://barnehagefakta.no/api/barnehage/973469940,"b'Vester\xc3\xb8y Menighetsbarnehage'" != "b'Vester\xc3\xb8y menighetsbarnehage'"
barnehagefakta.get - WARNING - Change in response for id=975306852, archiving old result
barnehagefakta.get - WARNING - Change in response for id=988723428, archiving old result
barnehagefakta.get - WARNING - Change in response for id=974594951, archiving old result
