barnehagefakta.get - WARNING - Change in response for id=1016497, archiving old result
barnehagefakta.get - WARNING - Change in response for id=1025883, archiving old result
barnehagefakta - WARNING - Kindergarten "Barnehagenvår Hosletoppen" https://nbr.udir.no/enhet/1025883, returned 404 at http://barnehagefakta.no/api/barnehage/1025883. The kindergarten is probably discontinued.
barnehagefakta.get - WARNING - Change in response for id=1012654, archiving old result
barnehagefakta.get - WARNING - Change in response for id=1012642, archiving old result
barnehagefakta.get - WARNING - Change in response for id=1012652, archiving old result
barnehagefakta.get - WARNING - Change in response for id=1019691, archiving old result
barnehagefakta.get - WARNING - Change in response for id=1025942, archiving old result
barnehagefakta - WARNING - Kindergarten "Fornebu Idrettsbarnehage AS" https://nbr.udir.no/enhet/1025942, returned 404 at http://barnehagefakta.no/api/barnehage/1025942. The kindergarten is probably discontinued.
barnehagefakta.get - WARNING - Change in response for id=1013175, archiving old result
barnehagefakta.get - WARNING - Change in response for id=1016205, archiving old result
barnehagefakta.get - WARNING - Change in response for id=1021783, archiving old result
barnehagefakta.get - WARNING - Change in response for id=1021876, archiving old result
barnehagefakta.get - WARNING - Change in response for id=1016579, archiving old result
barnehagefakta.get - WARNING - Change in response for id=1012657, archiving old result
barnehagefakta.get - WARNING - Change in response for id=1012650, archiving old result
barnehagefakta.get - WARNING - Change in response for id=1015601, archiving old result
barnehagefakta.get - WARNING - Change in response for id=1025815, archiving old result
barnehagefakta - WARNING - Kindergarten "Nøtteliten Familiebarnehage Avd Strandalleen" https://nbr.udir.no/enhet/1025815, returned 404 at http://barnehagefakta.no/api/barnehage/1025815. The kindergarten is probably discontinued.
barnehagefakta.get - WARNING - Change in response for id=1021908, archiving old result
barnehagefakta.get - WARNING - Change in response for id=1012674, archiving old result
barnehagefakta.get - WARNING - Change in response for id=1025353, archiving old result
barnehagefakta.get - WARNING - Change in response for id=1012667, archiving old result
barnehagefakta.get - WARNING - Change in response for id=1016222, archiving old result
barnehagefakta.get - WARNING - Change in response for id=1018564, archiving old result
barnehagefakta.get - WARNING - Change in response for id=1019906, archiving old result
barnehagefakta - WARNING - Kindergarten "Tveterjordet Fus barnehage AS" https://nbr.udir.no/enhet/1025922, returned 404 at http://barnehagefakta.no/api/barnehage/1025922. The kindergarten is probably discontinued.
barnehagefakta.get - WARNING - Change in response for id=1019740, archiving old result
