barnehagefakta.get - WARNING - Change in response for id=1016004, archiving old result
barnehagefakta.get - WARNING - Change in response for id=1020760, archiving old result
barnehagefakta.get - WARNING - Change in response for id=1016011, archiving old result
barnehagefakta.get - WARNING - Change in response for id=1020782, archiving old result
barnehagefakta.get - WARNING - Change in response for id=1020394, archiving old result
barnehagefakta.get - WARNING - Change in response for id=1016435, archiving old result
barnehagefakta.get - WARNING - Change in response for id=1012680, archiving old result
barnehagefakta.get - WARNING - Change in response for id=1021313, archiving old result
barnehagefakta.get - WARNING - Change in response for id=1019923, archiving old result
barnehagefakta.get - WARNING - Change in response for id=1020652, archiving old result
barnehagefakta.get - WARNING - Change in response for id=1020303, archiving old result
barnehagefakta.get - WARNING - Change in response for id=1012681, archiving old result
barnehagefakta.get - WARNING - Change in response for id=1020494, archiving old result
barnehagefakta - WARNING - Kindergarten "Kløverenga Pedagogiske Veiledningstjenester" https://nbr.udir.no/enhet/1020494, returned 404 at http://barnehagefakta.no/api/barnehage/1020494. The kindergarten is probably discontinued.
barnehagefakta.get - WARNING - Change in response for id=1020822, archiving old result
barnehagefakta.get - WARNING - Change in response for id=1012682, archiving old result
barnehagefakta.get - WARNING - Change in response for id=1021696, archiving old result
barnehagefakta.get - WARNING - Change in response for id=1020828, archiving old result
barnehagefakta.get - WARNING - Change in response for id=1015745, archiving old result
barnehagefakta.get - WARNING - Change in response for id=1020548, archiving old result
barnehagefakta - WARNING - Kindergarten "Lille Krabat Familiebarnehage Avd Skedsmo" https://nbr.udir.no/enhet/1020548, returned 404 at http://barnehagefakta.no/api/barnehage/1020548. The kindergarten is probably discontinued.
barnehagefakta.get - WARNING - Change in response for id=1020549, archiving old result
barnehagefakta - WARNING - Kindergarten "Lille Krabat Familiebarnehage Avd Skjetten" https://nbr.udir.no/enhet/1020549, returned 404 at http://barnehagefakta.no/api/barnehage/1020549. The kindergarten is probably discontinued.
barnehagefakta.get - WARNING - Change in response for id=1022207, archiving old result
barnehagefakta.get - WARNING - Change in response for id=1020791, archiving old result
barnehagefakta.get - WARNING - Change in response for id=1016010, archiving old result
barnehagefakta.get - WARNING - Change in response for id=1018347, archiving old result
barnehagefakta.get - WARNING - Change in response for id=1020792, archiving old result
barnehagefakta - WARNING - Kindergarten "Løven Familiebarnehage" https://nbr.udir.no/enhet/1020965, returned 404 at http://barnehagefakta.no/api/barnehage/1020965. The kindergarten is probably discontinued.
barnehagefakta.get - WARNING - Change in response for id=1016006, archiving old result
barnehagefakta.get - WARNING - Change in response for id=1016009, archiving old result
barnehagefakta.get - WARNING - Change in response for id=1015474, archiving old result
barnehagefakta.get - WARNING - Change in response for id=1020844, archiving old result
barnehagefakta.get - WARNING - Change in response for id=1016960, archiving old result
barnehagefakta.get - WARNING - Change in response for id=1018414, archiving old result
barnehagefakta.get - WARNING - Change in response for id=1021171, archiving old result
barnehagefakta.get - WARNING - Change in response for id=1021223, archiving old result
barnehagefakta.get - WARNING - Change in response for id=1015613, archiving old result
barnehagefakta.get - WARNING - Change in response for id=1017854, archiving old result
barnehagefakta.get - WARNING - Change in response for id=1021324, archiving old result
barnehagefakta.get - WARNING - Change in response for id=1021325, archiving old result
barnehagefakta.get - WARNING - Change in response for id=1017049, archiving old result
barnehagefakta.get - WARNING - Change in response for id=1012683, archiving old result
barnehagefakta.get - WARNING - Change in response for id=1020349, archiving old result
barnehagefakta.get - WARNING - Change in response for id=1020746, archiving old result
barnehagefakta.get - WARNING - Change in response for id=1019920, archiving old result
barnehagefakta.get - WARNING - Change in response for id=1016003, archiving old result
barnehagefakta.get - WARNING - Change in response for id=1016008, archiving old result
barnehagefakta.get - WARNING - Change in response for id=1020637, archiving old result
barnehagefakta.get - WARNING - Change in response for id=1021808, archiving old result
barnehagefakta - WARNING - Kindergarten "Valstadtoppen Åpen barnehage" https://nbr.udir.no/enhet/1021808, returned 404 at http://barnehagefakta.no/api/barnehage/1021808. The kindergarten is probably discontinued.
barnehagefakta.get - WARNING - Change in response for id=1012581, archiving old result
barnehagefakta.get - WARNING - Change in response for id=1015722, archiving old result
barnehagefakta.get - WARNING - Change in response for id=1012684, archiving old result
barnehagefakta.get - WARNING - Change in response for id=1016005, archiving old result
barnehagefakta.get - WARNING - Change in response for id=1013140, archiving old result
barnehagefakta.get - WARNING - Change in response for id=1016007, archiving old result
