barnehagefakta.get - WARNING - Change in response for id=1016669, archiving old result
barnehagefakta - WARNING - 1016669, Unknown "eierform=Annet", fixme: consider using "erPrivatBarnehage=True"
barnehagefakta.get - WARNING - Change in response for id=1012954, archiving old result
barnehagefakta - WARNING - 1012954, Unknown "eierform=Annet", fixme: consider using "erPrivatBarnehage=True"
barnehagefakta.get - WARNING - Change in response for id=1012955, archiving old result
barnehagefakta - WARNING - 1012955, Unknown "eierform=Annet", fixme: consider using "erPrivatBarnehage=True"
barnehagefakta.get - WARNING - Change in response for id=1012956, archiving old result
barnehagefakta - WARNING - 1012956, Unknown "eierform=Annet", fixme: consider using "erPrivatBarnehage=True"
barnehagefakta.get - WARNING - Change in response for id=1012957, archiving old result
barnehagefakta - WARNING - 1012957, Unknown "eierform=Annet", fixme: consider using "erPrivatBarnehage=True"
barnehagefakta.get - WARNING - Change in response for id=1021004, archiving old result
barnehagefakta - WARNING - Kindergarten "Astral Anett Powell Østmo" https://nbr.udir.no/enhet/1021004, returned 404 at http://barnehagefakta.no/api/barnehage/1021004. The kindergarten is probably discontinued.
barnehagefakta.get - WARNING - Change in response for id=1015749, archiving old result
barnehagefakta.get - WARNING - Change in response for id=1014796, archiving old result
barnehagefakta.get - WARNING - Change in response for id=1018362, archiving old result
barnehagefakta.get - WARNING - Change in response for id=1017841, archiving old result
barnehagefakta.get - WARNING - Change in response for id=1017534, archiving old result
barnehagefakta.get - WARNING - Change in response for id=1017535, archiving old result
barnehagefakta.get - WARNING - Change in response for id=1014795, archiving old result
barnehagefakta.get - WARNING - Change in response for id=1017536, archiving old result
barnehagefakta.get - WARNING - Change in response for id=1013788, archiving old result
barnehagefakta.get - WARNING - Change in response for id=1014707, archiving old result
barnehagefakta.get - WARNING - Change in response for id=1020275, archiving old result
barnehagefakta - WARNING - Kindergarten "Knerten Familiebarnehage Avdeling 2" https://nbr.udir.no/enhet/1020275, returned 404 at http://barnehagefakta.no/api/barnehage/1020275. The kindergarten is probably discontinued.
barnehagefakta.get - WARNING - Change in response for id=1013911, archiving old result
barnehagefakta.get - WARNING - Change in response for id=1020301, archiving old result
barnehagefakta.get - WARNING - Change in response for id=1017537, archiving old result
barnehagefakta.get - WARNING - Change in response for id=1017538, archiving old result
barnehagefakta.get - WARNING - Change in response for id=1020779, archiving old result
barnehagefakta.get - WARNING - Change in response for id=1017539, archiving old result
barnehagefakta.get - WARNING - Change in response for id=1022057, archiving old result
barnehagefakta.get - WARNING - Change in response for id=1013256, archiving old result
barnehagefakta.get - WARNING - Change in response for id=1019512, archiving old result
barnehagefakta.get - WARNING - Change in response for id=1017540, archiving old result
barnehagefakta.get - WARNING - Change in response for id=1019764, archiving old result
barnehagefakta.get - WARNING - Change in response for id=1019931, archiving old result
barnehagefakta.get - WARNING - Change in response for id=1020616, archiving old result
barnehagefakta.get - WARNING - Change in response for id=1022283, archiving old result
barnehagefakta.get - WARNING - Change in response for id=1016539, archiving old result
barnehagefakta.get - WARNING - Change in response for id=1017541, archiving old result
barnehagefakta.get - WARNING - Change in response for id=1019914, archiving old result
barnehagefakta.get - WARNING - Change in response for id=1021014, archiving old result
barnehagefakta - WARNING - Kindergarten "Xtra Hjelpen Eva" https://nbr.udir.no/enhet/1021014, returned 404 at http://barnehagefakta.no/api/barnehage/1021014. The kindergarten is probably discontinued.
barnehagefakta.get - WARNING - Change in response for id=1021238, archiving old result
