barnehagefakta - WARNING - The name from https://nbr.udir.no/enhet/976723201 differ from http://barnehagefakta.no/api/barnehage/976723201,"b'Arba AS'" != "b'Arba AS Avd Kl\xc3\xb8verbakken barnehage'"
barnehagefakta - WARNING - The name from https://nbr.udir.no/enhet/915235794 differ from http://barnehagefakta.no/api/barnehage/915235794,"b'Barnehagenv\xc3\xa5r'" != "b'Barnehagenv\xc3\xa5r Hosletoppen'"
barnehagefakta - WARNING - The name from https://nbr.udir.no/enhet/988362484 differ from http://barnehagefakta.no/api/barnehage/988362484,"b'Bl\xc3\xa5klokken Fam barnehage'" != "b'Bl\xc3\xa5klokken Fam barnehage Avd Haslum Terrasse'"
barnehagefakta - WARNING - The name from https://nbr.udir.no/enhet/981007816 differ from http://barnehagefakta.no/api/barnehage/981007816,"b'Espira Evje barnehage'" != "b'Espira Evje barnehage Avd N\xc3\xb8tteskogen'"
barnehagefakta - WARNING - The name from https://nbr.udir.no/enhet/981007875 differ from http://barnehagefakta.no/api/barnehage/981007875,"b'Espira Evje barnehage'" != "b'Espira Evje barnehage Avd Skogholtet'"
barnehagefakta - WARNING - The name from https://nbr.udir.no/enhet/981007980 differ from http://barnehagefakta.no/api/barnehage/981007980,"b'Espira Evje barnehage'" != "b'Espira Evje barnehage Avd Bl\xc3\xa5veisbakken'"
barnehagefakta - WARNING - The name from https://nbr.udir.no/enhet/974553880 differ from http://barnehagefakta.no/api/barnehage/974553880,"b'Glitre barnehage'" != "b'Glitre barnehage Avd Bakkeplassen'"
barnehagefakta - WARNING - The name from https://nbr.udir.no/enhet/974553929 differ from http://barnehagefakta.no/api/barnehage/974553929,"b'Glitre barnehage'" != "b'Glitre barnehage Avd Langeleiken'"
barnehagefakta - WARNING - The name from https://nbr.udir.no/enhet/974554119 differ from http://barnehagefakta.no/api/barnehage/974554119,"b'Glitre barnehage'" != "b'Glitre barnehage Avd L\xc3\xb8kenlia'"
barnehagefakta - WARNING - The name from https://nbr.udir.no/enhet/993162604 differ from http://barnehagefakta.no/api/barnehage/993162604,"b'Glitre barnehage'" != "b'Glitre barnehage Avdeling Soppen'"
barnehagefakta - WARNING - The name from https://nbr.udir.no/enhet/974553791 differ from http://barnehagefakta.no/api/barnehage/974553791,"b'Grav barnehage'" != "b'Grav barnehage Avdeling Liom'"
barnehagefakta - WARNING - The name from https://nbr.udir.no/enhet/973336460 differ from http://barnehagefakta.no/api/barnehage/973336460,"b'Grav barnehage'" != "b'Grav barnehage Avdeling \xc3\x98vrevoll'"
barnehagefakta - WARNING - The name from https://nbr.udir.no/enhet/974554151 differ from http://barnehagefakta.no/api/barnehage/974554151,"b'Grini barnehage'" != "b'Grini barnehage Avd Briskehaugen'"
barnehagefakta - WARNING - The name from https://nbr.udir.no/enhet/974554194 differ from http://barnehagefakta.no/api/barnehage/974554194,"b'Grini barnehage'" != "b'Grini barnehage Avd Fossum'"
barnehagefakta - WARNING - The name from https://nbr.udir.no/enhet/882719332 differ from http://barnehagefakta.no/api/barnehage/882719332,"b'Gullungene familiebarnehage'" != "b'Gullungene familiebarnehage Avd Nordraaks Vei'"
barnehagefakta - WARNING - The name from https://nbr.udir.no/enhet/991155686 differ from http://barnehagefakta.no/api/barnehage/991155686,"b'Gullungene familiebarnehage'" != "b'Gullungene familiebarnehage Avd Bjerkelundsveien'"
barnehagefakta - WARNING - The name from https://nbr.udir.no/enhet/992581328 differ from http://barnehagefakta.no/api/barnehage/992581328,"b'Gullungene familiebarnehage'" != "b'Gullungene familiebarnehage Avd Vollsveien'"
barnehagefakta - WARNING - The name from https://nbr.udir.no/enhet/974186829 differ from http://barnehagefakta.no/api/barnehage/974186829,"b'Haslum barnehage'" != "b'Haslum barnehage Avd \xc3\x98vre Haslum'"
barnehagefakta - WARNING - The name from https://nbr.udir.no/enhet/995849658 differ from http://barnehagefakta.no/api/barnehage/995849658,"b'Haslum barnehage'" != "b'Haslum barnehage Avd Nedre Haslum'"
barnehagefakta - WARNING - The name from https://nbr.udir.no/enhet/974554240 differ from http://barnehagefakta.no/api/barnehage/974554240,"b'Helset barnehage'" != "b'Helset barnehage Avd Helset'"
barnehagefakta - WARNING - The name from https://nbr.udir.no/enhet/974554291 differ from http://barnehagefakta.no/api/barnehage/974554291,"b'Helset barnehage'" != "b'Helset barnehage Avd Skollerudveien'"
barnehagefakta - WARNING - The name from https://nbr.udir.no/enhet/987805420 differ from http://barnehagefakta.no/api/barnehage/987805420,"b'Hosle barnehage'" != "b'Hosle barnehage Avd Hosle'"
barnehagefakta - WARNING - The name from https://nbr.udir.no/enhet/974553872 differ from http://barnehagefakta.no/api/barnehage/974553872,"b'H\xc3\xb8vik barnehage'" != "b'H\xc3\xb8vik barnehage Hovedhus'"
barnehagefakta - WARNING - The name from https://nbr.udir.no/enhet/974553910 differ from http://barnehagefakta.no/api/barnehage/974553910,"b'Kols\xc3\xa5s barnehage'" != "b'Kols\xc3\xa5s barnehage Avdeling Hovedhuset'"
barnehagefakta - WARNING - The name from https://nbr.udir.no/enhet/990619360 differ from http://barnehagefakta.no/api/barnehage/990619360,"b'Kols\xc3\xa5s barnehage'" != "b'Kols\xc3\xa5s barnehage Avdeling Sm\xc3\xa5barnshuset'"
barnehagefakta - WARNING - The name from https://nbr.udir.no/enhet/912807932 differ from http://barnehagefakta.no/api/barnehage/912807932,"b'Lilja familiebarnehage'" != "b'Lilja familiebarnehage Avd Grinistubben 6'"
barnehagefakta - WARNING - The name from https://nbr.udir.no/enhet/992924934 differ from http://barnehagefakta.no/api/barnehage/992924934,"b'Lilja familiebarnehage'" != "b'Lilja familiebarnehage Avd Grinistubben 2'"
barnehagefakta - WARNING - The name from https://nbr.udir.no/enhet/815366832 differ from http://barnehagefakta.no/api/barnehage/815366832,"b'L\xc3\xa6ringsverkstedet barnehage'" != "b'L\xc3\xa6ringsverkstedet barnehage Avd Fornebu idrettsbarnehage'"
barnehagefakta - WARNING - The name from https://nbr.udir.no/enhet/995967707 differ from http://barnehagefakta.no/api/barnehage/995967707,"b'L\xc3\xa6ringsverkstedet barnehage'" != "b'L\xc3\xa6ringsverkstedet barnehage Avd Lysaker idrettsbarnehage'"
barnehagefakta - WARNING - The name from https://nbr.udir.no/enhet/999640869 differ from http://barnehagefakta.no/api/barnehage/999640869,"b'L\xc3\xa6ringsverkstedet barnehage'" != "b'L\xc3\xa6ringsverkstedet barnehage Avd Jar idrettsbarnehage'"
barnehagefakta - WARNING - The name from https://nbr.udir.no/enhet/992413034 differ from http://barnehagefakta.no/api/barnehage/992413034,"b'L\xc3\xa6ringsverkstedet barnehage'" != "b'L\xc3\xa6ringsverkstedet barnehage Avd Haslum idrettsbarnehage'"
barnehagefakta - WARNING - The name from https://nbr.udir.no/enhet/874116572 differ from http://barnehagefakta.no/api/barnehage/874116572,"b'Martina Hansens hospital'" != "b'Martina Hansens hospital Personalbarnehagen'"
barnehagefakta - WARNING - The name from https://nbr.udir.no/enhet/974553740 differ from http://barnehagefakta.no/api/barnehage/974553740,"b'Nadderudskogen barnehage'" != "b'Nadderudskogen barnehage Avd Nadderud'"
barnehagefakta - WARNING - The name from https://nbr.udir.no/enhet/974554224 differ from http://barnehagefakta.no/api/barnehage/974554224,"b'Nadderudskogen barnehage'" != "b'Nadderudskogen barnehage Avd Gj\xc3\xb8nnesskogen'"
barnehagefakta - WARNING - The name from https://nbr.udir.no/enhet/916092725 differ from http://barnehagefakta.no/api/barnehage/916092725,"b'Norlandia Sj\xc3\xb8flyhavna AS'" != "b'Norlandia Sj\xc3\xb8flyhavna AS Avd barnehage'"
barnehagefakta - WARNING - The name from https://nbr.udir.no/enhet/895612162 differ from http://barnehagefakta.no/api/barnehage/895612162,"b'N\xc3\xb8tteliten familiebarnehage'" != "b'N\xc3\xb8tteliten familiebarnehage Avd Lillehagveien'"
barnehagefakta - WARNING - The name from https://nbr.udir.no/enhet/921320957 differ from http://barnehagefakta.no/api/barnehage/921320957,"b'N\xc3\xb8tteliten familiebarnehage'" != "b'N\xc3\xb8tteliten familiebarnehage Avd Wedel Jarlsbergs Vei'"
barnehagefakta - WARNING - The name from https://nbr.udir.no/enhet/814045382 differ from http://barnehagefakta.no/api/barnehage/814045382,"b'N\xc3\xb8tteliten familiebarnehage'" != "b'N\xc3\xb8tteliten familiebarnehage Avd \xc3\x98ster\xc3\xa5sbakken'"
barnehagefakta - WARNING - The name from https://nbr.udir.no/enhet/914045533 differ from http://barnehagefakta.no/api/barnehage/914045533,"b'N\xc3\xb8tteliten familiebarnehage'" != "b'N\xc3\xb8tteliten familiebarnehage Avd H\xc3\xb8vikveien'"
barnehagefakta - WARNING - The name from https://nbr.udir.no/enhet/915150187 differ from http://barnehagefakta.no/api/barnehage/915150187,"b'N\xc3\xb8tteliten familiebarnehage'" != "b'N\xc3\xb8tteliten familiebarnehage Avd Strandalleen'"
barnehagefakta - WARNING - The name from https://nbr.udir.no/enhet/986103082 differ from http://barnehagefakta.no/api/barnehage/986103082,"b'N\xc3\xb8tteliten familiebarnehage'" != "b'N\xc3\xb8tteliten familiebarnehage Avd Hans \xc3\x98verlands Vei'"
barnehagefakta - WARNING - The name from https://nbr.udir.no/enhet/984172540 differ from http://barnehagefakta.no/api/barnehage/984172540,"b'N\xc3\xb8tteliten familiebarnehage'" != "b'N\xc3\xb8tteliten familiebarnehage Avd Michelets Vei'"
barnehagefakta - WARNING - The name from https://nbr.udir.no/enhet/984173067 differ from http://barnehagefakta.no/api/barnehage/984173067,"b'N\xc3\xb8tteliten familiebarnehage'" != "b'N\xc3\xb8tteliten familiebarnehage Avd Festningsveien'"
barnehagefakta - WARNING - The name from https://nbr.udir.no/enhet/984173083 differ from http://barnehagefakta.no/api/barnehage/984173083,"b'N\xc3\xb8tteliten familiebarnehage'" != "b'N\xc3\xb8tteliten familiebarnehage Avd Gamle Solbergvei 5'"
barnehagefakta - WARNING - The name from https://nbr.udir.no/enhet/984173091 differ from http://barnehagefakta.no/api/barnehage/984173091,"b'N\xc3\xb8tteliten familiebarnehage'" != "b'N\xc3\xb8tteliten familiebarnehage Avd Velliveien'"
barnehagefakta - WARNING - The name from https://nbr.udir.no/enhet/979437390 differ from http://barnehagefakta.no/api/barnehage/979437390,"b'N\xc3\xb8tteliten familiebarnehage'" != "b'N\xc3\xb8tteliten familiebarnehage Avd Tveterlia'"
barnehagefakta - WARNING - The name from https://nbr.udir.no/enhet/979437404 differ from http://barnehagefakta.no/api/barnehage/979437404,"b'N\xc3\xb8tteliten familiebarnehage'" != "b'N\xc3\xb8tteliten familiebarnehage Avd Storengveien'"
barnehagefakta - WARNING - The name from https://nbr.udir.no/enhet/979437412 differ from http://barnehagefakta.no/api/barnehage/979437412,"b'N\xc3\xb8tteliten familiebarnehage'" != "b'N\xc3\xb8tteliten familiebarnehage Avd Gamle Drammensvei'"
barnehagefakta - WARNING - The name from https://nbr.udir.no/enhet/992592591 differ from http://barnehagefakta.no/api/barnehage/992592591,"b'N\xc3\xb8tteliten familiebarnehage'" != "b'N\xc3\xb8tteliten familiebarnehage Avd Kyrres Vei'"
barnehagefakta - WARNING - The name from https://nbr.udir.no/enhet/891554842 differ from http://barnehagefakta.no/api/barnehage/891554842,"b'Rugekassen AS'" != "b'Rugekassen AS Avd B\xc3\xa6rum'"
barnehagefakta - WARNING - The name from https://nbr.udir.no/enhet/974554186 differ from http://barnehagefakta.no/api/barnehage/974554186,"b'Stabekk barnehage'" != "b'Stabekk barnehage Avdeling Stabekk'"
barnehagefakta - WARNING - The name from https://nbr.udir.no/enhet/974553821 differ from http://barnehagefakta.no/api/barnehage/974553821,"b'St\xc3\xa5vi barnehage'" != "b'St\xc3\xa5vi barnehage Avd Borkenhagen'"
barnehagefakta - WARNING - The name from https://nbr.udir.no/enhet/974554208 differ from http://barnehagefakta.no/api/barnehage/974554208,"b'St\xc3\xa5vi barnehage'" != "b'St\xc3\xa5vi barnehage Avd Skui'"
barnehagefakta - WARNING - The name from https://nbr.udir.no/enhet/974554232 differ from http://barnehagefakta.no/api/barnehage/974554232,"b'Toppenhaug barnehage'" != "b'Toppenhaug barnehage Avd Nedre Toppenhaug'"
barnehagefakta - WARNING - The name from https://nbr.udir.no/enhet/974554275 differ from http://barnehagefakta.no/api/barnehage/974554275,"b'Toppenhaug barnehage'" != "b'Toppenhaug barnehage Avd \xc3\x98vre Toppenhaug'"
barnehagefakta - WARNING - The name from https://nbr.udir.no/enhet/913387031 differ from http://barnehagefakta.no/api/barnehage/913387031,"b'Trygg Start familebarnehage'" != "b'Trygg Start familebarnehage Avd Emma Hjort'"
barnehagefakta - WARNING - The name from https://nbr.udir.no/enhet/991963650 differ from http://barnehagefakta.no/api/barnehage/991963650,"b'Trygg Start familiebarnehage'" != "b'Trygg Start familiebarnehage Avd Ramstad\xc3\xa5sveien'"
barnehagefakta - WARNING - The name from https://nbr.udir.no/enhet/992217731 differ from http://barnehagefakta.no/api/barnehage/992217731,"b'Trygg Start familiebarnehage'" != "b'Trygg Start familiebarnehage Avd Grevling\xc3\xa5sen'"
barnehagefakta - WARNING - The name from https://nbr.udir.no/enhet/997173848 differ from http://barnehagefakta.no/api/barnehage/997173848,"b'Trygg Start familiebarnehage'" != "b'Trygg Start familiebarnehage Avd Blommenholmveien'"
barnehagefakta - WARNING - The name from https://nbr.udir.no/enhet/974553856 differ from http://barnehagefakta.no/api/barnehage/974553856,"b'Valler barnehage'" != "b'Valler barnehage Avd Vallersvingen'"
barnehagefakta - WARNING - The name from https://nbr.udir.no/enhet/974554216 differ from http://barnehagefakta.no/api/barnehage/974554216,"b'Valler barnehage'" != "b'Valler barnehage Avd Hamang'"
barnehagefakta - WARNING - The name from https://nbr.udir.no/enhet/874554162 differ from http://barnehagefakta.no/api/barnehage/874554162,"b'\xc3\x98ster\xc3\xa5s barnehage'" != "b'\xc3\x98ster\xc3\xa5s barnehage Avd Fururabben'"
barnehagefakta - WARNING - The name from https://nbr.udir.no/enhet/987805331 differ from http://barnehagefakta.no/api/barnehage/987805331,"b'\xc3\x98ster\xc3\xa5s barnehage'" != "b'\xc3\x98ster\xc3\xa5s barnehage Avd Ovenbakken'"
barnehagefakta - WARNING - The name from https://nbr.udir.no/enhet/974554305 differ from http://barnehagefakta.no/api/barnehage/974554305,"b'\xc3\x85s barnehage'" != "b'\xc3\x85s barnehage Avd Vestre Jong'"
barnehagefakta - WARNING - The name from https://nbr.udir.no/enhet/974554143 differ from http://barnehagefakta.no/api/barnehage/974554143,"b'\xc3\x85s barnehage'" != "b'\xc3\x85s barnehage Avd V\xc3\xa5gebytoppen'"
barnehagefakta - WARNING - The name from https://nbr.udir.no/enhet/974554135 differ from http://barnehagefakta.no/api/barnehage/974554135,"b'\xc3\x85sterud barnehage'" != "b'\xc3\x85sterud barnehage Avdeling \xc3\x85sterudveien'"
