barnehagefakta.get - WARNING - Change in response for id=982605032, archiving old result
barnehagefakta - WARNING - The name from https://nbr.udir.no/enhet/982605032 differ from http://barnehagefakta.no/api/barnehage/982605032,"b'Alven Eventyrbarnehage i Trollvika AS'" != "b'Alven eventyrbarnehage i Trollvika AS'"
barnehagefakta.get - WARNING - Change in response for id=980128830, archiving old result
barnehagefakta.get - WARNING - Change in response for id=990450471, archiving old result
barnehagefakta.get - WARNING - Change in response for id=980925005, archiving old result
barnehagefakta.get - WARNING - Change in response for id=880424092, archiving old result
barnehagefakta.get - WARNING - Change in response for id=973337459, archiving old result
barnehagefakta.get - WARNING - Change in response for id=998624584, archiving old result
barnehagefakta.get - WARNING - Change in response for id=982229952, archiving old result
barnehagefakta - WARNING - The name from https://nbr.udir.no/enhet/982229952 differ from http://barnehagefakta.no/api/barnehage/982229952,"b'Flatefjell Andelsbarnehage'" != "b'Flatefjell andelsbarnehage'"
barnehagefakta.get - WARNING - Change in response for id=974548909, archiving old result
barnehagefakta.get - WARNING - Change in response for id=976844963, archiving old result
barnehagefakta.get - WARNING - Change in response for id=925237272, archiving old result
barnehagefakta.get - WARNING - Change in response for id=973812246, archiving old result
barnehagefakta - WARNING - The name from https://nbr.udir.no/enhet/973812246 differ from http://barnehagefakta.no/api/barnehage/973812246,"b'Lauvst\xc3\xb8 \xc3\x85pen barnehage'" != "b'Lauvst\xc3\xb8 \xc3\xa5pen barnehage'"
barnehagefakta.get - WARNING - Change in response for id=998250110, archiving old result
barnehagefakta.get - WARNING - Change in response for id=996371786, archiving old result
barnehagefakta.get - WARNING - Change in response for id=993221473, archiving old result
barnehagefakta.get - WARNING - Change in response for id=981453360, archiving old result
barnehagefakta.get - WARNING - Change in response for id=974548895, archiving old result
barnehagefakta.get - WARNING - Change in response for id=916935153, archiving old result
barnehagefakta - WARNING - The name from https://nbr.udir.no/enhet/916935153 differ from http://barnehagefakta.no/api/barnehage/916935153,"b'Matilda Natur- og Teaterbarnehage Avd Egra'" != "b'Matilda Natur- og teaterbarnehage Avd Egra'"
barnehagefakta.get - WARNING - Change in response for id=987872187, archiving old result
barnehagefakta - WARNING - The name from https://nbr.udir.no/enhet/987872187 differ from http://barnehagefakta.no/api/barnehage/987872187,"b'Matilda Natur- og Teaterbarnehage Avd Fuhr'" != "b'Matilda Natur- og teaterbarnehage Avd Fuhr'"
barnehagefakta.get - WARNING - Change in response for id=989124986, archiving old result
barnehagefakta.get - WARNING - Change in response for id=973458507, archiving old result
barnehagefakta.get - WARNING - Change in response for id=975830500, archiving old result
barnehagefakta.get - WARNING - Change in response for id=974548925, archiving old result
barnehagefakta.get - WARNING - Change in response for id=916086032, archiving old result
barnehagefakta.get - WARNING - Change in response for id=989820729, archiving old result
barnehagefakta.get - WARNING - Change in response for id=986062777, archiving old result
barnehagefakta.get - WARNING - Change in response for id=918592350, archiving old result
barnehagefakta.get - WARNING - Change in response for id=998624630, archiving old result
barnehagefakta.get - WARNING - Change in response for id=973458515, archiving old result
