barnehagefakta.get - WARNING - Change in response for id=989939408, archiving old result
barnehagefakta.get - WARNING - Change in response for id=916469535, archiving old result
barnehagefakta.get - WARNING - Change in response for id=916469543, archiving old result
barnehagefakta.get - WARNING - Change in response for id=981978471, archiving old result
barnehagefakta.get - WARNING - Change in response for id=973345028, archiving old result
barnehagefakta.get - WARNING - Change in response for id=992585277, archiving old result
barnehagefakta - WARNING - The name from https://nbr.udir.no/enhet/992585277 differ from http://barnehagefakta.no/api/barnehage/992585277,"b'Guldbergaunet F\xc3\xb8rskole AS'" != "b'Guldbergaunet f\xc3\xb8rskole AS'"
barnehagefakta.get - WARNING - Change in response for id=997827910, archiving old result
barnehagefakta - WARNING - The name from https://nbr.udir.no/enhet/997827910 differ from http://barnehagefakta.no/api/barnehage/997827910,"b'J\xc3\xa5dd\xc3\xa5ren G\xc3\xa5rdsbarnehage AS'" != "b'J\xc3\xa5dd\xc3\xa5ren g\xc3\xa5rdsbarnehage AS'"
barnehagefakta.get - WARNING - Change in response for id=994408127, archiving old result
barnehagefakta - WARNING - The name from https://nbr.udir.no/enhet/994408127 differ from http://barnehagefakta.no/api/barnehage/994408127,"b'Kringla Friluftsbarnehage AS'" != "b'Kringla friluftsbarnehage AS'"
barnehagefakta.get - WARNING - Change in response for id=979671105, archiving old result
barnehagefakta - WARNING - The name from https://nbr.udir.no/enhet/979671105 differ from http://barnehagefakta.no/api/barnehage/979671105,"b'Kvam barnehage Sa'" != "b'Kvam barnehage SA'"
barnehagefakta.get - WARNING - Change in response for id=973459813, archiving old result
barnehagefakta.get - WARNING - Change in response for id=975312003, archiving old result
barnehagefakta.get - WARNING - Change in response for id=973470159, archiving old result
barnehagefakta - WARNING - The name from https://nbr.udir.no/enhet/973470159 differ from http://barnehagefakta.no/api/barnehage/973470159,"b'Marisletta barnehage Sa'" != "b'Marisletta barnehage SA'"
barnehagefakta.get - WARNING - Change in response for id=973600826, archiving old result
barnehagefakta.get - WARNING - Change in response for id=989481584, archiving old result
barnehagefakta.get - WARNING - Change in response for id=975311740, archiving old result
barnehagefakta.get - WARNING - Change in response for id=974753375, archiving old result
barnehagefakta - WARNING - The name from https://nbr.udir.no/enhet/974753375 differ from http://barnehagefakta.no/api/barnehage/974753375,"b'S\xc3\xb8r-Beitstad barnehage Sa'" != "b'S\xc3\xb8r-Beitstad barnehage SA'"
barnehagefakta.get - WARNING - Change in response for id=975295389, archiving old result
barnehagefakta.get - WARNING - Change in response for id=875323962, archiving old result
barnehagefakta.get - WARNING - Change in response for id=987424680, archiving old result
barnehagefakta.get - WARNING - Change in response for id=973346121, archiving old result
barnehagefakta - WARNING - The name from https://nbr.udir.no/enhet/973346121 differ from http://barnehagefakta.no/api/barnehage/973346121,"b'V\xc3\xa5len barnehage Sa'" != "b'V\xc3\xa5len barnehage SA'"
