barnehagefakta.get - WARNING - Change in response for id=986032479, archiving old result
barnehagefakta - WARNING - The name from https://nbr.udir.no/enhet/986032479 differ from http://barnehagefakta.no/api/barnehage/986032479,"b'Askeladden barnehage Sa'" != "b'Askeladden barnehage SA'"
barnehagefakta.get - WARNING - Change in response for id=975313107, archiving old result
barnehagefakta.get - WARNING - Change in response for id=975290883, archiving old result
barnehagefakta.get - WARNING - Change in response for id=975312305, archiving old result
barnehagefakta.get - WARNING - Change in response for id=973989677, archiving old result
barnehagefakta - WARNING - The name from https://nbr.udir.no/enhet/973989677 differ from http://barnehagefakta.no/api/barnehage/973989677,"b'Bj\xc3\xb8rkvang barnehage'" != "b'Hoppensprett Bj\xc3\xb8rkvang'"
barnehagefakta.get - WARNING - Change in response for id=993312371, archiving old result
barnehagefakta.get - WARNING - Change in response for id=997663195, archiving old result
barnehagefakta.get - WARNING - Change in response for id=875324012, archiving old result
barnehagefakta.get - WARNING - Change in response for id=974322706, archiving old result
barnehagefakta.get - WARNING - Change in response for id=990753547, archiving old result
barnehagefakta - WARNING - The name from https://nbr.udir.no/enhet/990753547 differ from http://barnehagefakta.no/api/barnehage/990753547,"b'Hoppensprett Narvik AS'" != "b'Hoppensprett Narvik'"
barnehagefakta.get - WARNING - Change in response for id=972240761, archiving old result
barnehagefakta.get - WARNING - Change in response for id=973461451, archiving old result
barnehagefakta - WARNING - The name from https://nbr.udir.no/enhet/973461451 differ from http://barnehagefakta.no/api/barnehage/973461451,"b'Malmklumpen barnehage Sa'" != "b'Malmklumpen barnehage SA'"
barnehagefakta.get - WARNING - Change in response for id=882891992, archiving old result
barnehagefakta.get - WARNING - Change in response for id=974146444, archiving old result
barnehagefakta.get - WARNING - Change in response for id=978607098, archiving old result
barnehagefakta.get - WARNING - Change in response for id=875295292, archiving old result
barnehagefakta.get - WARNING - Change in response for id=975322092, archiving old result
barnehagefakta.get - WARNING - Change in response for id=996641171, archiving old result
