barnehagefakta.get - WARNING - Change in response for id=981080386, archiving old result
barnehagefakta.get - WARNING - Change in response for id=991673903, archiving old result
barnehagefakta.get - WARNING - Change in response for id=975307069, archiving old result
barnehagefakta.get - WARNING - Change in response for id=875307002, archiving old result
barnehagefakta.get - WARNING - Change in response for id=973472003, archiving old result
barnehagefakta.get - WARNING - Change in response for id=975307026, archiving old result
barnehagefakta.get - WARNING - Change in response for id=972286559, archiving old result
barnehagefakta - WARNING - The name from https://nbr.udir.no/enhet/972286559 differ from http://barnehagefakta.no/api/barnehage/972286559,"b'Liane barnehage AS'" != "b'Spire & Gro Liane barnehage AS'"
barnehagefakta.get - WARNING - Change in response for id=975307042, archiving old result
barnehagefakta.get - WARNING - Change in response for id=975307050, archiving old result
barnehagefakta.get - WARNING - Change in response for id=922893640, archiving old result
barnehagefakta.get - WARNING - Change in response for id=898588262, archiving old result
barnehagefakta - WARNING - The name from https://nbr.udir.no/enhet/898588262 differ from http://barnehagefakta.no/api/barnehage/898588262,"b'Melkeveien barnehage AS'" != "b'Spire & Gro Melkeveien barnehage AS'"
barnehagefakta - WARNING - The name from https://nbr.udir.no/enhet/996140172 differ from http://barnehagefakta.no/api/barnehage/996140172,"b'Norlandia Akrobaten Idrettsbarnehage'" != "b'Norlandia Akrobaten idrettsbarnehage'"
barnehagefakta.get - WARNING - Change in response for id=891690762, archiving old result
barnehagefakta.get - WARNING - Change in response for id=984001207, archiving old result
barnehagefakta.get - WARNING - Change in response for id=973936743, archiving old result
barnehagefakta - WARNING - The name from https://nbr.udir.no/enhet/973936743 differ from http://barnehagefakta.no/api/barnehage/973936743,"b'Skogtoppen barnehage AS'" != "b'Spire & Gro Skogtoppen barnehage AS'"
barnehagefakta.get - WARNING - Change in response for id=989595113, archiving old result
barnehagefakta.get - WARNING - Change in response for id=973086332, archiving old result
barnehagefakta - WARNING - The name from https://nbr.udir.no/enhet/973086332 differ from http://barnehagefakta.no/api/barnehage/973086332,"b'Studentsamskipnaden i S\xc3\xb8r\xc3\xb8st-Norge Elverh\xc3\xb8y Studentbarnehage'" != "b'Studentsamskipnaden i S\xc3\xb8r\xc3\xb8st-Norge Elverh\xc3\xb8y studentbarnehage'"
barnehagefakta.get - WARNING - Change in response for id=976643836, archiving old result
barnehagefakta.get - WARNING - Change in response for id=913034678, archiving old result
