barnehagefakta.get - WARNING - Change in response for id=974585804, archiving old result
barnehagefakta.get - WARNING - Change in response for id=975316971, archiving old result
barnehagefakta.get - WARNING - Change in response for id=975306860, archiving old result
barnehagefakta.get - WARNING - Change in response for id=975322637, archiving old result
barnehagefakta.get - WARNING - Change in response for id=974585944, archiving old result
barnehagefakta.get - WARNING - Change in response for id=992998245, archiving old result
barnehagefakta - WARNING - The name from https://nbr.udir.no/enhet/992998245 differ from http://barnehagefakta.no/api/barnehage/992998245,"b'Glitne Kanvas-Barnehage'" != "b'Glitne kanvas-barnehage'"
barnehagefakta.get - WARNING - Change in response for id=974585839, archiving old result
barnehagefakta.get - WARNING - Change in response for id=991755314, archiving old result
barnehagefakta.get - WARNING - Change in response for id=991570497, archiving old result
barnehagefakta.get - WARNING - Change in response for id=917522650, archiving old result
barnehagefakta.get - WARNING - Change in response for id=974585774, archiving old result
barnehagefakta.get - WARNING - Change in response for id=983648894, archiving old result
barnehagefakta - WARNING - The name from https://nbr.udir.no/enhet/983648894 differ from http://barnehagefakta.no/api/barnehage/983648894,"b'Linnestad barnehage Sa'" != "b'Linnestad barnehage SA'"
barnehagefakta.get - WARNING - Change in response for id=974585952, archiving old result
barnehagefakta.get - WARNING - Change in response for id=874585742, archiving old result
barnehagefakta.get - WARNING - Change in response for id=973462083, archiving old result
barnehagefakta - WARNING - The name from https://nbr.udir.no/enhet/973462083 differ from http://barnehagefakta.no/api/barnehage/973462083,"b'Ramnes Private barnehage AS'" != "b'Ramnes private barnehage AS'"
barnehagefakta.get - WARNING - Change in response for id=978691609, archiving old result
barnehagefakta - WARNING - The name from https://nbr.udir.no/enhet/978691609 differ from http://barnehagefakta.no/api/barnehage/978691609,"b'Rannveigs G\xc3\xa5rdsbarnehage AS'" != "b'Rannveigs g\xc3\xa5rdsbarnehage AS'"
barnehagefakta.get - WARNING - Change in response for id=979932014, archiving old result
barnehagefakta.get - WARNING - Change in response for id=974586029, archiving old result
barnehagefakta.get - WARNING - Change in response for id=974585812, archiving old result
barnehagefakta.get - WARNING - Change in response for id=915777856, archiving old result
barnehagefakta.get - WARNING - Change in response for id=990114927, archiving old result
barnehagefakta.get - WARNING - Change in response for id=982418526, archiving old result
barnehagefakta - WARNING - The name from https://nbr.udir.no/enhet/982418526 differ from http://barnehagefakta.no/api/barnehage/982418526,"b'Solsikken-Barnehage Sa'" != "b'Solsikken-Barnehage SA'"
barnehagefakta.get - WARNING - Change in response for id=973490494, archiving old result
barnehagefakta.get - WARNING - Change in response for id=992026650, archiving old result
barnehagefakta.get - WARNING - Change in response for id=873131632, archiving old result
