barnehagefakta.get - WARNING - Change in response for id=993268801, archiving old result
barnehagefakta.get - WARNING - Change in response for id=986253629, archiving old result
barnehagefakta.get - WARNING - Change in response for id=974572613, archiving old result
barnehagefakta.get - WARNING - Change in response for id=974572656, archiving old result
barnehagefakta.get - WARNING - Change in response for id=982375037, archiving old result
barnehagefakta - WARNING - The name from https://nbr.udir.no/enhet/982375037 differ from http://barnehagefakta.no/api/barnehage/982375037,"b'Huldraheimen Steinerbarnehage AS'" != "b'Huldraheimen steinerbarnehage AS'"
barnehagefakta.get - WARNING - Change in response for id=995371499, archiving old result
barnehagefakta - WARNING - The name from https://nbr.udir.no/enhet/995371499 differ from http://barnehagefakta.no/api/barnehage/995371499,"b'Huldraheimen Steinerbarnehage Ii AS'" != "b'Huldraheimen steinerbarnehage Ii AS'"
barnehagefakta.get - WARNING - Change in response for id=975351971, archiving old result
barnehagefakta - WARNING - The name from https://nbr.udir.no/enhet/975351971 differ from http://barnehagefakta.no/api/barnehage/975351971,"b'Idea Kompetanse AS Avd barnehage Kongsberg'" != "b'Idea barnehage Avd Kongsberg'"
barnehagefakta.get - WARNING - Change in response for id=914885957, archiving old result
barnehagefakta.get - WARNING - Change in response for id=973469819, archiving old result
barnehagefakta.get - WARNING - Change in response for id=897062402, archiving old result
barnehagefakta.get - WARNING - Change in response for id=976666879, archiving old result
barnehagefakta.get - WARNING - Change in response for id=973676695, archiving old result
barnehagefakta.get - WARNING - Change in response for id=976666860, archiving old result
barnehagefakta.get - WARNING - Change in response for id=999397298, archiving old result
barnehagefakta.get - WARNING - Change in response for id=993564133, archiving old result
barnehagefakta - WARNING - The name from https://nbr.udir.no/enhet/993564133 differ from http://barnehagefakta.no/api/barnehage/993564133,"b'Skrimtrollet barnehage Sa'" != "b'Skrimtrollet barnehage SA'"
barnehagefakta.get - WARNING - Change in response for id=994940007, archiving old result
barnehagefakta.get - WARNING - Change in response for id=974631393, archiving old result
barnehagefakta - WARNING - The name from https://nbr.udir.no/enhet/974631393 differ from http://barnehagefakta.no/api/barnehage/974631393,"b'Studentsamskipnaden i S\xc3\xb8r\xc3\xb8st-Norge Risteigen Studentbarnehage'" != "b'L\xc3\xa6ringsverkstedet Risteigen barnehage'"
barnehagefakta.get - WARNING - Change in response for id=991661077, archiving old result
barnehagefakta.get - WARNING - Change in response for id=974572680, archiving old result
barnehagefakta.get - WARNING - Change in response for id=974572583, archiving old result
