barnehagefakta.get - WARNING - Change in response for id=1021178, archiving old result
barnehagefakta - WARNING - Kindergarten "Algrøy Familiebarnehage Eva Nåmdal" https://nbr.udir.no/enhet/1021178, returned 404 at http://barnehagefakta.no/api/barnehage/1021178. The kindergarten is probably discontinued.
barnehagefakta.get - WARNING - Change in response for id=1015458, archiving old result
barnehagefakta.get - WARNING - Change in response for id=1020587, archiving old result
barnehagefakta - WARNING - Kindergarten "Bamsen Familiebarnehage Helga Kolltveit" https://nbr.udir.no/enhet/1020587, returned 404 at http://barnehagefakta.no/api/barnehage/1020587. The kindergarten is probably discontinued.
barnehagefakta.get - WARNING - Change in response for id=1019637, archiving old result
barnehagefakta - WARNING - Kindergarten "Barnehagen Solglytt" https://nbr.udir.no/enhet/1019637, returned 404 at http://barnehagefakta.no/api/barnehage/1019637. The kindergarten is probably discontinued.
barnehagefakta.get - WARNING - Change in response for id=1014790, archiving old result
barnehagefakta.get - WARNING - Change in response for id=1018578, archiving old result
barnehagefakta.get - WARNING - Change in response for id=1015961, archiving old result
barnehagefakta.get - WARNING - Change in response for id=1017645, archiving old result
barnehagefakta.get - WARNING - Change in response for id=1017924, archiving old result
barnehagefakta.get - WARNING - Change in response for id=1017644, archiving old result
barnehagefakta.get - WARNING - Change in response for id=1020480, archiving old result
barnehagefakta.get - WARNING - Change in response for id=1015155, archiving old result
barnehagefakta.get - WARNING - Change in response for id=1020778, archiving old result
barnehagefakta.get - WARNING - Change in response for id=1020471, archiving old result
barnehagefakta - WARNING - Kindergarten "Kanutten barnehage AS" https://nbr.udir.no/enhet/1020471, returned 404 at http://barnehagefakta.no/api/barnehage/1020471. The kindergarten is probably discontinued.
barnehagefakta.get - WARNING - Change in response for id=1018399, archiving old result
barnehagefakta - WARNING - Kindergarten "Knarrevik Korttidsbarnehage" https://nbr.udir.no/enhet/1019711, returned 404 at http://barnehagefakta.no/api/barnehage/1019711. The kindergarten is probably discontinued.
barnehagefakta.get - WARNING - Change in response for id=1020598, archiving old result
barnehagefakta.get - WARNING - Change in response for id=1017266, archiving old result
barnehagefakta.get - WARNING - Change in response for id=1022079, archiving old result
barnehagefakta.get - WARNING - Change in response for id=1017133, archiving old result
barnehagefakta.get - WARNING - Change in response for id=1021260, archiving old result
barnehagefakta.get - WARNING - Change in response for id=1013384, archiving old result
barnehagefakta.get - WARNING - Change in response for id=1015840, archiving old result
barnehagefakta.get - WARNING - Change in response for id=1018398, archiving old result
barnehagefakta.get - WARNING - Change in response for id=1016454, archiving old result
barnehagefakta.get - WARNING - Change in response for id=1017083, archiving old result
barnehagefakta.get - WARNING - Change in response for id=1020639, archiving old result
barnehagefakta.get - WARNING - Change in response for id=1012510, archiving old result
barnehagefakta.get - WARNING - Change in response for id=1020286, archiving old result
barnehagefakta.get - WARNING - Change in response for id=1012585, archiving old result
barnehagefakta.get - WARNING - Change in response for id=1021492, archiving old result
barnehagefakta - WARNING - Kindergarten "Tree'T Familiebarnehage Vindenes" https://nbr.udir.no/enhet/1020956, returned 404 at http://barnehagefakta.no/api/barnehage/1020956. The kindergarten is probably discontinued.
barnehagefakta.get - WARNING - Change in response for id=1014889, archiving old result
barnehagefakta.get - WARNING - Change in response for id=1013274, archiving old result
barnehagefakta.get - WARNING - Change in response for id=1014714, archiving old result
barnehagefakta.get - WARNING - Change in response for id=1018118, archiving old result
