barnehagefakta.get - WARNING - Change in response for id=873481862, archiving old result
barnehagefakta.get - WARNING - Change in response for id=975306798, archiving old result
barnehagefakta.get - WARNING - Change in response for id=994338471, archiving old result
barnehagefakta.get - WARNING - Change in response for id=984186150, archiving old result
barnehagefakta - WARNING - The name from https://nbr.udir.no/enhet/984186150 differ from http://barnehagefakta.no/api/barnehage/984186150,"b'Galleberg barnehage Sa'" != "b'Galleberg barnehage SA'"
barnehagefakta.get - WARNING - Change in response for id=973494899, archiving old result
barnehagefakta - WARNING - The name from https://nbr.udir.no/enhet/973494899 differ from http://barnehagefakta.no/api/barnehage/973494899,"b'Gaup\xc3\xa5s barnehage Sa'" != "b'Gaup\xc3\xa5s barnehage SA'"
barnehagefakta.get - WARNING - Change in response for id=919129026, archiving old result
barnehagefakta.get - WARNING - Change in response for id=974542757, archiving old result
barnehagefakta.get - WARNING - Change in response for id=973766066, archiving old result
barnehagefakta.get - WARNING - Change in response for id=982248752, archiving old result
barnehagefakta.get - WARNING - Change in response for id=985940398, archiving old result
barnehagefakta - WARNING - The name from https://nbr.udir.no/enhet/985940398 differ from http://barnehagefakta.no/api/barnehage/985940398,"b'Holmestrand Internasjonale Montesssoribarnehage Sa'" != "b'Holmestrand Internasjonale montesssoribarnehage SA'"
barnehagefakta.get - WARNING - Change in response for id=974542749, archiving old result
barnehagefakta.get - WARNING - Change in response for id=974542730, archiving old result
barnehagefakta.get - WARNING - Change in response for id=991053298, archiving old result
barnehagefakta - WARNING - The name from https://nbr.udir.no/enhet/991053298 differ from http://barnehagefakta.no/api/barnehage/991053298,"b'M\xc3\xb8llerdammen Naturbarnehage AS'" != "b'M\xc3\xb8llerdammen naturbarnehage AS'"
barnehagefakta.get - WARNING - Change in response for id=873138882, archiving old result
barnehagefakta - WARNING - The name from https://nbr.udir.no/enhet/873138882 differ from http://barnehagefakta.no/api/barnehage/873138882,"b'Nlm Barnehagene AS Avd Fredly barnehage'" != "b'Nlm barnehagene AS Avd Fredly barnehage'"
barnehagefakta.get - WARNING - Change in response for id=993239372, archiving old result
barnehagefakta.get - WARNING - Change in response for id=918317325, archiving old result
