barnehagefakta - WARNING - The name from https://nbr.udir.no/enhet/976844955 differ from http://barnehagefakta.no/api/barnehage/976844955,"b'Hokus Pokus barnehage'" != "b'Hokus Pokus barnehage Kristiansand'"
barnehagefakta - WARNING - The name from https://nbr.udir.no/enhet/980760235 differ from http://barnehagefakta.no/api/barnehage/980760235,"b'Kanutten Familiebarnehage'" != "b'Kanutten Familiebarnehage Musikkbarnehage'"
barnehagefakta - WARNING - The name from https://nbr.udir.no/enhet/988801437 differ from http://barnehagefakta.no/api/barnehage/988801437,"b'Lindtj\xc3\xb8nn Fus barnehage'" != "b'Lindtj\xc3\xb8nn Fus barnehage Avd Louises Vei'"
barnehagefakta - WARNING - The name from https://nbr.udir.no/enhet/976687574 differ from http://barnehagefakta.no/api/barnehage/976687574,"b'Lindtj\xc3\xb8nn Fus barnehage AS'" != "b'Lindtj\xc3\xb8nn Fus barnehage AS Avd R\xc3\xb8dhettes Vei'"
barnehagefakta - WARNING - The name from https://nbr.udir.no/enhet/993528501 differ from http://barnehagefakta.no/api/barnehage/993528501,"b'L\xc3\xa6ringsverkstedet barnehage'" != "b'L\xc3\xa6ringsverkstedet barnehage Avd Eidet barnehage'"
barnehagefakta - WARNING - The name from https://nbr.udir.no/enhet/995921499 differ from http://barnehagefakta.no/api/barnehage/995921499,"b'L\xc3\xa6ringsverkstedet barnehage'" != "b'L\xc3\xa6ringsverkstedet barnehage Avd Solkollen H\xc3\xa5nes'"
barnehagefakta - WARNING - The name from https://nbr.udir.no/enhet/985535515 differ from http://barnehagefakta.no/api/barnehage/985535515,"b'L\xc3\xa6ringsverkstedet barnehage'" != "b'L\xc3\xa6ringsverkstedet barnehage Avd Flekker\xc3\xb8ya barnehage'"
barnehagefakta - WARNING - The name from https://nbr.udir.no/enhet/984985525 differ from http://barnehagefakta.no/api/barnehage/984985525,"b'L\xc3\xa6ringsverkstedet barnehage'" != "b'L\xc3\xa6ringsverkstedet barnehage Avd Fidje barnehage'"
barnehagefakta - WARNING - The name from https://nbr.udir.no/enhet/985908265 differ from http://barnehagefakta.no/api/barnehage/985908265,"b'L\xc3\xa6ringsverkstedet barnehage'" != "b'L\xc3\xa6ringsverkstedet barnehage Avd Gimlekollen'"
barnehagefakta - WARNING - The name from https://nbr.udir.no/enhet/986335714 differ from http://barnehagefakta.no/api/barnehage/986335714,"b'L\xc3\xa6ringsverkstedet barnehage'" != "b'L\xc3\xa6ringsverkstedet barnehage Avd Grim'"
barnehagefakta - WARNING - The name from https://nbr.udir.no/enhet/984779860 differ from http://barnehagefakta.no/api/barnehage/984779860,"b'L\xc3\xa6ringsverkstedet barnehage'" != "b'L\xc3\xa6ringsverkstedet barnehage Avd Presteheia barnehage'"
barnehagefakta - WARNING - The name from https://nbr.udir.no/enhet/983167578 differ from http://barnehagefakta.no/api/barnehage/983167578,"b'L\xc3\xa6ringsverkstedet barnehage'" != "b'L\xc3\xa6ringsverkstedet barnehage Avd Ravneheia'"
barnehagefakta - WARNING - The name from https://nbr.udir.no/enhet/983211933 differ from http://barnehagefakta.no/api/barnehage/983211933,"b'L\xc3\xa6ringsverkstedet barnehage'" != "b'L\xc3\xa6ringsverkstedet barnehage Avd Solkollen barnehage Hellemyr'"
barnehagefakta - WARNING - The name from https://nbr.udir.no/enhet/987059648 differ from http://barnehagefakta.no/api/barnehage/987059648,"b'L\xc3\xa6ringsverkstedet barnehage'" != "b'L\xc3\xa6ringsverkstedet barnehage Avd Liantj\xc3\xb8nn barnehage'"
barnehagefakta - WARNING - The name from https://nbr.udir.no/enhet/988006513 differ from http://barnehagefakta.no/api/barnehage/988006513,"b'L\xc3\xa6ringsverkstedet barnehage'" != "b'L\xc3\xa6ringsverkstedet barnehage Avd Br\xc3\xa5vanns\xc3\xa5sen barnehage'"
barnehagefakta - WARNING - The name from https://nbr.udir.no/enhet/988555118 differ from http://barnehagefakta.no/api/barnehage/988555118,"b'L\xc3\xa6ringsverkstedet barnehage'" != "b'L\xc3\xa6ringsverkstedet barnehage Avd Solkollen barnehage S\xc3\xb8m'"
barnehagefakta - WARNING - The name from https://nbr.udir.no/enhet/991948589 differ from http://barnehagefakta.no/api/barnehage/991948589,"b'L\xc3\xa6ringsverkstedet barnehage'" != "b'L\xc3\xa6ringsverkstedet barnehage Avd S\xc3\xb8gne'"
barnehagefakta - WARNING - The name from https://nbr.udir.no/enhet/895592102 differ from http://barnehagefakta.no/api/barnehage/895592102,"b'L\xc3\xa6ringsverkstedet barnehage'" != "b'L\xc3\xa6ringsverkstedet barnehage Avd Lindeb\xc3\xb8skauen'"
barnehagefakta - WARNING - The name from https://nbr.udir.no/enhet/872301992 differ from http://barnehagefakta.no/api/barnehage/872301992,"b'L\xc3\xa6ringsverkstedet barnehage'" != "b'L\xc3\xa6ringsverkstedet barnehage Avd Tveit'"
barnehagefakta - WARNING - The name from https://nbr.udir.no/enhet/973513516 differ from http://barnehagefakta.no/api/barnehage/973513516,"b'L\xc3\xa6ringsverkstedet barnehage'" != "b'L\xc3\xa6ringsverkstedet barnehage Avd Bispegra'"
barnehagefakta - WARNING - The name from https://nbr.udir.no/enhet/973946188 differ from http://barnehagefakta.no/api/barnehage/973946188,"b'L\xc3\xa6ringsverkstedet barnehage'" != "b'L\xc3\xa6ringsverkstedet barnehage Avd S\xc3\xb8rlandsparken barnehage'"
barnehagefakta - WARNING - The name from https://nbr.udir.no/enhet/974402874 differ from http://barnehagefakta.no/api/barnehage/974402874,"b'L\xc3\xa6ringsverkstedet barnehage'" != "b'L\xc3\xa6ringsverkstedet barnehage Avd Kuholmen'"
barnehagefakta - WARNING - The name from https://nbr.udir.no/enhet/975815145 differ from http://barnehagefakta.no/api/barnehage/975815145,"b'L\xc3\xa6ringsverkstedet barnehage'" != "b'L\xc3\xa6ringsverkstedet barnehage Avd Skomakergada'"
barnehagefakta - WARNING - The name from https://nbr.udir.no/enhet/992179929 differ from http://barnehagefakta.no/api/barnehage/992179929,"b'Spiren barnehage'" != "b'Spiren barnehage Avd Tareskogen'"
barnehagefakta - WARNING - The name from https://nbr.udir.no/enhet/992179880 differ from http://barnehagefakta.no/api/barnehage/992179880,"b'Spiren barnehage'" != "b'Spiren barnehage Avd Hvitveisen'"
