barnehagefakta.get - WARNING - Change in response for id=1015829, archiving old result
barnehagefakta.get - WARNING - Change in response for id=1022067, archiving old result
barnehagefakta.get - WARNING - Change in response for id=1012563, archiving old result
barnehagefakta.get - WARNING - Change in response for id=1018462, archiving old result
barnehagefakta.get - WARNING - Change in response for id=1012881, archiving old result
barnehagefakta - WARNING - Kindergarten "Dal Gård Åpen barnehage" https://nbr.udir.no/enhet/1020681, returned 404 at http://barnehagefakta.no/api/barnehage/1020681. The kindergarten is probably discontinued.
barnehagefakta.get - WARNING - Change in response for id=1015983, archiving old result
barnehagefakta.get - WARNING - Change in response for id=1019645, archiving old result
barnehagefakta - WARNING - Kindergarten "Familiebarnehage Strandparken" https://nbr.udir.no/enhet/1019645, returned 404 at http://barnehagefakta.no/api/barnehage/1019645. The kindergarten is probably discontinued.
barnehagefakta.get - WARNING - Change in response for id=1012882, archiving old result
barnehagefakta - WARNING - Kindergarten "Hakkebakkeskogen barnehage" https://nbr.udir.no/enhet/1016293, returned 404 at http://barnehagefakta.no/api/barnehage/1016293. The kindergarten is probably discontinued.
barnehagefakta.get - WARNING - Change in response for id=1020338, archiving old result
barnehagefakta.get - WARNING - Change in response for id=1020631, archiving old result
barnehagefakta.get - WARNING - Change in response for id=1015695, archiving old result
barnehagefakta.get - WARNING - Change in response for id=1021866, archiving old result
barnehagefakta.get - WARNING - Change in response for id=1020694, archiving old result
barnehagefakta.get - WARNING - Change in response for id=1012878, archiving old result
barnehagefakta.get - WARNING - Change in response for id=1012879, archiving old result
barnehagefakta.get - WARNING - Change in response for id=1016400, archiving old result
barnehagefakta.get - WARNING - Change in response for id=1021118, archiving old result
barnehagefakta.get - WARNING - Change in response for id=1021430, archiving old result
barnehagefakta.get - WARNING - Change in response for id=1020739, archiving old result
barnehagefakta.get - WARNING - Change in response for id=1022354, archiving old result
barnehagefakta.get - WARNING - Change in response for id=1016998, archiving old result
barnehagefakta.get - WARNING - Change in response for id=1013077, archiving old result
barnehagefakta.get - WARNING - Change in response for id=1022047, archiving old result
barnehagefakta.get - WARNING - Change in response for id=1020695, archiving old result
barnehagefakta.get - WARNING - Change in response for id=1021672, archiving old result
barnehagefakta.get - WARNING - Change in response for id=1021817, archiving old result
barnehagefakta.get - WARNING - Change in response for id=1022383, archiving old result
barnehagefakta - WARNING - Kindergarten "Viulsrød barnehage AS" https://nbr.udir.no/enhet/1022383, returned 404 at http://barnehagefakta.no/api/barnehage/1022383. The kindergarten is probably discontinued.
barnehagefakta.get - WARNING - Change in response for id=1022450, archiving old result
barnehagefakta.get - WARNING - Change in response for id=1012880, archiving old result
barnehagefakta.get - WARNING - Change in response for id=1019646, archiving old result
