barnehagefakta.get - WARNING - Change in response for id=973465724, archiving old result
barnehagefakta.get - WARNING - Change in response for id=974611112, archiving old result
barnehagefakta.get - WARNING - Change in response for id=984811977, archiving old result
barnehagefakta - WARNING - The name from https://nbr.udir.no/enhet/984811977 differ from http://barnehagefakta.no/api/barnehage/984811977,"b'Bogafjellbakken Naturbarnehage Sa'" != "b'Bogafjellbakken naturbarnehage SA'"
barnehagefakta.get - WARNING - Change in response for id=974611201, archiving old result
barnehagefakta.get - WARNING - Change in response for id=890906362, archiving old result
barnehagefakta.get - WARNING - Change in response for id=992482273, archiving old result
barnehagefakta.get - WARNING - Change in response for id=973730215, archiving old result
barnehagefakta.get - WARNING - Change in response for id=974701480, archiving old result
barnehagefakta.get - WARNING - Change in response for id=999398596, archiving old result
barnehagefakta.get - WARNING - Change in response for id=973341200, archiving old result
barnehagefakta.get - WARNING - Change in response for id=874611182, archiving old result
barnehagefakta.get - WARNING - Change in response for id=998400058, archiving old result
barnehagefakta.get - WARNING - Change in response for id=972286478, archiving old result
barnehagefakta - WARNING - The name from https://nbr.udir.no/enhet/972286478 differ from http://barnehagefakta.no/api/barnehage/972286478,"b'Hans og Grete barnehage Sa'" != "b'Hans og Grete barnehage SA'"
barnehagefakta.get - WARNING - Change in response for id=980525856, archiving old result
barnehagefakta - WARNING - The name from https://nbr.udir.no/enhet/980525856 differ from http://barnehagefakta.no/api/barnehage/980525856,"b'H\xc3\xa5bafjell Idrettsbarnehage'" != "b'H\xc3\xa5bafjell idrettsbarnehage'"
barnehagefakta.get - WARNING - Change in response for id=972397873, archiving old result
barnehagefakta.get - WARNING - Change in response for id=919361719, archiving old result
barnehagefakta.get - WARNING - Change in response for id=889305142, archiving old result
barnehagefakta.get - WARNING - Change in response for id=889484772, archiving old result
barnehagefakta.get - WARNING - Change in response for id=997813553, archiving old result
barnehagefakta.get - WARNING - Change in response for id=976719883, archiving old result
barnehagefakta.get - WARNING - Change in response for id=973857606, archiving old result
barnehagefakta.get - WARNING - Change in response for id=974288028, archiving old result
barnehagefakta.get - WARNING - Change in response for id=991581189, archiving old result
barnehagefakta - WARNING - The name from https://nbr.udir.no/enhet/991581189 differ from http://barnehagefakta.no/api/barnehage/991581189,"b'Nlm Barnehagene AS Avd Lube barnehage'" != "b'Nlm barnehagene AS Avd Lube barnehage'"
barnehagefakta.get - WARNING - Change in response for id=985669864, archiving old result
barnehagefakta.get - WARNING - Change in response for id=974611104, archiving old result
barnehagefakta.get - WARNING - Change in response for id=973484656, archiving old result
barnehagefakta.get - WARNING - Change in response for id=891521332, archiving old result
barnehagefakta - WARNING - The name from https://nbr.udir.no/enhet/891521332 differ from http://barnehagefakta.no/api/barnehage/891521332,"b'R\xc3\xb8yrvik G\xc3\xa5rdsbarnehage AS'" != "b'R\xc3\xb8yrvik g\xc3\xa5rdsbarnehage AS'"
barnehagefakta.get - WARNING - Change in response for id=993003352, archiving old result
barnehagefakta.get - WARNING - Change in response for id=996908739, archiving old result
barnehagefakta - WARNING - The name from https://nbr.udir.no/enhet/996908739 differ from http://barnehagefakta.no/api/barnehage/996908739,"b'Sandtoppen Naturbarnehage AS'" != "b'Sandtoppen naturbarnehage AS'"
barnehagefakta.get - WARNING - Change in response for id=993003301, archiving old result
barnehagefakta.get - WARNING - Change in response for id=983492673, archiving old result
barnehagefakta - WARNING - The name from https://nbr.udir.no/enhet/983492673 differ from http://barnehagefakta.no/api/barnehage/983492673,"b'Skaarlia barnehage Sa'" != "b'Skaarlia barnehage SA'"
barnehagefakta.get - WARNING - Change in response for id=974611031, archiving old result
barnehagefakta.get - WARNING - Change in response for id=980760618, archiving old result
barnehagefakta.get - WARNING - Change in response for id=973861905, archiving old result
barnehagefakta - WARNING - The name from https://nbr.udir.no/enhet/973861905 differ from http://barnehagefakta.no/api/barnehage/973861905,"b'Svanholmen Kanvas-Barnehage'" != "b'Svanholmen kanvas-barnehage'"
barnehagefakta.get - WARNING - Change in response for id=913825721, archiving old result
barnehagefakta.get - WARNING - Change in response for id=987850027, archiving old result
barnehagefakta.get - WARNING - Change in response for id=874611042, archiving old result
