barnehagefakta.get - WARNING - Change in response for id=1022392, archiving old result
barnehagefakta.get - WARNING - Change in response for id=1015689, archiving old result
barnehagefakta.get - WARNING - Change in response for id=1020577, archiving old result
barnehagefakta - WARNING - The name from https://nbr.udir.no/enhet/1020577 differ from http://barnehagefakta.no/api/barnehage/1020577,"Askeladden barnehage AS" != "Askeladden Tur- og Aktivitetsbarnehage"
barnehagefakta.get - WARNING - Change in response for id=1012607, archiving old result
barnehagefakta.get - WARNING - Change in response for id=1015531, archiving old result
barnehagefakta.get - WARNING - Change in response for id=1015144, archiving old result
barnehagefakta.get - WARNING - Change in response for id=1020649, archiving old result
barnehagefakta.get - WARNING - Change in response for id=1021483, archiving old result
barnehagefakta.get - WARNING - Change in response for id=1012631, archiving old result
barnehagefakta.get - WARNING - Change in response for id=1012632, archiving old result
barnehagefakta.get - WARNING - Change in response for id=1014940, archiving old result
barnehagefakta.get - WARNING - Change in response for id=1021535, archiving old result
barnehagefakta.get - WARNING - Change in response for id=1021351, archiving old result
barnehagefakta.get - WARNING - Change in response for id=1018506, archiving old result
barnehagefakta.get - WARNING - Change in response for id=1021773, archiving old result
barnehagefakta.get - WARNING - Change in response for id=1022260, archiving old result
barnehagefakta.get - WARNING - Change in response for id=1015799, archiving old result
barnehagefakta.get - WARNING - Change in response for id=1014249, archiving old result
barnehagefakta.get - WARNING - Change in response for id=1026552, archiving old result
barnehagefakta - WARNING - The name from https://nbr.udir.no/enhet/1026552 differ from http://barnehagefakta.no/api/barnehage/1026552,"Matilda AS Avd Egra" != "Matilda Natur- og Teaterbarnehage Avd Egra"
barnehagefakta.get - WARNING - Change in response for id=1013185, archiving old result
barnehagefakta - WARNING - The name from https://nbr.udir.no/enhet/1013185 differ from http://barnehagefakta.no/api/barnehage/1013185,"Matilda AS Avd Grimstad" != "Matilda Natur- og Teaterbarnehage Avd Fuhr"
barnehagefakta.get - WARNING - Change in response for id=1020980, archiving old result
barnehagefakta - WARNING - The name from https://nbr.udir.no/enhet/1020980 differ from http://barnehagefakta.no/api/barnehage/1020980,"Maurtua Familiebarnehage" != "Maurtua Familiebarnehage Grømheia"
barnehagefakta.get - WARNING - Change in response for id=1020981, archiving old result
barnehagefakta - WARNING - The name from https://nbr.udir.no/enhet/1020981 differ from http://barnehagefakta.no/api/barnehage/1020981,"Maurtua Familiebarnehage" != "Maurtua Familiebarnehage Grømjordet"
barnehagefakta.get - WARNING - Change in response for id=1021985, archiving old result
barnehagefakta.get - WARNING - Change in response for id=1017072, archiving old result
barnehagefakta.get - WARNING - Change in response for id=1019723, archiving old result
barnehagefakta.get - WARNING - Change in response for id=1021185, archiving old result
barnehagefakta.get - WARNING - Change in response for id=1012634, archiving old result
barnehagefakta.get - WARNING - Change in response for id=1026200, archiving old result
barnehagefakta.get - WARNING - Change in response for id=1021435, archiving old result
barnehagefakta.get - WARNING - Change in response for id=1020964, archiving old result
barnehagefakta.get - WARNING - Change in response for id=1012633, archiving old result
barnehagefakta.get - WARNING - Change in response for id=1020850, archiving old result
barnehagefakta.get - WARNING - Change in response for id=2000118, archiving old result
barnehagefakta.get - WARNING - Change in response for id=1015145, archiving old result
barnehagefakta.get - WARNING - Change in response for id=1015577, archiving old result
