barnehagefakta.get - WARNING - Change in response for id=990733481, archiving old result
barnehagefakta.get - WARNING - Change in response for id=973512285, archiving old result
barnehagefakta.get - WARNING - Change in response for id=918318054, archiving old result
barnehagefakta.get - WARNING - Change in response for id=988060429, archiving old result
barnehagefakta.get - WARNING - Change in response for id=974578603, archiving old result
barnehagefakta.get - WARNING - Change in response for id=974578719, archiving old result
barnehagefakta.get - WARNING - Change in response for id=917668337, archiving old result
barnehagefakta.get - WARNING - Change in response for id=875365002, archiving old result
barnehagefakta - WARNING - The name from https://nbr.udir.no/enhet/875365002 differ from http://barnehagefakta.no/api/barnehage/875365002,"b'B\xc3\xa5stadmyra barnehage Sa'" != "b'B\xc3\xa5stadmyra barnehage SA'"
barnehagefakta.get - WARNING - Change in response for id=994597655, archiving old result
barnehagefakta - WARNING - The name from https://nbr.udir.no/enhet/994597655 differ from http://barnehagefakta.no/api/barnehage/994597655,"b'Carpe Diem Idrett og Naturbarnehage'" != "b'Carpe Diem Idrett og naturbarnehage'"
barnehagefakta.get - WARNING - Change in response for id=875306642, archiving old result
barnehagefakta.get - WARNING - Change in response for id=924115912, archiving old result
barnehagefakta.get - WARNING - Change in response for id=997601505, archiving old result
barnehagefakta.get - WARNING - Change in response for id=873111992, archiving old result
barnehagefakta - WARNING - The name from https://nbr.udir.no/enhet/873111992 differ from http://barnehagefakta.no/api/barnehage/873111992,"b'Frelsesarmeens Barnehager Avd Trollstua'" != "b'Frelsesarmeens barnehager Avd Trollstua'"
barnehagefakta.get - WARNING - Change in response for id=987247738, archiving old result
barnehagefakta - WARNING - The name from https://nbr.udir.no/enhet/987247738 differ from http://barnehagefakta.no/api/barnehage/987247738,"b'Frydenlund Kanvas-Barnehage'" != "b'Frydenlund kanvas-barnehage'"
barnehagefakta.get - WARNING - Change in response for id=874578592, archiving old result
barnehagefakta.get - WARNING - Change in response for id=973352091, archiving old result
barnehagefakta.get - WARNING - Change in response for id=975320235, archiving old result
barnehagefakta.get - WARNING - Change in response for id=915127207, archiving old result
barnehagefakta.get - WARNING - Change in response for id=915126960, archiving old result
barnehagefakta.get - WARNING - Change in response for id=974578670, archiving old result
barnehagefakta.get - WARNING - Change in response for id=974578611, archiving old result
barnehagefakta.get - WARNING - Change in response for id=974578735, archiving old result
barnehagefakta.get - WARNING - Change in response for id=980339610, archiving old result
barnehagefakta.get - WARNING - Change in response for id=989102702, archiving old result
barnehagefakta.get - WARNING - Change in response for id=889885882, archiving old result
barnehagefakta.get - WARNING - Change in response for id=915277241, archiving old result
barnehagefakta.get - WARNING - Change in response for id=918352651, archiving old result
barnehagefakta.get - WARNING - Change in response for id=983878032, archiving old result
barnehagefakta - WARNING - The name from https://nbr.udir.no/enhet/983878032 differ from http://barnehagefakta.no/api/barnehage/983878032,"b'Kjekstadmarka Kanvas-Barnehage'" != "b'Kjekstadmarka kanvas-barnehage'"
barnehagefakta.get - WARNING - Change in response for id=975306631, archiving old result
barnehagefakta.get - WARNING - Change in response for id=898597512, archiving old result
barnehagefakta.get - WARNING - Change in response for id=984280254, archiving old result
barnehagefakta.get - WARNING - Change in response for id=996222055, archiving old result
barnehagefakta.get - WARNING - Change in response for id=973457365, archiving old result
barnehagefakta.get - WARNING - Change in response for id=993891231, archiving old result
barnehagefakta.get - WARNING - Change in response for id=875375822, archiving old result
barnehagefakta - WARNING - The name from https://nbr.udir.no/enhet/875375822 differ from http://barnehagefakta.no/api/barnehage/875375822,"b'Midtbygda Kanvas-Barnehage'" != "b'Midtbygda kanvas-barnehage'"
barnehagefakta.get - WARNING - Change in response for id=988615862, archiving old result
barnehagefakta.get - WARNING - Change in response for id=974578654, archiving old result
barnehagefakta.get - WARNING - Change in response for id=973382373, archiving old result
barnehagefakta.get - WARNING - Change in response for id=990011540, archiving old result
barnehagefakta.get - WARNING - Change in response for id=974578727, archiving old result
barnehagefakta.get - WARNING - Change in response for id=993017914, archiving old result
barnehagefakta.get - WARNING - Change in response for id=974203243, archiving old result
barnehagefakta - WARNING - The name from https://nbr.udir.no/enhet/974203243 differ from http://barnehagefakta.no/api/barnehage/974203243,"b'N\xc3\xa6rsnes Fus barnehage Sa'" != "b'N\xc3\xa6rsnes Fus barnehage SA'"
barnehagefakta.get - WARNING - Change in response for id=991019790, archiving old result
barnehagefakta - WARNING - The name from https://nbr.udir.no/enhet/991019790 differ from http://barnehagefakta.no/api/barnehage/991019790,"b'Paletten Kanvas-Barnehage'" != "b'Paletten kanvas-barnehage'"
barnehagefakta.get - WARNING - Change in response for id=973746901, archiving old result
barnehagefakta.get - WARNING - Change in response for id=972164143, archiving old result
barnehagefakta.get - WARNING - Change in response for id=974559137, archiving old result
barnehagefakta.get - WARNING - Change in response for id=975295494, archiving old result
barnehagefakta.get - WARNING - Change in response for id=974578700, archiving old result
barnehagefakta.get - WARNING - Change in response for id=974578662, archiving old result
barnehagefakta.get - WARNING - Change in response for id=974195240, archiving old result
barnehagefakta - WARNING - The name from https://nbr.udir.no/enhet/974195240 differ from http://barnehagefakta.no/api/barnehage/974195240,"b'Spikkestad Kanvas-Barnehage'" != "b'Spikkestad kanvas-barnehage'"
barnehagefakta.get - WARNING - Change in response for id=987013354, archiving old result
barnehagefakta.get - WARNING - Change in response for id=991746358, archiving old result
barnehagefakta - WARNING - The name from https://nbr.udir.no/enhet/991746358 differ from http://barnehagefakta.no/api/barnehage/991746358,"b'Stiftelsen Vollen Montessoribarnehage'" != "b'Stiftelsen Vollen montessoribarnehage'"
barnehagefakta.get - WARNING - Change in response for id=980125637, archiving old result
barnehagefakta - WARNING - The name from https://nbr.udir.no/enhet/980125637 differ from http://barnehagefakta.no/api/barnehage/980125637,"b'Stinal\xc3\xb8kka Kanvas-Barnehage'" != "b'Stinal\xc3\xb8kka kanvas-barnehage'"
barnehagefakta.get - WARNING - Change in response for id=873746882, archiving old result
barnehagefakta.get - WARNING - Change in response for id=974578638, archiving old result
barnehagefakta.get - WARNING - Change in response for id=973596683, archiving old result
barnehagefakta - WARNING - The name from https://nbr.udir.no/enhet/973596683 differ from http://barnehagefakta.no/api/barnehage/973596683,"b'Torvbr\xc3\xa5ten Kanvas-Barnehage'" != "b'Torvbr\xc3\xa5ten kanvas-barnehage'"
barnehagefakta.get - WARNING - Change in response for id=994264303, archiving old result
barnehagefakta - WARNING - The name from https://nbr.udir.no/enhet/994264303 differ from http://barnehagefakta.no/api/barnehage/994264303,"b'Utforskeren Kanvas-Barnehage'" != "b'Utforskeren kanvas-barnehage'"
barnehagefakta.get - WARNING - Change in response for id=981205502, archiving old result
barnehagefakta - WARNING - The name from https://nbr.udir.no/enhet/981205502 differ from http://barnehagefakta.no/api/barnehage/981205502,"b'Vard\xc3\xa5sen barnehage Sa'" != "b'Vard\xc3\xa5sen barnehage SA'"
barnehagefakta.get - WARNING - Change in response for id=991458476, archiving old result
barnehagefakta.get - WARNING - Change in response for id=974706202, archiving old result
barnehagefakta.get - WARNING - Change in response for id=974578743, archiving old result
barnehagefakta.get - WARNING - Change in response for id=915127479, archiving old result
barnehagefakta.get - WARNING - Change in response for id=976006739, archiving old result
barnehagefakta - WARNING - The name from https://nbr.udir.no/enhet/976006739 differ from http://barnehagefakta.no/api/barnehage/976006739,"b'Vollen Kystkulturbarnehage AS'" != "b'Vollen kystkulturbarnehage AS'"
barnehagefakta.get - WARNING - Change in response for id=874578622, archiving old result
barnehagefakta.get - WARNING - Change in response for id=973601849, archiving old result
barnehagefakta.get - WARNING - Change in response for id=981988779, archiving old result
barnehagefakta - WARNING - The name from https://nbr.udir.no/enhet/981988779 differ from http://barnehagefakta.no/api/barnehage/981988779,"b'\xc3\x85nnerudtoppen barnehage Sa'" != "b'\xc3\x85nnerudtoppen barnehage SA'"
