barnehagefakta.get - WARNING - Change in response for id=884962862, archiving old result
barnehagefakta.get - WARNING - Change in response for id=991642145, archiving old result
barnehagefakta.get - WARNING - Change in response for id=973484338, archiving old result
barnehagefakta.get - WARNING - Change in response for id=880202332, archiving old result
barnehagefakta - WARNING - The name from https://nbr.udir.no/enhet/880202332 differ from http://barnehagefakta.no/api/barnehage/880202332,"b'Ekholt barnehage Sa'" != "b'Ekholt barnehage SA'"
barnehagefakta.get - WARNING - Change in response for id=987456698, archiving old result
barnehagefakta.get - WARNING - Change in response for id=986974873, archiving old result
barnehagefakta.get - WARNING - Change in response for id=975301605, archiving old result
barnehagefakta.get - WARNING - Change in response for id=991391843, archiving old result
barnehagefakta.get - WARNING - Change in response for id=975296504, archiving old result
barnehagefakta.get - WARNING - Change in response for id=988725285, archiving old result
barnehagefakta.get - WARNING - Change in response for id=994558323, archiving old result
barnehagefakta - WARNING - The name from https://nbr.udir.no/enhet/994558323 differ from http://barnehagefakta.no/api/barnehage/994558323,"b'Kr\xc3\xa5ka Fus Kulturbarnehage AS'" != "b'Kr\xc3\xa5ka Fus kulturbarnehage AS'"
barnehagefakta.get - WARNING - Change in response for id=975301222, archiving old result
barnehagefakta - WARNING - The name from https://nbr.udir.no/enhet/975301222 differ from http://barnehagefakta.no/api/barnehage/975301222,"b'Refsnes barnehage Sa'" != "b'Refsnes barnehage SA'"
barnehagefakta.get - WARNING - Change in response for id=991371907, archiving old result
barnehagefakta.get - WARNING - Change in response for id=988391964, archiving old result
barnehagefakta.get - WARNING - Change in response for id=973073508, archiving old result
barnehagefakta.get - WARNING - Change in response for id=975301230, archiving old result
barnehagefakta.get - WARNING - Change in response for id=980241416, archiving old result
barnehagefakta - WARNING - The name from https://nbr.udir.no/enhet/980241416 differ from http://barnehagefakta.no/api/barnehage/980241416,"b'Smedhus\xc3\xa5sen barnehage Sa'" != "b'Smedhus\xc3\xa5sen barnehage SA'"
barnehagefakta.get - WARNING - Change in response for id=986979085, archiving old result
barnehagefakta.get - WARNING - Change in response for id=987001003, archiving old result
barnehagefakta.get - WARNING - Change in response for id=979626061, archiving old result
barnehagefakta - WARNING - The name from https://nbr.udir.no/enhet/979626061 differ from http://barnehagefakta.no/api/barnehage/979626061,"b'Verket barnehage Sa'" != "b'Verket barnehage SA'"
barnehagefakta.get - WARNING - Change in response for id=995029030, archiving old result
