barnehagefakta.get - WARNING - Change in response for id=1019638, archiving old result
barnehagefakta.get - WARNING - Change in response for id=1020514, archiving old result
barnehagefakta.get - WARNING - Change in response for id=1020131, archiving old result
barnehagefakta.get - WARNING - Change in response for id=1012784, archiving old result
barnehagefakta.get - WARNING - Change in response for id=1021602, archiving old result
barnehagefakta.get - WARNING - Change in response for id=1021239, archiving old result
barnehagefakta - WARNING - The name from https://nbr.udir.no/enhet/1021239 differ from http://barnehagefakta.no/api/barnehage/1021239,"Fagstadlia Fus barnehage" != "Fagstadlia Fus barnehage AS Avd Øvre"
barnehagefakta.get - WARNING - Change in response for id=1019774, archiving old result
barnehagefakta.get - WARNING - Change in response for id=1021741, archiving old result
barnehagefakta.get - WARNING - Change in response for id=1019694, archiving old result
barnehagefakta.get - WARNING - Change in response for id=1017601, archiving old result
barnehagefakta.get - WARNING - Change in response for id=1019750, archiving old result
barnehagefakta - WARNING - The name from https://nbr.udir.no/enhet/1019750 differ from http://barnehagefakta.no/api/barnehage/1019750,"Hovslageren Fus barnehage" != "Fagstadlia Fus barnehage AS Avd Nedre"
barnehagefakta.get - WARNING - Change in response for id=1021432, archiving old result
barnehagefakta - WARNING - Kindergarten "Hågåvegen Familiebarnehage" https://nbr.udir.no/enhet/1021432, returned 404 at http://barnehagefakta.no/api/barnehage/1021432. The kindergarten is probably discontinued.
barnehagefakta.get - WARNING - Change in response for id=1017745, archiving old result
barnehagefakta.get - WARNING - Change in response for id=1025362, archiving old result
barnehagefakta.get - WARNING - Change in response for id=1022191, archiving old result
barnehagefakta.get - WARNING - Change in response for id=1021769, archiving old result
barnehagefakta.get - WARNING - Change in response for id=1015450, archiving old result
barnehagefakta.get - WARNING - Change in response for id=1020079, archiving old result
barnehagefakta.get - WARNING - Change in response for id=1020300, archiving old result
barnehagefakta.get - WARNING - Change in response for id=1019995, archiving old result
barnehagefakta.get - WARNING - Change in response for id=1012787, archiving old result
barnehagefakta.get - WARNING - Change in response for id=1012785, archiving old result
barnehagefakta.get - WARNING - Change in response for id=1025331, archiving old result
barnehagefakta.get - WARNING - Change in response for id=1021128, archiving old result
barnehagefakta - WARNING - Kindergarten "Solsikka Familiebarnehage Gunn Monica Husom" https://nbr.udir.no/enhet/1021128, returned 404 at http://barnehagefakta.no/api/barnehage/1021128. The kindergarten is probably discontinued.
barnehagefakta.get - WARNING - Change in response for id=1015499, archiving old result
barnehagefakta.get - WARNING - Change in response for id=1020132, archiving old result
barnehagefakta.get - WARNING - Change in response for id=1021079, archiving old result
barnehagefakta.get - WARNING - Change in response for id=1016673, archiving old result
barnehagefakta.get - WARNING - Change in response for id=1016020, archiving old result
barnehagefakta.get - WARNING - Change in response for id=1012786, archiving old result
barnehagefakta.get - WARNING - Change in response for id=1012783, archiving old result
