barnehagefakta.get - WARNING - Change in response for id=1025721, archiving old result
barnehagefakta.get - WARNING - Change in response for id=1022012, archiving old result
barnehagefakta.get - WARNING - Change in response for id=1019559, archiving old result
barnehagefakta.get - WARNING - Change in response for id=1019553, archiving old result
barnehagefakta.get - WARNING - Change in response for id=1020634, archiving old result
barnehagefakta.get - WARNING - Change in response for id=1021744, archiving old result
barnehagefakta.get - WARNING - Change in response for id=1020909, archiving old result
barnehagefakta.get - WARNING - Change in response for id=1021931, archiving old result
barnehagefakta.get - WARNING - Change in response for id=1025442, archiving old result
barnehagefakta.get - WARNING - Change in response for id=1019555, archiving old result
barnehagefakta.get - WARNING - Change in response for id=1021063, archiving old result
barnehagefakta - WARNING - Possibly an invalid email: "ladehammerenfamiliebarnehage@ntbb.no -> False", removing
barnehagefakta.get - WARNING - Change in response for id=1021926, archiving old result
barnehagefakta - WARNING - 1014004, Unknown "eierform=Annet", fixme: consider using "erPrivatBarnehage=False"
barnehagefakta.get - WARNING - Change in response for id=1020148, archiving old result
barnehagefakta.get - WARNING - Change in response for id=1021282, archiving old result
barnehagefakta.get - WARNING - Change in response for id=1019552, archiving old result
barnehagefakta - WARNING - Possibly an invalid email: "gjertrud.forbord@trondheim.kommune.no.no -> False", removing
barnehagefakta.get - WARNING - Change in response for id=1021414, archiving old result
barnehagefakta.get - WARNING - Change in response for id=1021423, archiving old result
barnehagefakta.get - WARNING - Change in response for id=1016818, archiving old result
barnehagefakta - WARNING - The name from https://nbr.udir.no/enhet/1016818 differ from http://barnehagefakta.no/api/barnehage/1016818,"Studentsamskipnaden i Gjøvik, Ålesund og Trondheim" != "Sit Studentsamskipnaden i Gjøvik, Ålesund og Trondheim"
barnehagefakta.get - WARNING - Change in response for id=1019511, archiving old result
barnehagefakta.get - WARNING - Change in response for id=1016819, archiving old result
barnehagefakta.get - WARNING - Change in response for id=1016840, archiving old result
barnehagefakta - WARNING - The name from https://nbr.udir.no/enhet/1016840 differ from http://barnehagefakta.no/api/barnehage/1016840,"Studentsamskipnaden i Gjøvik, Ålesund og Trondheim Dragvoll barnehage" != "Sit Studentsamskipnaden i Gjøvik, Ålesund og Trondheim Dragvoll barnehage"
barnehagefakta.get - WARNING - Change in response for id=1019551, archiving old result
barnehagefakta.get - WARNING - Change in response for id=1020254, archiving old result
barnehagefakta.get - WARNING - Change in response for id=1022162, archiving old result
barnehagefakta.get - WARNING - Change in response for id=1021250, archiving old result
barnehagefakta.get - WARNING - Change in response for id=1021136, archiving old result
barnehagefakta.get - WARNING - Change in response for id=1020270, archiving old result
barnehagefakta.get - WARNING - Change in response for id=1021251, archiving old result
barnehagefakta.get - WARNING - Change in response for id=1021071, archiving old result
