barnehagefakta.get - WARNING - Change in response for id=976780086, archiving old result
barnehagefakta.get - WARNING - Change in response for id=975317684, archiving old result
barnehagefakta.get - WARNING - Change in response for id=980777871, archiving old result
barnehagefakta.get - WARNING - Change in response for id=991209557, archiving old result
barnehagefakta.get - WARNING - Change in response for id=913558499, archiving old result
barnehagefakta - WARNING - The name from https://nbr.udir.no/enhet/992760877 differ from http://barnehagefakta.no/api/barnehage/992760877,"b'Bekkevollen barnehage AS'" != "b'Norlandia Bekkevollen sprelloppbarnehage'"
barnehagefakta.get - WARNING - Change in response for id=990805466, archiving old result
barnehagefakta.get - WARNING - Change in response for id=973843605, archiving old result
barnehagefakta - WARNING - The name from https://nbr.udir.no/enhet/973843605 differ from http://barnehagefakta.no/api/barnehage/973843605,"b'Bl\xc3\xa5b\xc3\xa6rtoppen barnehage Sa'" != "b'Bl\xc3\xa5b\xc3\xa6rtoppen barnehage SA'"
barnehagefakta.get - WARNING - Change in response for id=975306011, archiving old result
barnehagefakta.get - WARNING - Change in response for id=988289388, archiving old result
barnehagefakta - WARNING - The name from https://nbr.udir.no/enhet/988289388 differ from http://barnehagefakta.no/api/barnehage/988289388,"b'Br\xc3\xb8ttet barnehage Sa'" != "b'Br\xc3\xb8ttet barnehage SA'"
barnehagefakta.get - WARNING - Change in response for id=981880676, archiving old result
barnehagefakta.get - WARNING - Change in response for id=995613514, archiving old result
barnehagefakta.get - WARNING - Change in response for id=975306038, archiving old result
barnehagefakta.get - WARNING - Change in response for id=973494651, archiving old result
barnehagefakta.get - WARNING - Change in response for id=978606156, archiving old result
barnehagefakta.get - WARNING - Change in response for id=973485377, archiving old result
barnehagefakta - WARNING - The name from https://nbr.udir.no/enhet/973485377 differ from http://barnehagefakta.no/api/barnehage/973485377,"b'Ekornheia barnehage Sa'" != "b'Ekornheia barnehage SA'"
barnehagefakta.get - WARNING - Change in response for id=991414258, archiving old result
barnehagefakta.get - WARNING - Change in response for id=975306046, archiving old result
barnehagefakta.get - WARNING - Change in response for id=974544237, archiving old result
barnehagefakta.get - WARNING - Change in response for id=975306062, archiving old result
barnehagefakta.get - WARNING - Change in response for id=991702253, archiving old result
barnehagefakta.get - WARNING - Change in response for id=974544245, archiving old result
barnehagefakta.get - WARNING - Change in response for id=975306070, archiving old result
barnehagefakta.get - WARNING - Change in response for id=980003698, archiving old result
barnehagefakta - WARNING - The name from https://nbr.udir.no/enhet/980003698 differ from http://barnehagefakta.no/api/barnehage/980003698,"b'Kjerraten barnehage Sa'" != "b'Kjerraten barnehage SA'"
barnehagefakta.get - WARNING - Change in response for id=994616315, archiving old result
barnehagefakta.get - WARNING - Change in response for id=911696037, archiving old result
barnehagefakta.get - WARNING - Change in response for id=975306089, archiving old result
barnehagefakta.get - WARNING - Change in response for id=974544261, archiving old result
barnehagefakta.get - WARNING - Change in response for id=890147712, archiving old result
barnehagefakta.get - WARNING - Change in response for id=997700953, archiving old result
barnehagefakta.get - WARNING - Change in response for id=990049130, archiving old result
barnehagefakta.get - WARNING - Change in response for id=974544253, archiving old result
barnehagefakta.get - WARNING - Change in response for id=974142791, archiving old result
barnehagefakta - WARNING - The name from https://nbr.udir.no/enhet/974142791 differ from http://barnehagefakta.no/api/barnehage/974142791,"b'Nlm Barnehagene AS Avd Tryggheim barnehage Drammen'" != "b'Nlm barnehagene AS Avd Tryggheim barnehage Drammen'"
barnehagefakta.get - WARNING - Change in response for id=975306119, archiving old result
barnehagefakta.get - WARNING - Change in response for id=975306127, archiving old result
barnehagefakta.get - WARNING - Change in response for id=992828188, archiving old result
barnehagefakta.get - WARNING - Change in response for id=986620796, archiving old result
barnehagefakta - WARNING - The name from https://nbr.udir.no/enhet/986620796 differ from http://barnehagefakta.no/api/barnehage/986620796,"b'Skattekisten barnehage Sa'" != "b'Skattekisten barnehage SA'"
barnehagefakta.get - WARNING - Change in response for id=994358030, archiving old result
barnehagefakta.get - WARNING - Change in response for id=998572533, archiving old result
barnehagefakta - WARNING - The name from https://nbr.udir.no/enhet/998572533 differ from http://barnehagefakta.no/api/barnehage/998572533,"b'Solbergelva barnehage AS'" != "b'Norlandia Solbergelva sprelloppbarnehage'"
barnehagefakta.get - WARNING - Change in response for id=992536535, archiving old result
barnehagefakta - WARNING - The name from https://nbr.udir.no/enhet/992536535 differ from http://barnehagefakta.no/api/barnehage/992536535,"b'Solbergmoen barnehage AS'" != "b'Norlandia Solbergmoen sprelloppbarnehage'"
barnehagefakta.get - WARNING - Change in response for id=980050971, archiving old result
barnehagefakta.get - WARNING - Change in response for id=975306135, archiving old result
barnehagefakta.get - WARNING - Change in response for id=974544288, archiving old result
barnehagefakta.get - WARNING - Change in response for id=973494368, archiving old result
barnehagefakta.get - WARNING - Change in response for id=975306755, archiving old result
barnehagefakta.get - WARNING - Change in response for id=975322785, archiving old result
barnehagefakta.get - WARNING - Change in response for id=974631423, archiving old result
barnehagefakta.get - WARNING - Change in response for id=974544296, archiving old result
barnehagefakta.get - WARNING - Change in response for id=994251899, archiving old result
barnehagefakta.get - WARNING - Change in response for id=874544272, archiving old result
barnehagefakta.get - WARNING - Change in response for id=975324966, archiving old result
barnehagefakta.get - WARNING - Change in response for id=973346180, archiving old result
