barnehagefakta.get - WARNING - Change in response for id=973784811, archiving old result
barnehagefakta.get - WARNING - Change in response for id=973784765, archiving old result
barnehagefakta.get - WARNING - Change in response for id=986083081, archiving old result
barnehagefakta.get - WARNING - Change in response for id=975183408, archiving old result
barnehagefakta.get - WARNING - Change in response for id=974559935, archiving old result
barnehagefakta.get - WARNING - Change in response for id=989491024, archiving old result
barnehagefakta.get - WARNING - Change in response for id=973470000, archiving old result
barnehagefakta.get - WARNING - Change in response for id=992792507, archiving old result
barnehagefakta.get - WARNING - Change in response for id=972211095, archiving old result
barnehagefakta.get - WARNING - Change in response for id=976824512, archiving old result
barnehagefakta.get - WARNING - Change in response for id=989596691, archiving old result
barnehagefakta.get - WARNING - Change in response for id=873784822, archiving old result
barnehagefakta.get - WARNING - Change in response for id=973784757, archiving old result
barnehagefakta.get - WARNING - Change in response for id=991992782, archiving old result
barnehagefakta.get - WARNING - Change in response for id=983209432, archiving old result
barnehagefakta - WARNING - The name from https://nbr.udir.no/enhet/983209432 differ from http://barnehagefakta.no/api/barnehage/983209432,"b'Gjerpenshavna barnehage Sa'" != "b'Gjerpenshavna barnehage SA'"
barnehagefakta.get - WARNING - Change in response for id=973784803, archiving old result
barnehagefakta.get - WARNING - Change in response for id=984000685, archiving old result
barnehagefakta.get - WARNING - Change in response for id=974559927, archiving old result
barnehagefakta.get - WARNING - Change in response for id=974559889, archiving old result
barnehagefakta.get - WARNING - Change in response for id=974560119, archiving old result
barnehagefakta.get - WARNING - Change in response for id=973512706, archiving old result
barnehagefakta.get - WARNING - Change in response for id=972285676, archiving old result
barnehagefakta.get - WARNING - Change in response for id=974559854, archiving old result
barnehagefakta.get - WARNING - Change in response for id=989536338, archiving old result
barnehagefakta.get - WARNING - Change in response for id=976599292, archiving old result
barnehagefakta - WARNING - The name from https://nbr.udir.no/enhet/976599292 differ from http://barnehagefakta.no/api/barnehage/976599292,"b'Kn\xc3\xb8ttne Familiebarnehage AS'" != "b'Kn\xc3\xb8ttne familiebarnehage AS'"
barnehagefakta.get - WARNING - Change in response for id=973784749, archiving old result
barnehagefakta.get - WARNING - Change in response for id=973784838, archiving old result
barnehagefakta.get - WARNING - Change in response for id=994249622, archiving old result
barnehagefakta.get - WARNING - Change in response for id=974559900, archiving old result
barnehagefakta.get - WARNING - Change in response for id=983509347, archiving old result
barnehagefakta.get - WARNING - Change in response for id=973512692, archiving old result
barnehagefakta.get - WARNING - Change in response for id=890182852, archiving old result
barnehagefakta.get - WARNING - Change in response for id=994349864, archiving old result
barnehagefakta.get - WARNING - Change in response for id=995370530, archiving old result
barnehagefakta.get - WARNING - Change in response for id=992471174, archiving old result
barnehagefakta.get - WARNING - Change in response for id=993252557, archiving old result
barnehagefakta.get - WARNING - Change in response for id=990747644, archiving old result
barnehagefakta.get - WARNING - Change in response for id=974146231, archiving old result
barnehagefakta.get - WARNING - Change in response for id=989000470, archiving old result
barnehagefakta.get - WARNING - Change in response for id=973494732, archiving old result
barnehagefakta.get - WARNING - Change in response for id=990373930, archiving old result
barnehagefakta.get - WARNING - Change in response for id=979998627, archiving old result
barnehagefakta.get - WARNING - Change in response for id=974633213, archiving old result
barnehagefakta - WARNING - 974633213, Unknown "eierform=Annet", fixme: consider using "erPrivatBarnehage=False"
barnehagefakta.get - WARNING - Change in response for id=975189228, archiving old result
barnehagefakta.get - WARNING - Change in response for id=974559919, archiving old result
barnehagefakta.get - WARNING - Change in response for id=974336316, archiving old result
barnehagefakta.get - WARNING - Change in response for id=974183552, archiving old result
barnehagefakta.get - WARNING - Change in response for id=990451060, archiving old result
barnehagefakta - WARNING - The name from https://nbr.udir.no/enhet/990451060 differ from http://barnehagefakta.no/api/barnehage/990451060,"b'Varpet Familiebarnehage Ans'" != "b'Varpet familiebarnehage Ans'"
barnehagefakta.get - WARNING - Change in response for id=991497064, archiving old result
barnehagefakta.get - WARNING - Change in response for id=973784781, archiving old result
