barnehagefakta.get - WARNING - Change in response for id=975212289, archiving old result
barnehagefakta.get - WARNING - Change in response for id=994454420, archiving old result
barnehagefakta.get - WARNING - Change in response for id=975323528, archiving old result
barnehagefakta - WARNING - The name from https://nbr.udir.no/enhet/975323528 differ from http://barnehagefakta.no/api/barnehage/975323528,"b'Breidablikk Kulturbarnehage'" != "b'Breidablikk kulturbarnehage'"
barnehagefakta.get - WARNING - Change in response for id=884876532, archiving old result
barnehagefakta.get - WARNING - Change in response for id=975323536, archiving old result
barnehagefakta.get - WARNING - Change in response for id=916336101, archiving old result
barnehagefakta.get - WARNING - Change in response for id=976827910, archiving old result
barnehagefakta.get - WARNING - Change in response for id=873157232, archiving old result
barnehagefakta - WARNING - The name from https://nbr.udir.no/enhet/873157232 differ from http://barnehagefakta.no/api/barnehage/873157232,"b'Nlm Barnehagene AS Avd Tryggheim barnehage N\xc3\xa6rb\xc3\xb8'" != "b'Nlm barnehagene AS Avd Tryggheim barnehage N\xc3\xa6rb\xc3\xb8'"
barnehagefakta.get - WARNING - Change in response for id=993423246, archiving old result
barnehagefakta.get - WARNING - Change in response for id=994454439, archiving old result
barnehagefakta.get - WARNING - Change in response for id=985093474, archiving old result
barnehagefakta - WARNING - The name from https://nbr.udir.no/enhet/985093474 differ from http://barnehagefakta.no/api/barnehage/985093474,"b'Tjemslandshagen barnehage Sa'" != "b'Tjemslandshagen barnehage SA'"
barnehagefakta.get - WARNING - Change in response for id=975294579, archiving old result
barnehagefakta.get - WARNING - Change in response for id=998374103, archiving old result
barnehagefakta - WARNING - The name from https://nbr.udir.no/enhet/998374103 differ from http://barnehagefakta.no/api/barnehage/998374103,"b'Varhaug Idrettsbarnehage'" != "b'Varhaug idrettsbarnehage'"
barnehagefakta.get - WARNING - Change in response for id=975268330, archiving old result
barnehagefakta.get - WARNING - Change in response for id=875323512, archiving old result
barnehagefakta.get - WARNING - Change in response for id=975268322, archiving old result
